# Bundle file v0.3
26 857
558.877111 0.0 0.0
0.738916 -0.629425 -0.240473
0.187361 0.534755 -0.823974
0.647224 0.563792 0.513069
0.850440 2.359562 -2.528109
484.270997 0.0 0.0
0.912442 -0.361550 -0.191652
0.160789 0.747454 -0.644561
0.376292 0.557309 0.740142
0.961174 1.847341 -3.317308
-164.722018 0.0 0.0
0.903969 -0.154725 0.398623
0.088003 0.979600 0.180664
-0.418445 -0.128234 0.899144
-1.165869 -0.603388 -2.278443
859.260310 0.0 0.0
0.940948 -0.335393 0.046144
0.279080 0.691255 -0.666544
0.191656 0.640061 0.744036
0.016889 1.894713 -4.397025
-2143.790057 0.0 0.0
0.941706 -0.274262 -0.194858
0.217631 0.938273 -0.268850
0.256565 0.210770 0.943266
0.875155 0.757274 3.484329
50366.266130 0.0 0.0
0.822417 0.154176 0.547595
0.209078 0.813294 -0.542991
-0.529072 0.561055 0.636632
-1.195716 1.630114 -134.668392
471.336829 0.0 0.0
0.825385 -0.522260 -0.214441
0.240762 0.669168 -0.703028
0.510660 0.528639 0.678061
0.880763 2.074926 -2.971093
489.507122 0.0 0.0
0.778987 -0.507265 -0.368594
0.239516 0.783976 -0.572725
0.579492 0.357861 0.732205
1.342786 1.651471 -3.077750
1543.432011 0.0 0.0
0.804653 -0.484086 -0.343793
0.197686 0.764416 -0.613668
0.559869 0.425827 0.710787
1.253302 1.943181 -4.595635
96251.712830 0.0 0.0
0.823023 -0.484758 -0.296046
0.223752 0.755748 -0.615452
0.522081 0.440290 0.730463
1.098762 1.968356 -147.028486
435.259051 0.0 0.0
0.775964 -0.468632 -0.422214
0.206315 0.821098 -0.532196
0.596083 0.325856 0.733828
1.477401 1.631455 -2.811922
604.306501 0.0 0.0
0.678696 -0.658509 -0.325173
0.164092 0.567537 -0.806830
0.715853 0.494234 0.493241
1.104228 2.328470 -2.565506
56108.387850 0.0 0.0
0.853643 -0.456189 -0.251366
0.176937 0.707882 -0.683811
0.489884 0.539254 0.684995
1.001720 2.004406 -97.976661
517.604592 0.0 0.0
0.772729 -0.496808 -0.395059
0.209333 0.787042 -0.580297
0.599224 0.365713 0.712169
1.438266 1.689558 -3.018851
440.211937 0.0 0.0
0.817854 -0.516509 -0.253642
0.251496 0.717312 -0.649780
0.517557 0.467635 0.716556
1.024264 1.817724 -2.948432
451.017210 0.0 0.0
0.814598 -0.519095 -0.258788
0.224452 0.693516 -0.684585
0.534838 0.499576 0.681448
1.045447 1.875610 -2.930990
355.780183 0.0 0.0
0.818014 -0.541911 -0.192836
0.258068 0.645386 -0.718942
0.514056 0.538340 0.667785
0.829864 1.900488 -2.725842
297.205976 0.0 0.0
0.813341 -0.564355 -0.141353
0.247829 0.555901 -0.793445
0.526363 0.610310 0.592000
0.658421 2.136655 -2.451164
82.950470 0.0 0.0
0.678987 -0.642537 -0.355138
0.436185 0.742173 -0.508844
0.590525 0.190593 0.784190
1.349124 1.274353 -2.495203
568.795953 0.0 0.0
0.633739 -0.690614 -0.348463
0.167086 0.562052 -0.810049
0.755286 0.455136 0.471586
1.091071 2.331577 -2.414956
768.248087 0.0 0.0
0.623057 -0.668674 -0.405803
0.117365 0.592861 -0.796706
0.773321 0.448766 0.447865
1.247283 2.310516 -2.689126
281.488248 0.0 0.0
0.579762 -0.683537 -0.443457
0.190092 0.642714 -0.742148
0.792301 0.345972 0.502556
1.450002 2.153346 -1.922724
600.671981 0.0 0.0
0.675892 -0.609304 -0.414632
0.126246 0.649995 -0.749378
0.726108 0.454153 0.516249
1.386872 2.171623 -2.574384
470.112369 0.0 0.0
0.803217 -0.520534 -0.289631
0.180080 0.675649 -0.714892
0.567815 0.522056 0.636430
1.060279 2.033048 -2.785434
451.007452 0.0 0.0
0.808747 -0.494557 -0.318342
0.182765 0.725776 -0.663209
0.559040 0.478187 0.677357
1.314642 1.878690 -2.916625
206.344562 0.0 0.0
-0.635322 0.184931 -0.749778
-0.055575 -0.979335 -0.194460
-0.770245 -0.081876 0.632471
1.952793 0.626730 -1.441609
0.027146 -0.015303 2.962271
49 38 42
14 2 828 16.42 -29.24 4 674 116.45 -17.29 1 915 178.56 -25.66 3 597 68.68 -32.22 6 688 135.56 -4.16 7 1144 149.30 -26.25 12 703 167.22 -17.29 13 792 171.40 -22.07 14 451 161.24 -59.10 15 654 158.26 -80.00 24 691 197.08 -47.15 25 504 128.40 -26.25 10 868 160.65 24.51 16 532 143.33 -109.86
0.201629 0.139481 2.691489
127 126 136
2 2 195 122.50 66.50 4 404 174.42 76.78
-0.104612 0.113295 2.904718
122 108 70
24 2 440 -53.10 7.90 4 168 61.50 15.50 1 181 114.50 16.50 3 265 6.90 3.10 6 124 53.50 38.50 7 564 66.90 27.10 12 341 77.94 46.54 13 444 82.26 39.34 14 220 73.62 -5.30 15 125 70.50 -29.50 24 126 117.50 6.50 25 179 58.50 16.30 0 55 -0.50 2.50 8 666 72.18 138.70 9 669 67.86 161.74 10 485 69.30 94.06 21 77 11.50 30.50 22 190 21.30 29.50 23 171 36.90 9.10 11 158 5.70 16.30 16 100 55.50 -67.50 19 63 -35.50 13.50 5 261 123.30 43.90 20 91 -41.50 28.50
-0.039861 0.150993 2.899861
122 99 65
26 2 213 -34.50 28.50 4 309 81.30 36.70 1 158 139.50 36.50 3 252 23.70 23.50 6 98 73.50 63.50 7 239 87.50 52.50 12 204 101.70 73.90 13 144 105.50 65.50 14 339 95.22 17.62 15 277 94.50 -7.70 24 112 139.50 28.50 25 85 82.50 37.50 0 56 16.50 24.50 8 116 95.50 169.50 9 621 88.02 194.86 10 99 93.50 124.50 21 61 23.50 52.50 22 269 36.18 52.30 23 165 56.10 29.50 11 50 18.50 37.50 16 350 76.21 -49.08 19 58 -26.50 33.50 5 104 146.50 65.50 20 199 -33.90 48.70 17 155 57.90 -44.58 18 299 59.97 -36.29
-0.042772 0.150279 2.898945
96 72 46
22 2 423 -35.10 29.50 4 409 80.82 36.46 1 401 138.90 36.70 3 248 24.90 24.70 6 291 72.90 63.10 7 550 84.90 51.10 13 429 99.54 63.82 14 53 96.50 19.50 15 129 89.50 -8.50 24 413 139.86 29.26 25 163 81.30 37.90 0 57 13.50 23.50 8 412 94.50 169.90 9 766 91.76 196.30 10 308 88.50 123.10 21 146 23.70 52.30 22 53 35.50 52.50 11 51 16.50 36.50 16 108 76.50 -48.50 19 59 -24.50 33.50 17 125 57.20 -45.62 18 298 55.82 -36.29
-0.045943 0.138387 2.902794
84 68 20
24 2 425 -35.10 24.70 4 175 80.50 30.50 1 162 136.50 33.50 3 255 23.70 15.10 6 99 72.50 56.50 7 245 86.50 46.50 12 329 100.98 66.70 13 146 104.50 61.50 14 56 93.50 13.50 15 485 93.49 -14.52 24 116 139.50 22.50 25 248 80.82 32.14 0 58 16.50 17.50 8 121 93.50 161.50 9 871 93.15 177.29 10 460 93.78 115.66 21 64 23.50 45.50 22 56 36.50 46.50 23 167 57.30 24.70 16 96 75.50 -54.50 19 192 -23.10 27.10 5 105 143.50 62.50 17 95 59.22 -49.94 18 201 59.22 -35.54
-0.065313 0.126169 2.904425
97 82 52
17 2 214 -40.50 16.50 4 163 74.50 24.50 1 168 130.50 24.50 6 106 65.50 47.50 7 555 81.30 37.90 13 321 96.90 49.90 14 61 88.50 4.50 15 133 86.50 -20.50 24 309 132.90 15.10 25 167 72.90 24.70 0 60 12.50 11.50 8 656 88.02 151.66 9 629 82.26 174.70 10 482 85.14 107.02 22 69 32.50 38.50 11 52 16.50 24.50 16 97 70.50 -60.50
-0.020364 0.105145 2.913499
122 107 70
19 2 216 -20.50 13.50 4 177 91.50 23.50 1 172 150.50 21.50 6 114 90.50 45.50 7 559 105.30 30.70 13 448 122.58 42.22 14 218 113.94 -0.98 15 291 111.30 -25.70 24 135 157.50 9.50 25 86 95.50 21.50 0 62 39.50 7.50 8 681 113.94 143.02 9 455 113.70 165.10 10 492 111.06 98.38 21 152 46.50 31.90 22 197 57.30 31.90 23 57 76.50 8.50 16 220 95.70 -64.10 5 124 152.50 49.50
-0.047410 0.098426 2.913709
122 107 74
19 2 222 -29.50 8.50 4 179 82.50 16.50 1 451 138.90 15.10 3 113 29.50 4.50 6 302 80.10 39.10 7 567 94.50 25.90 13 449 111.06 36.46 14 239 102.42 -8.18 15 294 100.50 -31.70 24 314 146.10 4.30 25 181 83.70 15.10 0 66 29.50 1.50 8 772 100.40 135.82 9 775 98.68 160.01 10 586 98.68 90.89 21 81 37.50 26.50 22 79 49.50 25.50 11 58 32.50 14.50 5 116 143.50 44.50
-0.025589 0.093131 2.915697
114 99 62
24 2 450 -20.70 9.10 4 178 91.50 17.50 1 452 148.50 15.10 6 150 90.50 39.50 7 292 105.50 24.50 12 368 118.26 43.66 13 327 123.30 35.50 14 81 114.50 -9.50 15 295 111.30 -31.70 24 137 157.50 3.50 25 89 95.50 14.50 0 67 41.50 1.50 8 684 113.94 135.82 9 692 111.06 160.30 10 493 111.06 91.18 21 240 47.70 24.94 22 203 59.70 24.70 23 56 75.50 3.50 11 59 43.50 13.50 16 111 96.50 -69.50 19 64 -0.50 10.50 5 275 149.70 46.30 20 95 -8.50 21.50 17 35 79.50 -59.50
-0.063744 0.104863 2.820724
132 108 70
4 2 228 -71.50 1.50 4 174 81.50 36.50 3 354 24.66 24.94 18 333 58.72 -36.70
-0.155049 0.058238 2.911073
115 88 66
12 2 446 -61.50 -17.30 4 187 51.50 -6.50 6 320 45.30 13.90 7 340 58.50 -1.50 13 166 71.50 9.50 14 228 63.54 -32.66 15 305 60.90 -52.10 24 305 105.30 -17.30 0 80 -1.50 -20.50 23 184 28.50 -16.10 11 86 4.50 -7.50 19 209 -33.90 -8.90
-0.002489 0.068487 2.923464
117 95 64
20 2 230 -7.50 1.50 4 180 100.50 11.50 1 209 161.50 7.50 3 126 48.50 -1.50 6 155 105.50 31.50 7 591 119.70 15.10 12 370 134.10 30.70 13 451 138.42 24.94 14 150 130.50 -18.50 15 406 126.90 -39.86 24 319 171.30 -5.30 25 187 107.70 6.70 0 85 59.50 -6.50 10 495 126.90 78.22 22 213 77.70 13.90 23 107 91.50 -6.50 11 168 60.90 5.50 16 114 112.50 -77.50 19 76 16.50 1.50 20 106 7.50 11.50
-0.048433 0.033363 2.931787
94 79 48
21 2 251 -19.50 -15.50 4 192 87.50 -6.50 1 236 144.50 -10.50 3 143 35.50 -19.50 6 324 92.10 11.50 7 605 106.50 -6.50 12 242 119.70 7.90 13 344 123.30 1.90 14 164 114.90 -40.10 15 165 112.50 -58.50 24 177 154.50 -23.50 25 189 92.10 -11.30 0 93 48.50 -23.50 8 707 113.94 96.94 10 525 112.50 52.30 21 94 57.50 -4.50 22 106 66.50 -4.50 23 109 77.50 -24.50 16 133 97.50 -92.50 5 150 141.50 19.50 20 133 3.50 -5.50
-0.254720 -0.118134 2.919767
99 103 110
23 2 277 -68.50 -73.50 4 200 26.50 -60.50 1 271 75.50 -58.50 3 160 -15.50 -75.50 6 332 44.10 -47.30 7 378 52.50 -72.50 12 141 62.50 -71.50 13 228 68.50 -68.50 14 176 62.10 -98.90 15 186 56.50 -104.50 24 341 90.90 -72.50 25 113 29.50 -59.50 0 110 16.50 -68.50 8 304 56.50 6.50 9 331 52.50 16.50 10 236 54.50 -35.50 21 104 37.50 -58.50 22 117 32.50 -57.50 23 199 27.30 -72.50 11 104 24.50 -60.50 16 249 48.90 -127.70 19 333 1.91 -68.08 5 176 65.50 -37.50
-0.243497 -0.116828 2.922170
66 59 71
20 2 631 -64.62 -70.10 4 349 32.10 -59.30 1 280 83.50 -60.50 3 294 -14.70 -73.70 6 432 44.82 -47.06 7 635 58.50 -73.70 12 584 68.26 -73.61 13 578 67.57 -68.08 14 314 60.66 -97.46 15 423 63.54 -100.34 24 448 100.98 -71.54 25 293 34.74 -61.46 0 112 19.50 -69.50 9 584 57.30 16.30 21 102 40.50 -56.50 22 118 39.50 -58.50 23 114 27.50 -72.50 11 105 31.50 -60.50 16 130 48.50 -128.50 5 328 70.50 -38.90
0.165535 0.481235 3.027501
55 46 50
3 2 727 39.23 148.26 4 547 103.51 144.11 16 74 122.50 77.50
-0.050332 0.033503 2.931058
126 109 78
18 2 457 -19.50 -16.10 4 336 87.30 -6.50 1 603 142.74 -9.62 6 415 90.90 11.98 12 482 119.41 7.95 13 453 122.58 1.90 14 250 113.94 -39.86 15 427 111.06 -57.14 24 322 153.30 -23.30 0 175 47.70 -23.30 9 820 112.50 116.81 10 595 110.77 52.88 21 195 57.30 -5.30 22 281 64.98 -3.86 23 263 76.50 -24.02 11 170 52.50 -12.50 16 239 96.90 -92.90 5 311 141.30 19.90
-0.083985 0.027230 2.926777
80 38 12
17 2 615 -34.38 -19.70 4 337 76.50 -11.30 1 442 130.50 -14.90 3 284 24.90 -24.50 7 793 92.34 -11.06 12 484 103.86 2.76 13 567 107.32 -2.42 14 232 96.66 -42.74 15 414 93.78 -60.02 24 433 139.86 -26.90 25 191 78.90 -14.90 0 178 39.30 -26.90 9 900 97.29 110.94 21 196 47.70 -6.50 22 284 53.46 -6.74 23 204 68.10 -26.90 11 167 40.50 -16.10
-0.078406 0.016228 2.937190
123 93 73
20 2 475 -30.30 -26.90 4 339 75.30 -16.10 1 606 128.34 -19.70 3 292 33.30 -29.30 7 910 91.76 -17.97 12 497 109.04 -5.88 13 573 112.50 -11.06 14 254 105.30 -49.94 15 432 102.42 -68.66 24 435 149.94 -34.10 25 283 82.26 -21.14 0 187 38.10 -34.10 21 200 51.30 -16.10 22 345 53.75 -14.52 23 211 69.30 -35.30 11 240 40.50 -21.14 16 306 93.78 -100.34 19 216 0.90 -25.70 20 276 -7.02 -13.94 17 82 75.30 -84.50
-0.244285 -0.120490 2.921824
74 79 84
21 2 470 -65.10 -73.70 4 202 31.50 -61.50 1 279 80.50 -60.50 3 299 -15.90 -76.10 6 198 44.50 -47.50 12 397 70.74 -71.54 13 362 68.10 -68.90 14 255 62.10 -97.46 15 187 59.50 -104.50 24 197 96.50 -75.50 25 115 34.50 -61.50 0 191 18.90 -70.10 8 570 62.10 5.50 9 334 58.50 15.50 10 237 57.50 -36.50 21 203 40.50 -56.90 22 230 39.30 -58.10 23 212 34.50 -76.10 16 131 55.50 -128.50 19 136 1.50 -63.50 5 181 71.50 -39.50
-0.233870 -0.121404 2.927088
125 124 131
18 2 480 -60.30 -74.90 4 353 36.90 -62.90 1 698 84.85 -62.90 3 158 -11.50 -74.50 6 433 49.14 -48.50 7 645 63.30 -77.30 12 261 70.50 -72.50 13 477 75.06 -68.66 14 315 65.84 -100.92 15 426 64.98 -106.10 24 450 100.98 -77.30 25 202 39.30 -64.10 0 193 23.70 -72.50 21 261 39.06 -57.14 22 352 41.65 -61.17 23 338 38.20 -78.45 11 179 30.90 -60.50 5 421 75.06 -39.86
-0.064123 0.013948 2.935829
117 94 72
22 2 257 -22.50 -26.50 4 584 84.85 -13.48 1 695 138.42 -19.70 3 384 33.30 -28.34 7 911 100.40 -17.97 12 645 115.96 -1.87 13 572 119.41 -9.33 14 174 108.90 -50.90 15 551 109.74 -65.32 24 513 150.52 -33.52 25 278 88.02 -19.70 0 197 46.50 -34.10 9 1051 110.48 106.92 10 754 108.49 40.43 21 320 57.20 -14.52 22 346 65.84 -14.52 23 334 76.21 -33.52 11 292 52.02 -21.43 16 243 93.30 -101.30 19 332 10.55 -24.88 20 332 1.91 -16.24 17 44 80.50 -85.50
-0.244521 -0.131384 2.928824
134 132 138
22 2 281 -63.50 -79.50 4 204 34.50 -66.50 1 282 84.50 -66.50 6 200 46.50 -53.50 7 647 59.70 -80.90 12 263 66.90 -76.10 13 363 70.50 -73.70 14 177 64.50 -104.90 15 321 63.30 -112.10 24 353 99.30 -80.90 0 202 20.10 -76.10 8 722 63.54 0.46 9 338 60.50 10.50 10 420 59.70 -42.50 21 205 40.50 -61.70 22 232 41.70 -62.90 23 215 35.70 -82.10 11 109 31.50 -66.50 16 251 50.10 -134.90 19 223 0.90 -70.10 5 424 70.74 -47.06 20 145 0.50 -59.50
0.421081 0.469755 3.016698
112 103 102
2 2 135 128.50 145.50 4 129 167.50 158.50
-0.087400 0.095675 3.055980
134 113 81
2 2 453 -8.70 1.90 4 502 52.02 11.40
-0.005419 0.070776 2.930724
132 111 79
11 2 587 -8.46 1.90 4 414 99.54 11.98 1 583 160.02 7.66 3 134 48.50 -6.50 6 420 105.30 32.14 7 780 116.82 9.10 15 491 126.32 -40.44 25 259 106.74 7.66 8 787 126.32 115.08 23 254 90.90 -6.74 16 390 110.77 -76.72
0.747161 0.781801 3.401213
173 162 146
2 2 70 183.50 209.50 4 75 213.50 223.50
-0.278306 -0.113782 2.912118
117 109 121
17 2 716 -79.31 -73.27 4 197 21.50 -59.50 6 494 31.28 -45.62 7 1080 46.28 -74.03 13 630 55.82 -65.32 15 179 47.50 -99.50 25 364 22.64 -61.17 0 258 7.38 -67.22 8 875 43.38 9.33 10 761 43.79 -34.22 21 321 31.28 -54.26 22 297 28.98 -54.26 23 276 23.22 -72.98 11 296 22.64 -59.44 16 247 36.90 -125.30 19 288 -7.02 -61.46 5 175 63.50 -37.50
-0.231537 -0.125541 2.924668
116 115 123
21 2 471 -59.10 -73.70 4 203 37.50 -63.50 3 295 -11.10 -73.70 6 199 50.50 -48.50 7 387 63.50 -77.50 12 142 71.50 -72.50 13 229 75.50 -69.50 14 98 65.50 -101.50 15 188 64.50 -108.50 24 351 102.90 -77.30 25 118 40.50 -64.50 0 260 24.66 -71.54 9 585 64.50 15.10 10 418 64.50 -37.70 21 207 45.30 -59.30 22 302 44.82 -60.02 23 214 41.70 -77.30 11 247 36.18 -61.46 19 222 4.50 -66.50 20 144 6.50 -56.50 18 150 44.10 -72.50
-0.068690 0.025952 2.936890
137 94 69
13 2 704 -25.74 -23.16 4 516 81.40 -11.06 3 461 29.56 -24.88 12 636 110.98 0.62 13 631 115.96 -5.18 14 310 107.32 -45.62 15 430 103.86 -64.34 24 614 148.30 -24.26 25 349 84.85 -16.24 0 319 41.65 -28.34 22 446 53.75 -14.31 20 331 -6.73 -14.52 18 224 72.18 -60.02
-0.195304 0.102492 3.010680
105 93 46
2 2 755 -52.01 9.33 4 569 26.79 -1.04
-0.066548 0.013231 2.930321
88 54 28
20 2 826 -23.39 -24.26 4 629 83.61 -14.31 1 859 134.37 -17.29 3 462 33.01 -28.34 6 605 83.61 5.60 7 1137 101.52 -17.29 13 743 119.44 -5.35 14 446 110.48 -47.15 15 608 108.49 -66.56 24 686 149.30 -32.22 25 356 83.12 -21.43 0 372 47.53 -32.14 21 422 56.73 -11.32 22 453 63.70 -14.31 23 464 74.65 -32.22 11 366 51.26 -19.29 16 453 95.22 -98.50 19 369 10.20 -23.85 20 379 3.98 -13.48 17 139 79.67 -83.64
-0.239194 -0.127293 2.919646
130 130 135
14 2 831 -63.20 -76.52 4 580 35.09 -63.25 6 552 49.60 -46.66 7 999 62.04 -73.61 15 560 64.12 -106.79 24 571 101.44 -75.69 0 377 18.50 -69.47 21 365 45.45 -57.02 22 450 43.79 -59.10 23 469 38.82 -77.01 11 369 33.84 -61.59 16 444 51.67 -131.67 20 339 1.91 -57.72 17 141 39.92 -109.56
-0.024214 0.102775 2.912602
133 118 79
19 2 680 -20.56 13.13 4 410 90.90 23.50 1 673 148.79 20.04 3 440 36.47 9.68 6 597 88.58 45.41 7 1061 103.51 30.48 13 729 119.44 39.44 14 346 113.88 -3.11 15 597 110.98 -26.75 24 602 155.77 8.09 25 443 93.56 20.53 0 397 38.82 5.60 21 387 46.28 27.99 22 441 58.72 27.99 23 416 73.65 8.09 11 358 41.31 18.04 16 480 93.56 -64.08 19 392 -3.48 15.55 17 186 78.63 -56.61
-0.153080 0.031407 2.923803
114 90 76
19 2 707 -58.57 -28.34 4 576 53.75 -17.63 1 814 103.51 -16.80 3 520 -0.17 -30.07 6 589 48.77 0.62 7 1136 62.71 -14.31 13 742 74.65 -5.35 14 360 70.34 -46.66 15 606 66.19 -64.08 24 668 110.48 -29.24 25 403 57.90 -19.70 0 406 6.47 -31.73 8 974 67.48 85.42 10 802 62.71 42.42 21 360 16.42 -7.26 22 445 23.89 -9.33 16 385 53.75 -99.19 19 325 -25.74 -23.16 20 377 -31.27 -7.26
-0.029456 0.044439 2.879139
117 82 52
3 2 868 -23.89 -20.28 4 666 98.54 3.61 25 502 83.61 -11.32
-0.160273 0.106196 2.896371
131 101 63
10 2 865 -71.66 0.62 4 608 46.28 10.57 3 612 -11.35 -4.16 6 678 35.23 31.68 14 481 53.15 -11.32 25 498 38.82 12.57 0 428 -17.92 -2.36 23 495 17.32 6.59 11 410 -11.35 13.76 19 430 -50.76 9.58
0.039625 0.033960 2.953523
99 85 99
8 2 767 16.42 -11.41 4 509 117.68 -0.69 1 764 180.24 -7.26 3 525 68.26 -13.48 6 603 133.37 13.06 14 404 160.75 -39.19 24 685 200.06 -26.25 25 406 130.47 -7.26
-0.100243 -0.113176 2.953915
61 55 65
12 2 918 -14.93 -68.65 4 716 78.23 -57.90 1 923 135.56 -61.49 3 624 31.65 -68.65 6 690 96.15 -43.57 13 794 124.81 -68.65 15 690 114.06 -108.07 24 734 153.48 -79.40 25 548 85.40 -61.49 0 464 67.48 -72.24 11 421 74.65 -65.07 5 675 117.65 -32.82
1.076787 0.839156 3.689042
99 83 77
2 2 95 237.50 211.50 4 93 274.50 223.50
0.088723 0.294899 2.830138
31 29 34
2 2 745 -2.24 135.82 4 401 112.50 101.26
-0.235726 0.074203 2.878628
104 98 101
6 2 236 -94.50 -8.50 4 321 24.90 -2.90 1 157 69.50 -0.50 3 123 -32.50 -16.50 24 141 69.50 -5.50 25 173 11.70 -0.50
-0.071466 0.122272 2.903034
100 86 53
6 2 215 -42.50 15.50 4 165 72.50 23.50 1 170 127.50 23.50 7 558 78.90 35.50 24 292 130.50 13.90 8 660 83.70 148.78
-0.087596 0.120297 2.903625
119 105 73
15 2 438 -48.30 13.90 4 166 67.50 19.50 1 173 121.50 19.50 3 259 11.70 9.10 6 120 59.50 42.50 7 259 73.50 30.50 12 338 85.14 50.86 14 214 79.38 0.46 24 123 124.50 9.50 25 249 64.98 23.50 8 663 79.38 143.02 22 188 24.90 36.70 23 248 41.94 14.86 11 157 9.30 22.30 17 58 44.10 -55.70
-0.086481 0.028127 2.927492
127 90 72
19 2 254 -30.50 -21.50 4 193 76.50 -11.50 1 237 125.50 -12.50 3 149 25.50 -24.50 6 325 78.90 6.70 12 377 103.86 1.90 13 465 108.18 -2.42 14 161 93.30 -40.10 15 307 96.90 -61.70 24 345 140.10 -28.10 25 190 76.50 -13.70 9 814 96.95 109.90 10 518 96.66 46.54 21 248 41.94 -5.30 22 282 49.14 -5.30 23 205 63.30 -28.10 19 121 0.50 -19.50 5 154 126.50 16.50 20 123 -6.50 -8.50
0.029247 -0.022596 2.966121
48 37 41
15 2 476 18.90 -31.70 4 444 118.26 -19.70 1 260 182.50 -29.50 6 436 135.54 -6.74 7 800 151.38 -31.22 12 256 170.10 -20.90 13 475 171.54 -25.46 14 257 162.90 -64.34 15 558 161.58 -79.83 24 568 198.90 -46.66 25 287 131.22 -29.78 8 292 166.50 65.50 9 561 166.50 83.50 10 414 162.90 21.10 16 454 147.06 -110.94
-0.230201 -0.119488 2.923672
109 109 116
16 2 276 -61.50 -72.50 4 201 35.50 -60.50 1 281 87.50 -60.50 6 197 49.50 -46.50 7 385 64.50 -75.50 13 231 76.50 -68.50 15 425 64.98 -103.22 24 196 101.50 -74.50 25 116 38.50 -61.50 8 306 69.50 5.50 9 336 67.50 15.50 10 239 64.50 -37.50 22 119 44.50 -58.50 16 250 52.50 -127.70 19 137 4.50 -63.50 5 186 77.50 -38.50
0.079177 0.117185 2.910546
57 44 54
5 2 424 18.90 28.30 4 310 126.90 35.50 1 409 195.30 30.70 25 171 142.50 31.90 16 353 148.79 -54.26
-0.069944 0.104557 2.906805
113 93 59
10 2 451 -39.90 7.90 4 167 74.50 16.50 1 423 129.30 16.30 3 263 20.10 4.30 6 401 69.30 40.78 7 766 83.70 27.82 12 463 95.22 45.96 13 538 98.68 39.05 24 420 134.10 6.22 25 251 73.62 17.74
-0.285799 -0.113463 2.907740
113 108 120
9 2 267 -81.50 -72.50 4 348 21.30 -59.30 1 475 71.70 -58.10 6 430 31.86 -45.62 7 628 40.50 -72.50 13 693 56.24 -66.56 24 518 84.85 -73.27 25 199 20.10 -59.30 8 718 44.82 7.66
0.066137 0.106236 2.901644
90 84 92
3 2 806 13.93 20.53 4 658 122.43 30.48 3 615 74.65 17.34
-0.256630 -0.111997 2.919907
77 84 91
14 2 717 -67.21 -73.27 4 449 30.42 -61.46 1 612 76.50 -60.02 6 180 37.50 -44.50 7 377 49.50 -72.50 13 640 68.26 -67.39 15 506 58.93 -104.37 24 192 89.50 -72.50 25 200 34.50 -61.70 8 300 55.50 8.50 22 114 32.50 -54.50 11 178 23.70 -59.30 19 133 -6.50 -61.50 18 231 34.74 -68.66
-0.085767 0.475572 2.732026
51 49 54
3 2 658 -87.95 147.92 4 537 39.23 150.34 5 501 113.88 191.81
-0.026714 0.097003 2.911260
119 105 58
10 2 681 -22.28 9.68 4 411 89.46 19.18 1 675 147.06 16.59 3 361 36.18 6.22 7 980 105.59 25.92 12 556 118.03 44.58 13 619 122.18 38.36 14 352 113.88 -5.18 25 333 93.49 16.59 17 159 78.63 -57.02
-0.160003 0.022340 2.918605
107 74 66
15 2 818 -58.23 -26.75 4 519 52.02 -17.97 1 694 103.86 -19.70 3 450 -1.55 -31.80 6 544 49.60 1.04 7 1073 66.19 -16.80 12 572 72.41 -1.04 13 689 73.65 -6.84 14 298 65.84 -47.35 15 417 64.98 -65.78 24 616 108.49 -29.24 25 350 48.56 -19.70 22 343 26.10 -11.06 16 384 50.29 -99.19 18 146 38.10 -62.90
-0.005954 0.220118 2.857855
41 30 38
6 2 896 -36.43 67.51 4 605 83.61 72.78 1 722 149.13 77.76 3 610 28.07 60.34 6 665 74.65 106.92 24 710 146.31 71.09
-0.041567 0.146315 2.893593
73 49 27
17 2 753 -35.42 30.07 4 609 81.12 35.46 1 728 138.77 38.36 3 500 26.79 23.85 6 591 73.65 62.83 7 1060 88.58 50.39 12 613 101.03 72.78 13 675 103.51 65.32 14 388 96.05 18.04 15 674 96.15 -11.32 24 661 137.36 27.50 25 438 81.12 37.95 8 892 93.56 169.83 9 937 93.56 194.71 10 729 93.56 122.55 16 555 74.65 -50.74 5 607 137.36 60.34
0.082194 0.121645 2.907104
64 50 61
7 2 588 18.90 29.26 4 418 126.90 39.34 1 737 194.75 34.21 3 436 74.48 25.23 24 558 211.34 23.85 25 335 141.88 37.32 16 430 151.21 -48.73
0.067969 0.068160 2.928693
68 41 60
4 2 590 23.22 3.34 4 419 126.90 14.86 1 740 192.68 7.26 25 337 141.88 6.22
-0.132845 0.020132 2.923685
104 62 43
13 2 622 -45.90 -26.90 4 520 58.93 -17.97 1 751 115.96 -17.63 12 573 82.78 -3.11 13 566 84.85 -9.33 14 299 76.21 -47.35 15 500 74.48 -66.36 25 352 57.20 -21.43 9 1008 80.62 102.14 10 753 81.12 40.43 22 290 37.62 -12.50 23 333 41.65 -31.80 19 279 -18.54 -22.58
-0.077543 0.014633 2.941285
131 106 84
5 2 706 -24.01 -26.61 4 518 74.48 -16.24 1 755 128.40 -19.70 14 406 108.49 -49.15 25 503 83.61 -17.29
-0.097813 -0.104748 2.957469
77 71 83
6 2 714 -17.10 -66.36 4 526 77.94 -55.99 1 761 132.54 -59.10 15 433 115.38 -106.10 24 523 150.52 -78.45 25 366 86.58 -61.17
0.132549 0.395875 2.800125
77 70 78
2 2 848 2.99 129.02 4 548 120.10 139.97
-0.100870 0.053335 2.921093
51 32 16
15 2 823 -40.81 -11.82 4 626 68.68 -4.36 1 858 122.43 -5.35 3 563 13.93 -16.80 6 641 65.69 15.55 7 1134 80.62 0.62 13 781 96.15 10.18 14 442 86.59 -32.22 15 648 83.61 -50.14 25 501 68.68 -5.35 22 444 41.31 -1.87 23 463 50.76 -17.29 16 449 68.26 -86.06 19 364 -12.61 -13.48 18 221 47.70 -57.14
-0.095131 0.059218 2.922765
46 26 5
8 2 907 -40.01 -11.32 4 670 68.68 -2.36 1 903 124.81 -4.16 6 680 67.48 17.34 15 684 85.40 -50.74 25 540 71.07 -4.16 21 442 31.65 6.59 20 438 -23.89 3.61
-0.152116 0.660838 2.785888
59 54 51
2 2 23 -117.50 207.50 4 63 5.50 208.50
0.488009 0.696681 3.167943
79 18 25
2 2 56 127.50 195.50 4 250 160.50 210.70
1.000086 0.826649 3.622331
163 156 147
2 2 69 224.50 210.50 4 92 261.50 223.50
0.765879 0.785190 3.417503
81 76 57
2 2 71 186.50 209.50 4 76 217.50 223.50
0.706336 0.731529 3.348634
186 160 142
2 2 75 179.50 200.50 4 78 209.50 213.50
1.075677 0.824130 3.682798
64 53 45
2 2 96 238.50 208.50 4 267 275.70 220.30
0.522431 0.521289 3.118422
148 146 142
2 2 131 151.50 155.50 4 124 189.50 169.50
0.624500 0.584213 3.224478
155 151 151
2 2 137 173.50 170.50 4 262 207.30 181.90
0.555153 0.540309 3.151272
144 142 138
2 2 139 160.50 161.50 4 265 195.30 173.50
1.093481 0.674739 3.646433
45 31 26
2 2 141 254.50 175.50 4 113 292.50 188.50
1.082188 0.560655 3.599734
53 36 39
2 2 147 263.50 151.50 4 132 302.50 164.50
1.073316 0.543330 3.586552
141 131 128
2 2 149 264.50 147.50 4 134 302.50 161.50
0.627368 0.171293 3.090430
141 139 141
2 2 205 215.50 61.50 4 159 264.50 74.50
-0.197080 0.143826 2.884283
73 64 68
3 2 210 -87.50 15.50 4 305 30.90 24.70 25 161 22.50 27.10
-0.250005 -0.111310 2.917653
93 95 107
6 2 274 -67.50 -71.50 4 198 29.50 -59.50 6 181 43.50 -44.50 7 379 56.50 -72.50 24 194 95.50 -72.50 5 177 68.50 -37.50
-0.139650 0.674998 2.796826
109 105 101
2 2 307 -110.70 211.90 4 459 7.09 211.85
0.695882 0.689636 3.324180
113 112 80
2 2 336 179.70 190.30 4 549 211.34 204.25
1.086089 0.792345 3.680525
138 125 118
2 2 348 242.10 201.10 4 270 280.50 213.10
1.094765 0.690860 3.652872
108 100 92
2 2 352 252.90 179.50 4 112 291.50 191.50
1.095346 0.650899 3.639752
164 144 140
2 2 390 257.70 171.10 4 387 295.38 183.34
1.104424 0.618941 3.637142
153 141 139
2 2 391 262.50 162.70 4 277 299.70 177.10
1.063434 0.556903 3.582266
174 161 159
2 2 394 261.30 151.90 4 290 299.70 163.90
0.206129 0.139820 2.701073
115 114 125
2 2 430 126.90 65.50 4 302 174.90 77.50
1.081466 0.793521 3.676747
115 99 97
2 2 524 242.10 202.06 4 382 279.54 213.58
1.092577 0.666885 3.642892
37 18 18
2 2 527 255.06 174.70 4 114 293.50 186.50
0.208461 0.441983 2.854769
42 34 37
2 2 545 36.18 147.34 4 286 135.30 153.10
-0.049014 0.038452 2.936992
93 79 47
3 2 609 -19.98 -15.38 4 428 86.58 -5.30 24 510 152.24 -23.16
-0.076781 0.029138 2.934484
79 48 18
4 2 616 -28.62 -19.70 4 433 76.50 -11.06 12 570 109.74 3.11 24 511 140.15 -26.61
-0.309221 0.672097 2.739303
106 87 80
2 2 638 -177.80 204.94 4 536 -47.86 202.18
0.503538 0.509425 3.098592
167 165 161
2 2 667 147.06 153.10 4 554 186.46 166.92
-0.160657 0.098412 2.894969
137 110 73
4 2 683 -72.40 1.04 4 504 45.11 9.68 3 366 -11.34 -3.86 25 393 39.23 11.40
-0.161395 0.658395 2.781633
136 130 131
2 2 722 -120.43 206.32 4 535 1.91 206.32
1.090678 0.670659 3.642477
32 15 12
2 2 734 254.89 175.22 4 385 292.50 187.66
-0.029142 0.231329 2.862862
89 77 91
5 2 750 -45.78 69.46 4 604 76.14 75.27 6 578 61.21 107.62 7 1047 78.63 97.67 24 594 133.37 72.78
-0.045291 -0.022244 2.959733
77 61 71
3 2 775 -6.39 -34.22 4 587 91.07 -23.85 25 461 96.05 -34.22
0.069766 0.075096 2.910154
77 57 73
3 2 809 21.40 5.60 4 614 125.91 15.55 25 447 140.84 8.09
0.633331 0.166349 3.095154
133 126 134
2 2 812 215.49 60.34 4 498 266.29 71.88
-0.186145 0.112285 3.008362
103 88 56
2 2 863 -50.76 12.57 4 568 28.86 3.11
-0.059819 -0.020769 2.950756
94 79 85
4 2 871 -11.94 -35.21 4 632 88.58 -24.26 3 566 38.82 -39.19 5 587 133.37 -1.87
0.028589 -0.008599 2.959840
49 34 34
7 2 875 14.93 -29.24 4 586 118.03 -17.63 3 569 68.68 -31.73 6 683 131.98 -0.57 7 1201 149.90 -25.66 24 732 196.48 -39.99 25 543 131.98 -25.66
0.545451 0.179721 3.020422
98 95 107
2 2 898 189.31 63.92 4 701 246.64 74.67
0.075884 0.124790 2.907045
79 66 76
5 2 912 17.32 31.68 4 655 122.43 39.44 6 672 135.56 63.92 25 528 139.15 35.26 5 574 183.14 65.32
0.066765 0.072851 2.922684
80 64 77
4 2 914 20.90 6.59 4 662 125.41 15.55 25 506 140.34 6.59 5 619 179.16 42.42
-0.068756 0.390435 2.649692
114 98 108
2 1 48 103.50 176.50 6 17 23.50 203.50
0.032044 0.346495 2.846727
92 65 77
2 1 102 153.50 133.50 13 43 98.50 187.50
0.049117 0.312778 2.858426
112 95 105
2 1 107 165.50 119.50 7 155 93.50 149.50
0.021895 0.304401 2.874202
108 90 102
2 1 112 152.50 108.50 24 92 146.50 107.50
0.002782 0.259599 2.880037
106 89 100
2 1 128 147.50 87.50 24 100 144.50 82.50
-0.041952 0.147075 2.906950
106 85 41
7 1 160 138.50 34.50 6 390 73.62 58.06 7 762 88.02 47.98 13 430 98.10 60.94 15 130 94.50 -8.50 10 100 88.50 121.50 21 62 24.50 49.50
-0.055935 0.135190 2.908301
108 88 55
7 1 164 132.50 28.50 7 552 83.70 41.50 13 533 96.95 49.42 8 654 89.46 155.98 10 463 86.58 111.34 22 58 34.50 44.50 11 152 16.50 24.70
-0.048397 0.124276 2.903183
76 57 28
8 1 167 137.50 25.50 6 103 74.50 50.50 12 332 100.98 58.06 13 322 105.30 49.90 14 62 97.50 4.50 8 657 95.22 151.66 9 628 93.78 177.58 10 329 93.30 107.50
-0.022715 0.100623 2.909643
137 117 85
15 1 175 150.50 19.50 6 146 91.50 43.50 7 286 106.50 29.50 13 324 123.30 41.50 14 146 114.90 -2.90 15 136 112.50 -26.50 24 310 156.90 10.30 0 159 39.30 7.90 8 782 112.50 144.46 9 644 112.50 167.50 10 589 110.77 97.80 21 153 48.90 29.50 22 74 60.50 29.50 16 109 96.50 -65.50 17 34 79.50 -56.50
-0.059652 0.116783 2.919942
67 51 3
2 1 176 132.50 18.50 7 561 83.70 29.50
-0.010510 0.193336 3.047018
146 124 90
2 1 197 150.50 7.50 6 123 67.50 39.50
-0.062295 0.073502 2.935351
96 48 26
2 1 206 135.50 -0.50 14 155 99.30 -26.90
-0.016918 0.065241 2.915073
165 133 103
2 1 210 155.50 6.50 24 318 165.30 -5.30
0.154192 0.091935 3.011075
136 121 131
4 1 216 239.50 3.50 6 418 178.74 33.58 24 184 255.50 -16.50 23 192 165.30 -19.70
-0.146368 -0.018224 2.825634
146 105 77
3 1 231 108.50 -7.50 14 153 80.10 -25.70 17 10 62.50 -55.50
-0.085255 0.039740 2.925404
118 98 55
2 1 233 128.50 -9.50 6 323 75.30 11.50
-0.111543 0.033808 2.931267
150 96 89
4 1 244 118.50 -15.50 15 167 83.50 -61.50 24 162 126.50 -27.50 16 123 68.50 -96.50
-0.065772 0.025260 2.936862
143 100 78
4 1 246 137.50 -15.50 7 358 100.50 -12.50 24 165 147.50 -30.50 23 101 70.50 -30.50
0.098939 -0.115261 3.120722
126 109 125
2 1 289 227.50 -109.50 6 205 184.50 -88.50
0.064780 -0.184648 3.085804
120 109 128
6 1 290 207.50 -118.50 6 340 171.30 -100.10 24 577 240.37 -150.34 8 829 214.45 -47.35 9 979 217.98 -36.70 10 700 213.42 -96.42
-0.050921 0.372079 2.740441
101 99 99
3 1 328 111.30 156.70 15 86 51.50 123.50 24 45 106.50 155.50
0.026985 0.256872 2.846748
117 100 110
2 1 375 156.90 91.90 13 595 120.10 144.11
-0.012290 0.262679 2.874100
61 33 49
2 1 377 140.10 88.30 24 278 136.50 83.50
-0.147922 0.187692 2.802212
93 81 92
2 1 390 89.70 64.30 24 282 93.30 57.10
-0.062024 0.139252 2.894851
51 35 8
3 1 393 129.30 31.90 7 551 80.10 45.10 8 652 86.58 160.30
-0.082882 0.122701 2.913770
40 24 1
3 1 421 122.10 19.90 6 297 59.70 42.70 24 293 124.50 10.30
-0.159286 0.083936 2.918852
135 109 81
6 1 434 93.30 -1.70 3 122 -10.50 -15.50 6 411 36.18 19.18 12 470 57.20 23.50 13 546 60.66 16.59 24 427 96.66 -11.06
-0.103663 0.047116 2.927105
96 69 42
4 1 439 120.90 -8.90 7 601 80.10 -4.10 8 697 83.70 98.38 5 152 124.50 18.50
-0.122616 0.046132 2.952216
124 81 62
2 1 443 112.50 -18.50 24 330 117.30 -30.50
-0.022083 0.104712 2.909936
164 143 107
4 1 447 149.70 19.90 15 489 110.77 -24.88 24 417 157.14 10.54 0 289 38.20 7.95
-0.081902 0.023807 2.915642
155 109 91
3 1 459 131.70 -12.50 3 146 25.50 -21.50 14 248 100.98 -38.42
0.147650 0.077228 2.976065
134 118 129
2 1 464 233.70 6.70 6 312 177.30 36.70
-0.257290 -0.120853 2.900664
74 63 80
2 1 472 77.70 -55.70 24 337 94.50 -70.10
-0.249660 -0.130313 2.913573
52 50 64
3 1 476 80.10 -60.50 7 384 60.50 -75.50 23 118 34.50 -76.50
0.010741 0.321049 2.853490
133 106 120
2 1 527 145.62 118.54 13 491 93.49 168.65
0.007008 0.264842 2.926205
52 38 39
2 1 552 149.94 78.22 24 660 143.33 72.28
-0.040596 0.143862 2.910869
87 65 27
2 1 567 138.42 32.14 12 546 99.37 63.24
-0.026252 0.117953 2.908779
50 25 3
2 1 569 147.06 24.94 14 285 109.04 2.76
0.081098 -0.068892 3.008984
132 115 131
2 1 608 210.42 -55.70 24 453 233.46 -78.74
-0.093800 0.373047 2.699063
69 58 66
3 1 638 93.49 158.28 6 444 14.00 185.93 15 528 37.16 125.45
0.035801 0.305832 2.861073
102 79 91
2 1 646 159.16 113.36 7 948 89.00 144.11
-0.013118 0.258885 2.867713
65 35 53
3 1 656 140.15 89.16 6 380 62.10 117.10 24 404 136.98 83.98
-0.204569 0.176049 2.890490
88 76 90
4 1 663 67.57 30.41 6 470 1.91 52.88 15 542 16.42 -11.41 16 349 1.91 -50.80
0.083372 0.036353 2.928000
119 112 120
2 1 682 202.36 1.04 3 453 86.58 -4.15
-0.014599 0.061600 2.942386
110 76 45
2 1 691 157.43 -2.42 3 455 46.84 -11.06
-0.054110 0.030238 2.929120
176 143 112
6 1 693 143.60 -11.06 7 989 105.59 -5.18 9 1004 113.47 114.09 10 750 110.98 50.39 21 316 55.48 -4.15 23 331 76.21 -24.88
-0.169433 0.210776 2.812804
91 79 92
3 1 723 78.63 67.39 15 482 31.28 26.96 24 489 79.67 59.79
0.083288 0.116194 2.714624
141 136 142
3 1 726 188.53 81.91 3 549 66.19 70.29 24 708 210.81 78.26
-0.381113 0.117066 2.842963
79 78 91
3 1 727 12.28 15.55 7 1185 -25.68 6.59 24 664 14.93 6.59
-0.249469 -0.116263 2.931077
130 125 139
7 1 762 78.63 -63.25 6 497 39.92 -49.08 13 755 68.68 -74.03 15 557 57.90 -106.79 24 572 95.22 -77.76 8 877 57.90 5.18 18 340 38.82 -74.03
-0.006305 0.353510 2.719358
68 52 52
2 1 772 133.37 154.90 3 543 6.47 130.01
0.038388 0.349096 2.860259
65 43 52
3 1 775 155.77 134.99 6 567 66.19 167.34 23 442 47.78 137.98
-0.024828 0.112645 2.918512
148 127 84
2 1 796 148.30 20.53 14 438 110.48 -2.36
0.084371 0.050003 2.944449
124 119 126
2 1 804 203.05 0.62 3 567 86.10 -4.36
-0.098812 0.059856 2.927073
74 49 33
2 1 811 120.93 -4.36 15 604 83.61 -51.63
0.025816 -0.003332 2.907893
120 101 110
2 1 912 178.56 -7.74 6 681 131.98 13.76
-0.234045 -0.093092 2.938602
102 90 107
6 1 919 81.82 -54.32 14 412 61.21 -96.42 24 628 96.05 -74.03 0 413 8.96 -69.05 21 425 35.83 -59.10 11 368 21.40 -59.10
-0.005982 0.065724 2.916993
71 53 34
2 3 115 48.50 -0.50 14 241 129.78 -18.26
-0.146978 0.119041 2.908494
122 94 63
5 3 118 -11.50 -4.50 7 583 47.70 22.30 13 445 60.66 33.58 14 222 50.58 -11.06 10 345 47.70 88.30
-0.114089 0.113248 2.916418
43 25 4
2 3 127 2.50 -2.50 14 69 67.50 -11.50
-0.044997 0.043945 2.912242
116 82 59
2 3 137 36.50 -10.50 14 156 114.90 -28.10
-0.130737 0.033247 2.933661
63 31 14
5 3 153 6.50 -29.50 12 366 80.82 -0.98 14 170 76.50 -46.10 10 522 70.74 42.22 5 302 117.30 11.50
0.066976 0.073719 2.864577
60 49 61
2 3 250 75.30 24.70 7 571 154.50 41.50
-0.041648 0.095543 2.908416
71 55 20
4 3 360 31.86 6.22 24 500 148.79 4.49 9 876 105.59 160.70 23 320 67.57 4.49
-0.008926 0.062577 2.913227
96 80 50
2 3 364 47.70 -0.98 24 508 169.52 -5.88
-0.009401 0.061041 2.916828
103 86 56
9 3 373 47.70 -2.42 7 779 119.70 14.86 14 304 129.78 -23.16 24 431 170.10 -5.30 0 311 57.20 -5.88 21 306 65.84 13.13 22 337 76.21 14.86 11 275 58.93 6.22 19 318 15.73 1.04
-0.079278 0.036196 2.922358
104 76 47
2 3 381 24.66 -21.14 7 988 93.15 -5.18
-0.083316 0.130423 2.908339
96 83 42
6 3 441 10.55 7.95 6 535 57.90 46.66 12 548 84.85 54.95 0 279 1.91 7.95 21 288 14.00 37.32 23 314 41.65 14.86
-0.143007 0.131233 2.927557
97 72 34
2 3 506 -10.53 -3.11 24 665 95.55 3.61
-0.015256 0.050835 2.900484
87 70 32
2 3 560 46.28 -1.87 14 482 128.40 -18.49
-0.238950 -0.113289 2.936792
102 101 115
5 3 573 -10.95 -74.03 15 653 59.72 -109.86 24 690 95.55 -80.00 22 486 35.83 -62.08 11 370 28.86 -64.08
-0.047208 0.146183 3.047421
80 48 23
2 3 620 28.07 -22.07 15 501 79.67 -66.36
-0.082709 0.379670 2.695217
85 88 87
2 6 19 16.50 191.50 15 233 40.50 132.70
0.119573 0.308548 2.761792
128 111 117
9 6 26 114.50 194.50 15 366 148.50 125.74 24 51 200.50 160.50 0 211 52.02 164.62 22 149 82.50 191.50 23 25 108.50 159.50 11 254 50.29 168.65 16 202 126.90 79.90 17 53 102.90 76.30
0.135006 0.307044 2.809251
102 90 96
4 6 33 123.50 181.50 15 372 157.14 114.22 11 23 48.50 157.50 16 287 138.42 68.14
0.030022 0.299304 2.870272
107 96 109
5 6 61 72.50 143.50 7 159 88.50 138.50 13 83 107.50 160.50 15 111 95.50 69.50 24 274 150.90 107.50
-0.054497 0.324688 2.859777
80 71 79
4 6 62 26.50 140.50 7 128 44.50 134.50 13 288 58.50 155.50 10 271 46.50 220.30
0.064296 0.270970 2.873290
110 84 98
2 6 72 95.50 136.50 7 192 110.50 131.50
-0.030252 0.139968 2.904485
79 59 30
5 6 109 79.50 59.50 7 244 94.50 47.50 8 631 98.10 166.06 21 63 32.50 47.50 22 55 44.50 47.50
0.077210 0.085309 2.895432
77 52 65
3 6 110 137.50 58.50 15 154 166.50 -16.50 0 73 92.50 19.50
-0.028862 0.134028 2.907503
113 95 60
5 6 111 80.50 56.50 7 247 94.50 45.50 14 215 103.86 9.10 9 636 100.98 183.34 21 66 32.50 45.50
-0.041516 0.131446 2.908643
115 97 59
3 6 112 76.50 53.50 13 147 106.50 53.50 10 103 94.50 111.50
-0.099239 0.084206 2.905028
113 90 61
2 6 129 61.50 30.50 24 144 124.50 -2.50
-0.091383 0.081444 2.901804
133 117 70
3 6 130 65.50 30.50 13 330 94.50 27.10 9 677 83.70 148.78
-0.104090 0.102563 2.931359
133 85 68
3 6 133 54.50 27.50 15 128 71.50 -40.50 24 148 117.50 -4.50
-0.139683 0.029160 2.928552
102 81 70
8 6 145 55.50 0.50 7 610 68.10 -16.10 12 365 77.94 -0.98 13 462 82.26 -5.30 14 169 74.10 -46.10 24 167 114.50 -31.50 8 702 70.74 82.54 9 826 67.57 101.26
-0.035681 0.097206 2.909470
120 102 61
2 6 148 85.50 41.50 24 127 151.50 6.50
-0.041996 0.106775 2.924520
126 107 82
4 6 149 80.50 39.50 14 147 102.90 -7.70 24 130 146.50 4.50 8 668 99.54 135.82
0.016771 0.171803 3.041724
121 104 68
2 6 153 87.50 31.50 14 242 115.38 -19.70
-0.043639 0.038628 2.941730
102 86 59
4 6 162 92.50 11.50 7 351 106.50 -6.50 14 87 115.50 -40.50 8 521 114.90 96.70
-0.288599 -0.132575 2.888391
60 57 64
2 6 179 35.50 -43.50 15 180 50.50 -99.50
0.116499 0.337681 2.759081
121 106 111
2 6 224 108.90 203.50 24 242 195.30 168.70
0.123354 0.300915 2.755422
84 86 86
3 6 231 119.70 189.10 24 392 204.66 154.54 22 361 86.93 189.73
0.103038 0.311209 2.898674
109 86 99
2 6 266 107.70 156.70 15 268 131.70 79.90
0.095768 0.305857 2.885353
135 115 125
4 6 267 104.10 155.50 15 389 131.22 81.10 24 273 186.90 119.50 23 238 88.02 119.98
-0.004260 0.255015 2.860273
98 81 92
9 6 273 66.90 120.70 7 725 83.70 111.34 12 298 96.66 140.14 13 513 102.13 130.64 14 208 92.34 78.22 15 392 89.46 46.54 24 405 144.18 83.98 10 442 89.46 196.30 23 307 50.29 87.44
-0.159821 0.090725 2.889659
116 84 68
4 6 289 35.70 28.30 13 447 62.10 26.38 8 675 52.02 124.30 9 680 47.70 147.34
-0.080355 0.128037 2.904490
99 85 54
2 6 295 59.70 47.50 7 557 74.10 35.50
0.034345 0.263302 2.869797
116 96 109
3 6 378 83.70 128.62 7 721 98.10 122.86 24 402 160.02 92.62
-0.059691 0.098621 2.935455
147 122 81
2 6 410 73.62 30.70 14 293 95.22 -17.97
-0.105868 0.043101 2.919925
105 80 49
4 6 413 66.42 11.98 13 549 95.22 4.49 8 796 84.85 97.80 9 898 84.85 119.23
-0.263848 -0.124963 2.893709
76 70 82
2 6 427 41.94 -41.30 7 630 56.10 -70.10
-0.114724 -0.163069 2.923809
55 53 67
3 6 438 100.98 -49.94 13 644 132.54 -75.69 15 435 118.26 -111.86
-0.063179 0.137333 2.897536
131 117 78
4 6 474 65.84 54.60 12 545 91.07 63.24 9 870 82.78 183.51 10 669 82.78 113.01
0.023743 0.127970 2.892102
86 77 80
4 6 476 105.59 64.97 12 451 138.42 66.70 14 338 132.54 21.77 15 540 130.47 -1.04
-0.271970 -0.153120 2.888430
71 74 81
3 6 495 43.38 -47.35 24 519 95.22 -75.00 10 820 56.73 -41.18
-0.242483 -0.137373 2.907365
112 111 125
2 6 496 50.29 -47.35 24 522 102.13 -75.00
-0.075774 0.370724 2.677767
49 50 54
3 6 503 22.64 193.88 15 563 46.28 134.99 23 283 15.73 170.38
-0.000556 0.320444 2.792163
115 95 106
3 6 507 59.97 160.70 12 517 91.07 189.73 13 655 93.56 179.78
0.075350 0.274891 2.871068
99 68 84
3 6 519 99.37 139.97 13 594 138.77 156.56 15 535 126.32 67.39
-0.237848 -0.056429 2.968272
91 91 95
2 6 551 33.01 -44.58 24 627 86.10 -74.03
-0.110718 -0.136298 2.935991
64 58 69
3 6 555 97.29 -44.58 14 369 118.03 -98.50 24 631 150.79 -79.00
-0.069891 0.389991 2.755760
70 68 73
3 6 559 13.93 187.25 15 570 36.33 125.04 24 582 93.56 157.39
0.027255 0.337112 2.892765
112 92 103
3 6 569 58.72 152.41 7 1032 73.65 147.43 13 708 92.57 179.78
0.007336 0.106483 2.852970
90 80 80
4 6 579 103.51 67.81 13 730 140.34 63.33 14 433 131.38 21.52 15 584 128.40 0.62
-0.149173 0.098814 2.931453
103 77 64
2 6 586 36.33 20.53 14 396 53.75 -26.75
-0.023026 0.123455 2.912770
42 22 0
3 6 596 86.10 50.39 15 594 106.00 -19.29 22 470 50.76 39.44
0.065997 0.003132 2.922394
115 116 121
2 6 601 148.30 18.04 24 566 215.49 -21.77
-0.252698 -0.104083 2.937849
120 120 125
2 6 610 38.82 -49.15 24 629 91.07 -76.52
-0.019485 0.221424 2.844885
55 40 45
2 6 626 68.68 108.12 7 1113 86.59 99.16
0.059563 0.079598 2.906446
96 87 95
8 6 630 131.38 51.38 7 1194 149.90 31.68 14 444 161.24 0.62 15 595 158.26 -24.26 24 675 200.06 12.57 23 459 119.44 9.58 16 531 140.34 -62.08 17 227 124.81 -54.32
-0.211954 0.399160 2.757505
114 118 119
2 6 655 -43.59 160.67 24 698 31.65 139.17
-0.046440 0.375323 2.764532
104 100 105
2 7 122 47.50 173.50 24 240 106.50 155.50
-0.060809 0.314635 2.838141
66 55 65
2 7 181 44.50 133.50 12 185 56.10 161.50
0.010091 0.177950 2.864247
88 73 84
2 7 237 107.50 80.50 12 63 122.50 101.50
-0.151820 0.105142 2.906818
118 88 63
3 7 265 48.50 16.50 13 329 62.10 27.10 14 70 53.50 -16.50
-0.106738 0.094759 2.919135
121 78 55
2 7 268 68.50 14.50 14 74 74.50 -19.50
-0.063885 0.112435 2.904935
103 90 49
4 7 282 85.50 32.50 12 86 96.50 49.50 8 428 90.90 143.50 10 111 88.50 97.50
-0.060806 0.108906 2.908316
35 16 1
3 7 285 86.50 29.50 24 125 137.50 8.50 9 456 89.70 163.90
-0.001271 0.082035 2.949178
137 116 83
3 7 296 116.50 15.50 24 320 167.70 -11.30 8 454 124.50 123.10
-0.019197 0.065699 2.919530
145 121 87
4 7 299 114.50 14.50 13 183 132.50 23.50 8 493 123.30 121.90 10 353 120.90 77.50
-0.015183 0.059039 2.926130
128 91 77
5 7 303 117.50 10.50 13 187 135.50 18.50 8 224 126.50 116.50 9 482 125.70 139.90 10 196 124.50 72.50
-0.010241 0.060371 2.935468
101 72 53
5 7 304 117.50 8.50 12 233 131.70 24.70 24 175 170.50 -11.50 8 501 128.10 112.30 9 486 126.90 135.10
-0.040860 0.055867 2.929707
130 104 75
4 7 307 105.50 4.50 12 108 118.50 19.50 13 189 122.50 13.50 10 388 111.30 66.70
0.069291 0.013360 2.957873
119 113 125
3 7 362 164.50 -8.50 12 128 182.50 1.50 13 205 184.50 -0.50
-0.063995 0.314870 2.833268
70 60 69
2 7 477 44.10 133.90 12 281 54.90 163.18
-0.007140 0.304520 2.801949
122 101 113
2 7 487 76.50 145.90 12 161 89.70 177.10
-0.025404 0.238021 2.845269
89 68 86
2 7 514 78.90 105.10 12 186 92.10 130.30
-0.072313 0.104371 2.905412
114 96 53
3 7 565 82.50 27.10 12 342 95.22 46.54 24 313 132.90 5.50
-0.116010 0.115684 2.914530
106 90 56
9 7 584 59.70 22.30 13 446 73.62 33.58 0 164 -7.50 -1.70 8 670 63.54 131.50 9 674 59.22 155.98 21 151 5.70 27.10 22 193 14.10 25.90 11 60 0.50 11.50 20 93 -45.50 25.50
0.126010 0.020200 2.895158
131 120 128
2 7 618 195.30 18.70 12 380 216.18 37.90
0.120079 0.005303 2.905661
96 78 92
2 7 622 194.10 9.10 12 383 216.18 26.38
0.142637 0.001986 2.928093
109 108 114
2 7 623 204.90 4.30 12 643 225.44 18.04
0.076366 -0.021948 2.875264
121 116 123
3 7 624 178.50 3.10 13 560 200.63 11.40 9 907 213.42 131.67
-0.236580 -0.100644 2.933656
90 82 100
2 7 633 56.10 -72.50 24 343 96.90 -73.70
-0.244583 -0.115531 2.924193
67 64 79
2 7 643 57.30 -74.90 24 349 96.90 -74.90
-0.236522 -0.122782 2.930712
128 128 130
2 7 646 60.90 -78.50 24 352 100.50 -78.50
-0.041364 0.277988 2.855338
95 89 96
2 7 723 62.10 118.54 24 403 119.70 91.18
-0.126780 0.299207 2.940957
109 116 124
2 7 750 3.06 92.62 12 201 11.70 107.50
-0.173769 0.206404 2.804007
94 85 101
3 7 751 30.42 75.34 15 394 31.86 27.82 24 399 80.82 60.94
-0.040622 0.148652 2.895837
110 95 60
7 7 760 88.02 52.30 12 437 100.40 73.61 13 525 105.59 64.97 14 210 93.78 17.74 15 590 93.56 -9.33 24 600 140.84 27.99 10 565 93.49 123.72
-0.109758 0.036093 2.929102
133 76 65
5 7 792 79.38 -11.06 12 363 89.46 3.34 13 461 93.78 -2.42 0 179 21.30 -28.10 10 517 82.26 46.54
0.051137 -0.059907 2.972473
118 111 121
3 7 802 170.10 -44.18 12 395 188.82 -35.54 10 416 182.10 5.50
-0.231923 -0.113944 2.948030
131 131 134
4 7 810 59.22 -80.18 13 366 70.50 -74.90 9 737 59.22 10.54 23 279 34.74 -81.62
-0.084508 -0.101676 2.981080
76 66 83
2 7 812 112.50 -75.86 24 355 155.70 -84.50
-0.123957 0.433935 2.983142
51 54 59
3 7 848 -44.75 144.46 13 487 -32.65 166.92 21 109 -264.30 217.90
-0.063357 0.316615 2.836814
74 66 74
3 7 853 43.38 134.09 12 513 55.82 162.78 13 587 59.97 154.48
-0.111047 0.058191 2.926252
36 19 5
4 7 894 76.21 -2.42 12 475 83.12 13.13 13 548 88.31 7.95 14 230 79.38 -34.10
0.071367 0.343672 2.818158
103 87 92
2 7 942 101.44 177.29 24 587 168.21 149.92
-0.074403 0.310441 2.815672
80 69 79
2 7 958 45.45 133.75 24 592 101.03 110.11
-0.224498 0.126454 2.937587
99 89 98
2 7 975 12.28 9.33 24 426 59.22 -11.06
-0.026003 0.163381 2.936144
58 40 14
3 7 978 89.00 52.88 13 616 105.59 65.32 14 477 92.57 6.59
-0.133653 0.036061 2.933451
117 89 74
5 7 993 68.26 -13.48 12 571 78.63 1.04 13 564 81.40 -5.88 14 233 73.62 -45.62 5 304 117.30 7.90
0.033299 -0.009872 2.952904
81 60 71
6 7 996 153.28 -21.77 12 702 170.20 -2.36 13 636 174.02 -13.48 8 810 166.07 75.34 9 1053 167.81 99.76 10 817 164.23 36.45
-0.243870 -0.131665 2.906624
115 112 128
3 7 1003 62.04 -75.69 13 641 74.48 -67.39 10 694 62.04 -36.29
-0.062281 0.319416 2.841940
86 81 88
3 7 1022 43.79 134.99 12 662 53.75 161.86 13 657 58.72 154.90
0.031548 0.393896 2.808739
90 79 87
2 7 1023 73.65 194.71 15 618 77.64 132.00
0.070959 0.348238 2.829082
68 49 55
2 7 1027 98.54 177.29 24 649 167.22 149.92
-0.067380 0.312500 2.831880
64 50 60
2 7 1041 43.79 132.50 12 596 53.75 162.36
-0.199223 0.040646 2.829761
67 39 7
2 7 1058 53.75 5.60 24 412 96.66 -0.98
-0.013991 0.061867 2.912464
124 104 74
4 7 1062 118.44 15.55 13 678 135.86 25.50 8 905 128.40 122.55 10 733 125.91 77.76
-0.015715 0.043075 2.923896
43 18 2
2 7 1063 118.44 3.11 15 549 126.32 -48.73
0.140593 0.004663 2.927753
110 108 116
4 7 1066 203.05 5.60 12 749 225.14 20.93 13 684 230.42 13.06 8 548 222.90 111.10
-0.072219 0.310081 2.825527
62 46 57
2 7 1103 44.79 132.00 24 654 101.52 108.12
-0.053749 -0.034786 2.948937
110 96 111
6 7 1145 116.45 -41.18 12 746 131.98 -25.66 13 745 131.38 -32.22 14 411 125.91 -69.05 15 613 120.93 -83.98 23 431 91.07 -51.63
0.068095 0.269614 2.867514
100 68 83
4 7 1161 114.06 132.00 13 765 135.56 153.50 15 668 124.81 63.92 24 657 176.17 102.14
-0.244119 0.366661 3.071214
106 113 132
2 7 1172 -93.76 71.09 12 673 -86.59 69.30
-0.013253 0.116216 2.935225
135 119 77
3 7 1186 103.32 31.68 13 775 121.23 42.42 8 962 110.48 142.75
0.115238 0.316524 2.780267
63 52 56
2 12 14 150.50 203.50 13 45 156.50 201.50
0.107318 0.295254 2.779148
119 100 106
2 12 15 151.50 194.50 13 393 158.58 189.10
-0.357030 0.760238 3.182279
83 85 108
2 12 34 -264.50 177.50 13 243 -275.10 214.30
-0.242324 0.364701 3.070302
74 82 93
2 12 81 -85.50 68.50 13 109 -85.50 89.50
-0.104216 0.109281 2.901064
106 93 47
2 12 87 78.50 45.50 14 66 73.50 -6.50
-0.082051 0.107624 2.909502
108 92 51
4 12 90 88.50 44.50 13 175 92.50 37.50 8 440 82.50 136.30 10 341 80.10 91.90
0.092382 0.068492 2.901896
116 105 113
4 12 93 188.50 48.50 13 197 192.50 40.50 8 139 184.50 147.50 9 168 186.50 173.50
-0.001879 0.070364 2.928323
99 78 51
5 12 105 135.50 30.50 13 184 138.50 23.50 15 146 127.50 -40.50 24 171 171.50 -5.50 9 473 129.30 145.90
0.139784 0.010511 2.898496
118 102 112
3 12 123 224.50 31.50 13 206 228.50 24.50 17 224 128.40 -39.99
-0.381660 0.719303 3.153964
81 82 89
2 12 174 -261.90 168.70 13 245 -270.30 204.70
-0.160302 0.495348 3.015097
84 84 84
2 12 177 -74.70 151.90 13 486 -74.12 192.84
-0.100076 0.115484 2.907405
103 89 44
6 12 223 77.70 46.30 13 174 82.50 38.50 8 437 71.70 137.50 9 774 67.57 161.74 10 338 69.30 94.30 23 51 37.50 8.50
-0.051647 0.090479 2.899988
138 115 83
4 12 224 107.70 45.10 13 326 111.30 36.70 14 80 104.50 -7.50 20 405 -10.95 25.50
-0.007326 0.064477 2.921167
116 93 53
2 12 232 134.10 30.70 13 351 138.90 23.50
0.134885 0.035707 2.943515
96 79 89
4 12 235 215.70 24.70 13 358 220.50 16.30 8 477 208.50 123.10 9 506 210.90 145.90
-0.039938 0.058963 2.931989
140 107 70
4 12 241 118.50 19.90 13 342 122.10 13.90 9 696 112.50 132.94 23 79 75.50 -15.50
0.114267 0.315084 2.778911
75 64 67
2 12 282 149.94 203.50 13 389 157.14 200.62
0.013316 0.297465 2.802189
99 84 94
2 12 287 102.42 176.14 13 398 106.74 167.50
-0.049909 0.147068 2.894192
131 115 68
3 12 316 96.66 71.02 13 437 100.98 62.38 10 457 88.02 121.42
-0.102979 0.074467 2.920737
135 88 66
2 12 357 85.14 23.50 14 227 80.82 -25.46
-0.051512 0.028244 2.928841
108 86 59
6 12 374 119.70 7.66 15 306 112.50 -59.30 0 194 48.90 -25.70 10 615 112.50 51.15 22 215 66.90 -5.30 23 202 77.70 -25.70
-0.072753 0.043982 2.940724
153 104 84
2 12 375 105.30 6.22 14 162 100.50 -40.10
-0.055460 0.045920 2.947028
140 104 67
2 12 376 112.50 6.22 14 249 108.18 -39.86
-0.022062 0.395935 2.815278
43 42 47
2 12 409 57.20 208.40 13 588 62.04 206.32
-0.221256 0.196990 3.015632
111 118 126
2 12 458 -17.10 28.68 13 674 -15.92 23.02
-0.086365 0.107129 2.892972
125 110 76
3 12 460 88.31 49.42 13 535 91.76 40.78 9 873 80.70 166.92
-0.083941 0.116412 2.915064
103 83 36
2 12 462 84.85 45.96 13 537 88.31 39.05
-0.085525 0.105733 2.933877
111 85 51
2 12 466 84.85 33.87 13 541 86.58 28.68
-0.388479 0.717657 3.161503
63 60 57
2 12 504 -265.59 164.85 13 646 -274.71 199.69
-0.031206 0.230756 2.848334
101 83 95
2 12 530 91.07 125.45 13 608 95.22 117.16
0.065279 0.084297 2.878658
90 74 83
2 12 547 171.94 63.24 13 679 175.68 55.36
-0.034817 0.112225 2.916682
85 72 20
2 12 551 109.74 48.73 14 345 105.59 -3.11
0.059952 0.090309 2.919957
91 80 88
2 12 552 161.58 48.73 13 681 168.21 45.41
-0.064524 0.031644 2.932567
81 43 12
2 12 569 113.88 5.18 14 308 107.32 -40.44
-0.090738 0.017166 2.935149
92 63 35
3 12 580 103.51 -5.18 15 503 96.95 -68.08 19 281 -1.26 -24.02
-0.167570 0.496708 3.013794
82 82 82
2 12 591 -78.13 152.41 13 702 -77.64 191.72
-0.000870 0.260079 2.852413
104 88 99
3 12 603 98.54 142.46 24 543 144.99 86.05 10 715 88.58 199.69
-0.147261 0.120225 2.910816
38 18 0
3 12 620 53.75 40.43 14 395 51.26 -11.82 23 411 16.42 5.60
-0.092533 0.123396 2.912188
85 72 31
10 12 625 78.63 47.90 13 676 83.61 40.43 14 397 76.14 -4.36 8 893 73.65 139.97 21 292 12.28 32.14 22 381 22.64 32.14 23 367 39.23 11.40 11 273 5.36 16.59 19 313 -36.11 14.86 20 260 -41.58 29.26
0.140104 0.018248 2.922949
100 82 96
3 12 641 220.47 27.99 13 625 225.86 19.70 24 565 254.89 -11.41
-0.079352 0.393874 3.013495
108 116 119
2 12 660 0.00 123.05 13 758 -7.76 153.50
-0.126512 0.133117 2.938735
102 76 37
2 12 681 56.73 39.44 13 734 59.72 33.47
-0.058264 0.085356 2.941693
111 69 42
2 12 690 101.52 24.51 14 401 98.54 -24.26
-0.081462 -0.082035 3.001507
65 52 70
3 12 706 122.43 -74.03 13 642 126.32 -69.47 24 524 153.97 -83.64
-0.222577 0.196939 3.013848
111 121 128
2 12 740 -18.51 28.09 13 733 -14.93 24.51
-0.013688 0.064867 2.916738
92 70 26
2 12 741 131.98 31.68 13 784 135.56 24.51
-0.091110 0.032607 2.941937
116 68 46
2 13 212 101.50 -5.50 14 92 93.50 -47.50
-0.066499 0.085368 2.917372
120 102 61
2 13 331 104.10 27.10 14 149 95.70 -17.30
-0.013320 0.073880 2.928258
122 101 55
3 13 334 131.70 24.70 24 170 165.50 -5.50 9 693 122.58 145.90
0.160353 0.086882 2.916108
135 124 128
2 13 441 224.82 60.94 24 503 257.65 20.04
-0.112722 0.027415 2.934116
95 70 49
4 13 464 92.34 -9.62 24 334 128.10 -32.90 21 181 33.30 -12.50 19 280 -11.34 -24.02
0.040223 0.271729 2.879982
111 95 106
2 13 659 118.44 144.94 24 542 161.58 94.35
-0.063555 0.138258 2.898377
91 78 39
4 13 724 95.55 57.35 14 435 86.59 9.58 15 636 83.61 -14.31 9 1026 81.82 182.17
-0.114428 0.053710 2.919695
112 88 54
2 14 160 80.10 -34.10 24 306 122.10 -18.50
-0.085348 0.036847 2.931384
88 50 25
3 14 165 95.70 -41.30 24 344 137.70 -25.70 23 201 60.90 -25.70
-0.079611 0.378410 2.698949
99 98 103
3 15 81 39.50 131.50 24 42 94.50 163.50 16 68 21.50 87.50
-0.060155 0.381144 2.743683
66 67 61
3 15 84 43.50 125.50 24 239 99.30 159.10 16 70 24.50 79.50
-0.305656 0.228882 2.613067
99 106 109
2 15 106 -0.50 67.50 24 272 46.50 94.30
-0.043934 0.131200 2.914427
69 56 25
2 15 132 94.50 -19.50 24 119 141.50 16.50
-0.143016 0.052967 2.950927
104 76 47
2 15 160 64.50 -65.50 24 329 107.70 -30.50
0.118891 0.303165 2.823842
123 106 110
2 15 265 148.50 103.90 24 255 201.30 138.70
-0.258687 0.263870 2.702358
106 112 115
2 15 269 -0.30 61.90 24 398 46.26 94.06
-0.089460 0.107079 2.931086
119 100 45
2 15 298 77.70 -37.70 24 300 123.30 -1.70
-0.150180 0.121928 2.912587
104 93 58
7 15 398 49.14 -32.66 24 411 96.66 3.34 0 239 -19.98 -2.42 22 192 2.10 27.10 23 250 16.02 4.78 11 162 -12.30 11.50 16 301 34.74 -70.10
-0.295130 -0.119752 2.890433
85 82 89
4 15 422 44.82 -96.02 24 444 82.26 -67.22 22 295 27.54 -48.50 11 175 18.90 -53.30
-0.023816 0.096372 2.918831
130 112 74
9 15 490 110.77 -31.80 24 501 155.70 4.49 0 238 40.50 1.90 21 298 43.38 25.23 22 336 58.93 25.23 11 274 41.65 14.86 16 300 95.22 -68.66 19 262 -1.26 10.54 18 102 77.50 -47.50
0.065962 0.066307 2.859370
74 49 65
2 15 680 164.23 -11.32 24 673 206.03 21.52
-0.137577 0.478725 2.536699
87 62 77
3 1 16 67.50 219.50 7 34 18.50 216.50 24 226 74.10 217.90
-0.254178 0.555433 2.641820
133 126 132
2 1 17 8.50 216.50 3 11 -115.50 181.50
0.397263 0.373701 2.837614
151 145 139
2 1 72 301.50 169.50 3 226 173.70 162.70
-0.069294 0.039128 2.938476
97 51 29
2 1 239 135.50 -12.50 23 92 66.50 -26.50
-0.156668 -0.102639 2.784489
126 89 65
2 1 251 114.50 -19.50 0 411 56.24 -6.84
-0.254556 0.556009 2.641073
140 133 139
2 1 299 8.10 216.70 3 173 -115.50 181.90
-0.067315 0.065683 2.900905
155 138 100
3 1 453 131.70 7.90 22 389 53.75 17.62 16 370 84.85 -75.00
-0.275356 0.550802 2.650469
50 44 48
2 1 493 0.18 210.70 3 393 -122.51 175.56
0.019109 0.294576 2.875289
106 91 102
2 1 539 152.82 101.26 0 33 -8.50 96.50
-0.191453 -0.036647 2.712349
114 51 48
2 1 560 98.10 9.10 23 409 53.75 18.04
-0.331549 0.500921 2.439911
38 33 39
2 1 620 3.64 211.85 24 223 8.10 205.90
0.224030 0.414821 2.817445
114 78 51
2 1 628 242.10 185.93 3 483 89.00 160.70
-0.049305 0.137919 2.921061
43 19 9
2 1 671 134.96 26.96 0 350 14.35 9.33
-0.132832 0.096024 2.916983
76 40 24
2 3 120 -1.50 -10.50 23 64 28.50 -3.50
-0.310135 0.196759 2.610874
108 111 120
2 3 347 -79.02 78.22 23 357 -18.83 90.20
-0.066909 0.114094 2.914172
99 85 34
3 3 362 20.34 4.78 22 272 36.18 30.70 16 299 72.18 -67.22
-0.455880 0.063701 3.018824
117 106 116
2 3 385 -113.58 -83.06 24 443 -19.98 -61.46
-0.230647 -0.121632 2.924880
107 109 121
5 3 466 -11.92 -75.00 8 818 67.57 4.49 22 409 45.45 -59.10 23 385 39.23 -75.69 5 546 76.56 -38.36
0.109332 0.278723 2.777954
133 116 126
5 6 65 116.50 172.50 14 31 149.50 136.50 24 69 200.50 136.50 22 174 84.90 169.90 16 81 128.50 61.50
-0.175727 0.083022 2.857376
126 99 65
2 6 127 34.50 33.50 9 465 45.30 155.50
-0.062939 0.008689 2.933228
114 85 64
2 6 165 90.50 1.50 22 109 66.50 -15.50
0.107266 -0.181554 3.070019
129 117 127
3 6 204 201.50 -83.50 14 179 234.90 -158.90 15 198 227.50 -173.50
-0.137112 0.101909 2.915542
116 78 60
3 6 290 42.90 27.10 23 176 26.10 -1.70 16 229 44.10 -76.10
0.138451 0.031989 2.955137
97 85 95
2 6 315 177.30 28.30 23 274 168.66 -19.70
0.089870 0.250879 3.293590
76 70 79
2 6 333 96.90 -43.70 7 904 67.57 -14.52
-0.228162 -0.130406 2.933010
106 104 115
4 6 337 51.30 -52.10 10 421 64.50 -42.50 23 119 39.50 -80.50 11 180 35.70 -66.50
-0.084027 0.043969 2.929077
107 91 57
2 6 414 75.06 11.98 8 698 95.22 98.38
-0.087552 0.120763 2.945285
118 102 57
2 6 484 57.20 30.41 23 252 37.62 -2.42
0.063245 0.341994 2.772321
83 62 71
3 6 511 82.78 191.81 14 374 110.98 157.39 24 583 165.72 157.39
0.341297 0.250174 2.796602
96 38 32
2 6 520 244.52 200.10 12 604 277.70 194.71
-0.040434 0.384603 2.749952
18 20 22
8 6 557 23.89 192.22 14 418 50.76 158.88 15 617 50.76 132.00 24 636 104.51 164.85 0 215 -44.46 160.30 23 284 19.19 168.65 11 134 -37.50 171.10 17 172 13.93 82.74
0.004934 0.382740 2.810597
75 55 64
3 6 558 43.79 189.73 14 419 68.68 155.89 24 637 125.41 155.89
-0.068197 0.314935 2.831494
75 65 73
3 6 561 26.38 139.97 13 709 59.72 152.91 14 382 48.77 102.64
0.217553 0.356659 2.973378
137 141 135
2 6 565 160.75 187.25 14 126 212.10 157.90
0.009171 0.107471 2.884486
89 80 80
2 6 590 103.51 65.32 9 779 133.24 179.02
-0.191247 -0.112050 2.621228
118 98 72
2 6 599 81.12 40.43 10 221 104.50 40.50
0.188928 0.222074 2.965541
115 120 123
2 6 633 173.19 114.09 14 432 217.98 66.31
0.270077 0.499453 3.617151
74 65 62
2 7 80 -161.50 175.50 13 20 -151.50 200.50
0.281242 0.496932 3.627707
94 78 79
2 7 81 -154.50 174.50 13 21 -142.50 199.50
0.286817 0.497388 3.637366
108 92 89
2 7 82 -172.50 173.50 13 14 -159.50 199.50
0.300772 0.490793 3.642903
105 113 104
2 7 89 -112.50 168.50 13 26 -95.50 192.50
0.116079 0.426852 3.156902
50 53 57
2 7 120 40.50 174.50 15 669 96.15 35.26
-0.083541 0.127435 2.912329
122 108 69
2 7 258 71.50 32.50 10 331 74.10 101.50
-0.061804 0.127855 2.901747
102 81 46
3 7 279 82.50 38.50 8 421 88.50 151.90 10 328 86.10 107.50
-0.070288 0.126005 2.905944
133 117 90
2 7 281 78.50 35.50 8 425 83.70 148.30
-0.018589 0.105597 2.925413
85 66 25
2 7 288 104.50 28.50 8 434 112.50 139.90
-0.055209 0.094905 2.937206
129 113 68
2 7 294 88.50 16.50 8 451 94.50 124.30
-0.042565 0.044609 2.957538
77 40 10
2 7 353 103.50 -8.50 8 524 111.30 94.30
0.003591 0.083309 3.061268
128 103 75
2 7 361 102.50 -18.50 21 101 31.50 -52.50
-0.297541 -0.129042 2.881874
79 71 85
2 7 374 45.50 -70.50 10 232 43.50 -32.50
-0.289591 -0.128277 2.898393
119 117 126
2 7 381 45.50 -74.50 8 305 49.50 5.50
0.276924 0.499060 3.627384
103 88 84
2 7 416 -173.10 173.50 13 254 -162.30 198.70
0.112228 0.312319 2.783616
38 25 26
2 7 437 130.50 174.70 24 383 197.46 151.66
0.283257 0.497688 3.644431
103 93 96
2 7 463 -215.10 149.50 13 65 -203.50 173.50
-0.060641 0.109299 2.910892
44 25 4
2 7 563 86.10 28.30 8 665 92.34 140.14
-0.134430 0.119041 2.927173
109 89 59
2 7 585 46.50 18.70 9 675 44.82 150.22
-0.047022 0.075305 2.915522
154 114 86
2 7 590 99.30 15.10 10 494 105.30 79.66
-0.004569 0.055591 2.948908
139 117 91
2 7 598 119.70 3.10 8 689 129.78 108.46
0.298012 0.487118 3.638701
105 101 101
2 7 713 -94.86 147.34 13 72 -78.50 170.50
-0.049583 0.098930 2.912811
120 100 67
2 7 767 93.78 24.94 0 237 27.54 1.90
-0.131546 0.124035 2.923250
139 118 80
2 7 768 47.70 22.06 9 804 45.11 154.83
-0.089539 0.102834 2.929477
96 78 39
2 7 770 72.18 17.74 8 777 76.21 125.45
0.106018 0.281241 2.781571
10 1 2
2 7 843 136.69 160.01 12 416 153.97 187.66
-0.057382 0.056856 2.958657
138 121 78
2 7 897 93.49 -5.88 9 954 98.54 117.57
-0.052166 0.030586 2.925793
135 115 82
3 7 912 105.59 -5.88 0 251 47.70 -24.02 10 683 111.81 52.88
0.293112 0.496455 3.643703
15 3 0
2 7 926 -172.27 175.22 13 582 -157.76 200.10
-0.156812 0.497579 3.017672
24 20 17
3 7 934 -85.18 169.00 12 295 -74.70 151.66 13 583 -74.82 191.81
-0.275330 -0.074525 2.924915
96 81 96
2 7 985 39.23 -65.32 22 407 14.35 -46.66
0.285140 0.497614 3.635116
53 40 34
2 7 1007 -170.20 174.80 13 647 -157.76 199.69
-0.229517 0.348086 3.057273
94 103 110
3 7 1040 -78.13 67.81 12 609 -73.16 67.81 13 720 -71.66 87.21
0.332961 0.464313 3.633291
102 105 98
2 7 1055 213.00 110.11 13 672 232.91 130.01
-0.110721 0.094488 2.918878
91 61 25
2 7 1130 65.69 15.55 21 305 15.73 13.13
-0.014348 0.068074 2.919557
132 112 78
4 7 1131 116.45 15.55 8 964 124.81 124.84 9 1031 124.81 146.34 10 796 125.41 78.26
-0.096335 -0.114870 2.964334
63 50 71
4 7 1147 110.48 -77.01 13 754 125.41 -71.04 14 448 119.44 -100.90 23 471 86.59 -82.99
0.105636 -0.181895 3.104097
128 114 130
2 7 1206 207.23 -136.73 8 956 229.92 -50.14
-0.129276 0.218034 2.885583
88 80 92
2 12 61 40.50 95.50 10 303 30.90 142.30
-0.156034 0.141311 2.924769
80 64 73
4 12 83 39.50 44.50 8 99 32.50 138.50 9 444 27.30 159.10 10 95 29.50 92.50
-0.050487 0.096043 2.906507
106 84 57
3 12 91 108.50 44.50 8 441 101.70 136.30 10 343 99.30 91.90
-0.112656 0.113125 2.920513
96 70 35
2 12 95 70.50 39.50 10 169 61.50 87.50
-0.132049 0.084541 2.928657
117 94 69
3 12 98 65.50 22.50 9 220 56.50 132.50 10 176 57.50 68.50
0.220695 0.428990 3.353983
123 91 59
2 12 102 90.50 31.50 13 653 103.51 187.25
-0.090941 0.102225 2.957092
121 92 52
2 12 107 77.50 22.50 10 174 70.50 77.50
-0.088261 0.028015 2.919325
134 97 65
2 12 112 105.50 7.50 9 535 98.10 114.70
0.157842 0.048369 2.933459
126 110 120
3 12 122 223.50 34.50 8 154 220.50 134.50 9 185 223.50 157.50
-0.130032 0.036364 2.938856
123 88 67
2 12 132 78.50 -1.50 10 218 70.50 41.50
-0.073076 0.120442 2.910957
114 99 67
2 12 221 88.50 49.90 9 631 79.38 167.50
-0.067129 0.110661 2.906594
122 107 68
2 12 222 95.70 48.70 10 336 87.30 96.70
-0.031465 0.088817 2.908415
111 94 66
2 12 225 118.50 42.70 10 344 111.30 90.70
-0.016110 0.052925 2.920277
50 23 0
2 12 234 134.10 24.70 10 197 126.50 71.50
-0.095770 0.032757 2.922934
143 105 82
6 12 246 98.10 3.10 10 514 89.46 50.86 21 176 40.50 -5.30 23 90 59.50 -25.50 19 100 -4.50 -16.50 20 119 -10.50 -5.50
-0.079891 0.032383 2.939676
156 102 91
2 12 247 104.10 1.90 10 395 96.90 46.30
-0.052845 0.379180 2.822980
36 31 32
3 12 278 47.70 193.42 13 41 50.50 187.50 24 46 94.50 146.50
-0.081937 0.128485 2.908688
107 93 49
2 12 320 83.70 53.74 10 584 74.48 102.99
-0.157275 0.077414 2.910241
115 89 72
2 12 353 57.78 23.50 9 893 47.53 133.75
-0.106261 0.061676 2.933069
122 85 58
3 12 360 83.70 13.42 9 811 76.21 123.72 10 491 76.50 59.50
-0.089802 0.039156 2.929748
126 99 60
2 12 362 98.10 7.66 10 515 92.34 50.86
-0.042160 0.155818 2.902131
110 96 49
2 12 438 96.95 71.88 8 748 90.04 168.65
-0.120984 0.071966 2.912769
116 76 48
2 12 472 76.21 23.50 9 808 69.30 135.82
-0.133811 0.070399 2.935223
98 72 50
3 12 474 67.57 13.13 9 895 57.90 123.38 10 681 59.97 59.10
-0.035812 0.109351 2.958941
146 105 73
2 12 481 103.86 23.50 21 160 27.30 19.90
-0.148785 0.091104 2.924097
126 99 82
3 12 544 57.90 23.85 10 665 49.60 69.46 19 269 -44.46 -3.86
0.011879 -0.050736 2.879148
129 124 135
2 12 578 182.31 1.04 8 808 178.16 83.98
-0.136904 0.122512 2.922010
107 86 45
2 12 629 56.24 40.43 10 727 46.28 87.71
0.034220 -0.002988 2.982445
50 31 28
2 12 646 165.72 -16.80 14 407 163.23 -64.08
-0.051730 0.132108 2.903633
29 9 3
2 12 678 98.54 60.34 10 789 89.58 111.10
-0.049533 0.108402 2.902376
116 102 46
2 12 679 104.51 51.38 10 790 98.54 99.16
0.138115 0.005367 2.925863
119 113 120
2 12 699 223.95 18.54 8 870 223.78 113.01
-0.293755 -0.062820 2.956000
67 54 72
3 12 704 23.89 -62.08 9 1017 8.96 21.52 10 814 11.94 -29.24
-0.038043 0.143115 2.891826
112 94 57
2 12 729 103.32 71.09 10 832 96.15 121.25
-0.124954 0.124874 2.931553
113 66 46
2 12 733 60.32 38.84 10 847 49.57 89.01
-0.034872 -0.018843 2.969934
100 79 96
4 12 754 135.56 -25.66 8 975 131.98 60.34 9 1052 131.98 78.26 10 863 128.40 17.34
-0.291227 -0.060277 2.954727
65 52 70
2 12 755 24.49 -61.49 10 864 13.74 -29.24
-0.064518 0.125365 2.896627
111 94 60
4 13 150 97.50 49.50 8 117 88.50 151.50 9 128 85.50 177.50 10 105 86.50 107.50
-0.026376 0.095981 2.902103
119 98 72
3 13 171 123.50 41.50 9 139 113.50 165.50 10 113 112.50 96.50
-0.110630 0.058730 2.923391
118 96 57
2 13 193 88.50 8.50 10 392 76.50 59.50
-0.033246 0.048803 2.960663
106 84 62
3 13 194 123.50 1.50 8 212 114.50 96.50 9 256 113.50 117.50
-0.061106 0.046940 2.949979
94 51 23
3 13 195 111.50 0.50 9 259 101.50 115.50 20 124 -11.50 -9.50
-0.076199 0.032032 2.940623
145 102 95
2 13 210 108.50 -3.50 8 211 100.50 89.50
-0.135915 0.023713 2.914602
101 69 50
2 13 211 86.50 -5.50 8 275 77.50 86.50
-0.123751 0.040041 2.949754
101 75 54
4 13 214 82.50 -7.50 8 533 72.90 83.50 9 708 69.30 102.70 10 400 70.50 41.50
-0.024396 0.096817 2.918746
110 92 49
2 13 450 122.58 36.46 9 784 110.77 160.01
-0.070987 0.019969 2.925539
135 90 71
2 13 468 115.38 -3.86 0 181 42.90 -28.10
0.058433 0.080062 2.905848
101 93 97
2 13 732 170.20 45.41 14 393 160.75 0.62
0.040318 0.001269 2.951356
112 93 114
2 13 750 173.19 -5.35 8 976 167.81 85.42
-0.063400 0.022414 2.952743
96 69 45
2 14 95 109.50 -50.50 9 715 106.74 101.26
-0.028467 0.089437 2.913899
107 91 56
5 14 148 113.70 -8.90 10 120 111.50 90.50 21 82 48.50 24.50 22 80 60.50 24.50 23 58 76.50 3.50
-0.106698 0.063981 2.926423
55 34 5
4 14 229 82.26 -32.66 8 794 77.94 102.99 21 171 23.70 4.30 23 261 47.70 -16.82
-0.068331 0.369779 2.761048
26 27 26
5 14 269 41.65 144.46 15 465 39.92 115.08 24 533 95.22 150.34 23 149 8.10 151.90 17 120 3.64 66.70
0.125121 0.328686 2.809337
76 67 72
5 14 323 147.06 154.48 15 532 147.06 123.38 23 390 106.00 157.39 17 150 103.51 75.69 18 293 101.44 65.32
0.117744 0.283101 2.798721
48 34 41
2 14 334 153.28 133.75 24 545 205.12 135.82
-0.055061 0.119902 2.921711
82 69 17
2 14 398 93.56 -4.36 22 383 37.16 30.07
0.073212 0.356898 2.848210
61 43 48
2 14 420 110.48 149.92 23 440 65.69 152.91
0.111594 0.271764 2.759679
27 16 22
2 14 428 152.29 137.98 23 481 114.06 142.75
0.126872 0.310004 2.756034
107 92 97
3 15 100 152.50 129.50 24 52 205.50 159.50 23 150 112.50 162.70
-0.080568 0.110169 2.916841
107 85 58
4 15 139 81.50 -31.50 0 68 10.50 0.50 11 56 15.50 14.50 5 132 134.50 43.50
-0.098148 0.090967 2.913313
112 94 44
2 15 141 78.50 -37.50 0 166 10.50 -5.30
-0.250728 -0.128533 2.927357
124 128 129
2 15 189 60.50 -110.50 22 121 37.50 -62.50
-0.216881 0.159463 2.735616
98 90 100
2 15 270 32.10 27.10 23 46 4.50 62.50
-0.007280 0.061106 2.916639
119 106 66
3 15 302 126.90 -40.10 0 172 58.50 -6.50 23 187 90.90 -6.50
-0.132934 0.109724 2.907210
79 64 32
2 15 544 59.97 -32.14 0 356 -8.46 -1.04
-0.166458 0.080999 2.917030
86 62 29
3 15 545 51.67 -46.66 0 369 -12.61 -15.55 16 375 38.20 -83.64
-0.320179 -0.069624 2.903620
74 66 79
2 15 555 26.79 -90.20 0 254 -17.10 -57.14
-0.114163 0.339611 2.672036
25 19 25
2 15 572 38.82 117.57 23 342 8.13 154.48
-0.271181 0.366760 2.633521
108 111 116
2 15 573 -20.90 112.60 0 383 -95.55 149.92
-0.351268 -0.106201 2.876426
66 58 73
2 15 611 26.38 -91.45 23 466 0.00 -62.08
-0.098387 0.348477 2.695366
27 21 25
3 15 620 38.82 117.07 23 438 8.96 155.89 16 545 20.90 74.67
-0.018762 0.112286 2.919970
129 110 68
2 15 639 110.48 -26.25 0 433 35.83 6.59
-0.019063 0.037698 2.917978
108 72 46
2 15 649 125.41 -50.14 0 436 59.72 -14.31
-0.054265 0.088561 2.924376
128 108 72
2 24 147 143.50 -3.50 23 66 63.50 -3.50
-0.110764 0.094931 2.916273
142 96 68
2 24 301 117.30 -4.10 23 177 38.10 -2.90
-0.146977 0.084026 2.922136
125 95 76
2 24 304 102.90 -12.50 22 209 12.90 10.30
-0.247840 -0.090546 2.936990
114 112 123
2 24 570 91.07 -75.69 22 228 26.10 -53.30
-0.112408 0.261828 3.172035
47 29 42
2 24 669 53.75 -35.21 0 104 -104.50 -88.50
-0.036849 0.046989 2.942084
43 27 10
2 24 682 158.26 -23.27 0 405 46.28 -24.26
-0.046629 0.060193 2.910637
73 38 16
2 0 86 42.50 -8.50 23 74 74.50 -7.50
-0.029800 0.380496 2.779215
58 54 51
2 0 130 -45.90 156.70 22 10 -10.50 189.50
-0.254539 0.085965 2.914321
69 64 70
2 0 157 -45.90 -22.10 22 68 -21.50 6.50
-0.067045 0.086182 2.916788
95 78 34
3 0 168 24.90 -5.30 22 208 44.10 18.70 16 112 78.50 -75.50
-0.324858 0.043270 2.916666
90 78 88
3 0 176 -55.50 -38.90 22 105 -31.50 -11.50 11 80 -40.50 -23.50
-0.074242 0.036139 2.934821
109 72 54
2 0 180 35.70 -28.10 21 198 45.30 -8.90
-0.019548 0.097523 2.917486
99 87 40
4 0 294 39.92 2.76 22 398 62.04 25.92 19 314 -1.55 11.40 20 315 -10.19 23.50
-0.055372 0.088940 2.919583
29 17 0
3 0 306 27.83 -4.15 21 304 41.65 18.32 19 316 -17.10 4.49
-0.024282 0.031599 2.914263
122 98 71
2 0 314 60.66 -16.24 23 330 90.04 -16.24
-0.330886 -0.107801 2.893396
58 53 60
4 0 325 -10.19 -61.17 21 401 16.42 -44.17 22 448 13.93 -46.66 19 370 -20.90 -54.95
-0.113526 -0.138628 2.938623
64 62 76
2 0 329 69.30 -73.27 22 454 86.10 -66.56
0.057282 0.055719 2.670121
119 120 125
3 0 392 106.00 97.67 22 471 143.33 108.12 11 351 115.96 105.13
-0.041310 0.154166 2.902744
105 96 41
3 0 395 13.93 23.02 22 429 36.33 52.88 23 362 55.82 30.07
0.042352 0.064739 2.901969
69 63 67
3 0 400 81.12 5.60 22 442 101.03 25.50 11 362 81.12 18.04
-0.279603 -0.058952 2.926839
55 50 57
2 0 409 -10.95 -61.59 22 511 10.15 -43.57
-0.017695 0.044815 2.921462
118 91 57
4 0 412 58.72 -14.31 22 480 77.64 3.61 11 392 59.72 -2.36 19 400 16.42 -6.84
0.065393 0.079041 2.877751
67 48 60
2 0 429 89.58 24.51 23 453 125.41 21.52
-0.057366 0.022159 2.933546
115 87 64
2 0 438 47.78 -29.24 22 507 63.90 -11.32
0.087606 0.368223 2.837191
55 43 47
3 0 446 -0.60 153.50 22 462 29.86 191.72 11 374 0.00 161.86
0.119592 0.280895 2.751597
94 90 87
3 0 450 60.32 160.67 22 493 92.57 182.17 11 379 59.72 161.86
-0.146723 0.247955 2.932224
50 44 47
2 8 51 5.50 188.50 10 299 4.50 147.10
-0.113262 0.219374 2.911820
111 95 99
3 8 53 32.50 186.50 9 55 28.50 210.50 10 75 31.50 142.50
-0.151440 0.243329 2.934686
107 101 104
2 8 54 3.50 184.50 10 74 3.50 143.50
-0.173621 0.240917 2.941289
73 66 68
2 8 86 -8.50 177.50 10 67 -7.50 136.50
-0.195032 0.259410 2.966284
93 89 88
2 8 90 -31.50 174.50 10 304 -27.90 137.50
-0.086680 0.124921 2.908186
131 117 77
2 8 97 75.50 144.50 10 92 73.50 100.50
-0.090156 0.115927 2.890645
131 118 68
2 8 103 78.50 145.50 9 104 75.50 170.50
-0.049717 0.095764 2.908797
126 106 81
2 8 105 102.50 135.50 10 119 99.50 91.50
-0.089032 0.111303 2.911201
140 128 73
2 8 110 77.50 136.50 10 96 75.50 92.50
-0.069116 0.125963 2.905746
137 118 77
2 8 118 84.50 148.50 10 107 82.50 104.50
0.131681 0.055956 2.868435
143 123 125
2 8 130 216.50 156.50 9 437 219.30 183.10
-0.127467 0.125508 2.929734
135 113 85
2 8 182 51.50 131.50 10 97 48.50 89.50
-0.125710 0.073387 2.891516
149 94 76
2 8 191 72.50 119.50 9 122 69.50 143.50
-0.137027 0.092642 2.941754
122 99 73
3 8 197 52.50 109.50 9 221 48.50 131.50 10 175 49.50 68.50
-0.131268 0.072566 2.935078
126 98 85
3 8 201 62.50 103.50 9 224 58.50 124.50 10 391 59.70 60.70
-0.082575 0.088970 2.917605
139 127 70
2 8 207 85.50 124.50 9 470 82.50 147.10
-0.092075 0.091144 2.916511
151 130 78
2 8 208 80.50 124.50 10 184 78.50 80.50
-0.069861 0.080290 2.910950
153 134 87
2 8 209 95.50 124.50 10 186 93.50 79.50
-0.063333 0.077057 2.908693
138 113 74
2 8 210 100.50 124.50 10 187 97.50 79.50
-0.096758 0.046283 2.930168
155 126 80
2 8 220 88.50 97.50 9 253 85.50 118.50
0.124257 0.029136 2.895710
100 79 88
2 8 229 215.50 132.50 9 184 218.50 157.50
0.121612 0.015636 2.921770
121 102 108
2 8 236 213.50 116.50 9 192 216.50 139.50
-0.126862 0.040002 2.935766
124 86 65
2 8 264 73.50 88.50 9 232 70.50 108.50
-0.063684 0.012688 2.930648
132 102 82
2 8 276 113.50 86.50 10 222 110.50 40.50
-0.026927 0.045091 2.997329
97 75 53
2 8 279 113.50 82.50 9 552 110.10 101.50
-0.100795 -0.009995 2.890993
139 110 79
2 8 283 111.50 81.50 10 524 98.10 37.90
0.046147 0.002750 3.021068
99 77 88
2 8 293 159.50 63.50 9 722 160.02 81.10
-0.111399 -0.027458 3.089855
77 79 88
2 8 311 71.50 2.50 10 419 68.10 -40.10
0.148580 -0.159380 3.099828
135 117 129
2 8 356 248.50 -32.50 9 599 252.90 -18.50
-0.058343 0.139805 2.874197
157 136 86
2 8 413 90.90 167.50 9 411 88.50 193.90
-0.070167 0.132188 2.894662
147 129 87
3 8 420 83.70 154.30 9 626 80.82 180.46 10 327 81.30 109.90
-0.060798 0.112027 2.886231
122 102 61
2 8 424 95.70 149.50 9 422 93.30 174.70
-0.078733 0.116233 2.905563
156 132 106
2 8 429 82.50 142.30 10 333 80.10 97.90
-0.063666 0.106618 2.900142
41 21 9
3 8 433 93.30 141.10 9 452 90.90 166.30 10 337 90.90 96.70
-0.062676 0.092346 2.899649
67 49 22
2 8 442 98.10 135.10 9 463 95.70 159.10
0.124457 0.062777 2.850177
121 105 106
2 8 456 213.30 165.10 9 424 216.90 192.70
0.110614 0.060958 2.883728
108 89 91
2 8 462 201.30 150.70 9 652 203.22 176.14
0.051960 0.083450 2.901755
116 104 109
2 8 466 160.50 147.10 9 498 160.50 171.10
-0.294180 0.228183 3.039952
70 78 89
2 8 491 -85.50 119.50 10 322 -85.50 84.70
-0.142050 0.063561 2.902881
123 105 56
2 8 506 65.70 108.70 9 489 60.90 131.50
0.148775 -0.140965 3.077041
130 112 124
2 8 586 246.90 -14.90 9 593 251.70 0.70
0.119518 -0.135307 3.108162
112 94 110
2 8 595 224.10 -28.10 9 598 227.70 -13.70
0.119052 -0.149746 3.108433
136 119 135
2 8 598 227.70 -35.30 9 751 232.02 -21.14
-0.201480 0.272093 2.969364
26 25 26
2 8 620 -38.70 179.02 10 454 -35.82 141.58
-0.142795 0.253687 2.936591
26 21 23
2 8 624 4.50 190.54 10 650 3.98 150.34
-0.305091 0.242784 3.050992
99 108 117
2 8 648 -97.74 121.42 10 479 -97.74 86.86
-0.142783 0.111759 2.902476
132 113 83
2 8 669 50.58 131.50 9 673 46.26 155.98
-0.121165 0.086224 2.939814
139 112 86
2 8 680 63.54 109.90 10 490 60.66 68.14
-0.149912 0.058150 2.909823
155 133 118
2 8 695 62.10 102.70 22 393 22.64 5.18
0.117768 -0.097027 3.048071
135 120 127
2 8 728 221.94 13.42 9 741 226.26 30.70
0.140027 -0.137899 3.089398
114 96 107
2 8 733 239.22 -19.70 9 749 243.54 -3.86
0.120649 -0.148105 3.111594
137 120 136
2 8 736 227.70 -35.54 9 856 231.73 -21.43
-0.069751 0.115839 2.855758
26 2 0
2 8 750 95.22 160.01 9 767 93.49 187.66
-0.304870 0.234542 3.041078
37 51 66
2 8 762 -93.13 120.27 10 582 -91.40 85.71
-0.291023 0.219179 3.029455
86 94 106
2 8 763 -79.31 118.54 10 583 -77.58 83.98
-0.074222 0.031550 2.934610
71 12 3
2 8 802 102.13 92.62 10 608 100.40 47.69
0.075863 0.037899 3.027302
106 84 91
2 8 807 164.34 83.98 9 717 164.34 99.82
0.122743 -0.090511 3.058655
135 120 127
2 8 821 221.36 13.13 9 851 224.82 30.41
-0.148272 0.252593 2.928285
8 6 9
2 8 835 3.98 191.81 10 564 3.64 149.64
-0.145605 0.160971 2.922896
114 98 99
3 8 838 33.01 148.26 9 933 26.38 172.32 10 726 28.86 105.13
-0.019534 -0.015426 2.979391
95 72 88
3 8 878 138.77 63.24 9 839 136.69 77.07 10 623 133.24 18.32
-0.195938 0.272482 2.977318
97 89 93
2 8 888 -38.32 177.29 10 651 -35.42 142.04
-0.049799 0.079882 2.880620
143 126 78
2 8 894 110.98 137.48 9 941 110.98 162.36
-0.094925 0.117405 2.903823
63 46 24
2 8 926 74.65 140.96 10 791 71.66 96.17
-0.233413 0.159087 2.994313
116 119 128
2 8 934 -23.89 111.10 10 787 -26.87 72.28
-0.232781 0.142726 3.012347
110 119 126
2 8 935 -23.89 96.17 10 841 -25.68 60.34
-0.135185 0.083078 2.943597
31 13 7
2 8 937 56.73 105.13 10 800 53.75 63.33
-0.075147 0.072277 2.954042
44 13 9
2 8 938 86.59 105.13 9 1034 85.40 124.84
-0.168754 0.036111 3.131146
66 57 74
2 8 949 14.93 9.58 9 1059 10.15 20.93
0.027295 -0.017387 2.972605
56 35 36
3 8 979 164.23 71.09 9 1014 164.23 87.21 10 819 161.24 24.51
0.046281 -0.140131 3.107588
110 98 116
2 8 985 185.73 -36.41 9 1020 188.12 -29.24
-0.133940 0.252830 2.940307
102 96 100
2 9 53 0.50 213.50 10 298 4.50 150.70
-0.100604 0.073564 2.920181
148 104 70
2 9 140 77.50 135.50 10 198 77.50 69.50
-0.434354 0.465712 3.130026
73 72 81
2 9 382 -273.90 196.30 10 261 -267.90 174.70
-0.436278 0.463165 3.135059
56 52 59
2 9 383 -275.10 192.70 10 428 -270.54 171.82
-0.045011 0.103307 2.899187
71 49 7
2 9 451 101.70 167.50 10 334 101.70 97.90
-0.127301 0.087845 2.935063
157 130 101
2 9 487 56.10 132.70 10 384 57.30 69.10
-0.070764 0.030437 2.931955
78 33 11
2 9 536 102.90 114.70 10 394 104.10 47.50
-0.126220 0.041097 2.936652
129 88 63
2 9 540 70.50 108.70 10 396 70.50 45.10
-0.434939 0.468052 3.127572
91 88 97
2 9 607 -274.86 197.74 10 543 -267.66 177.29
-0.080570 0.127237 2.901114
104 85 45
2 9 630 75.06 173.26 10 483 76.50 104.14
-0.256276 0.245234 3.106192
100 108 119
2 9 663 -102.06 119.98 10 659 -97.62 88.13
-0.114001 0.044042 2.948942
150 128 107
2 9 706 73.62 107.02 10 397 74.10 45.10
-0.236161 -0.126530 2.920222
132 130 141
3 9 735 63.54 14.86 10 533 63.54 -36.98 21 204 44.10 -56.90
-0.032495 0.092049 2.904433
146 123 77
2 9 987 110.48 161.86 10 732 110.98 92.69
-0.076208 0.038589 2.946994
71 23 12
2 9 1005 95.55 111.10 10 751 96.05 47.90
-0.118508 -0.018599 3.092631
110 108 118
2 9 1018 62.71 15.55 10 763 61.21 -36.70
-0.083408 0.105288 2.902578
120 103 68
2 10 116 80.50 92.50 22 73 35.50 29.50
-0.215835 -0.127990 2.930955
85 83 90
2 10 241 68.50 -40.50 22 122 47.50 -62.50
-0.076289 0.103381 2.904212
120 104 54
2 10 342 86.10 91.90 23 53 51.50 6.50
-0.277126 -0.153582 2.880080
121 121 127
2 10 692 53.75 -38.36 22 233 45.30 -54.50
-0.082085 0.119364 2.917508
111 92 54
2 21 78 16.50 29.50 22 75 26.50 28.50
-0.070277 0.109175 2.913789
113 95 54
2 21 79 25.50 28.50 22 76 35.50 27.50
-0.055795 0.081862 2.917654
108 90 48
3 21 86 39.50 17.50 22 212 50.10 17.50 11 64 34.50 6.50
-0.108952 0.045854 2.918056
96 78 42
4 21 172 33.30 -0.50 22 211 39.30 -0.50 11 228 26.10 -9.62 19 95 -13.50 -12.50
-0.092745 0.027746 2.922051
121 84 51
3 21 249 44.82 -6.74 23 265 60.66 -26.90 11 233 36.18 -15.38
-0.059479 0.114458 2.916185
107 89 49
2 21 385 26.38 30.48 23 415 56.24 8.09
-0.079063 0.133711 2.914341
59 44 11
3 21 417 11.94 36.45 22 500 24.49 35.26 20 404 -40.81 32.97
-0.202741 0.122778 2.923914
81 72 80
3 21 438 -22.10 17.34 22 503 -22.10 13.76 19 397 -68.18 -1.87
0.122651 0.300797 2.748592
111 101 105
5 22 150 87.30 191.50 23 23 112.50 162.50 11 189 54.90 173.26 19 250 4.50 160.30 20 162 2.10 178.30
-0.071909 0.031927 2.930862
73 34 14
2 22 285 56.34 -6.74 23 267 67.86 -26.90
-0.073367 0.060678 2.917924
98 60 29
2 22 391 49.60 7.26 23 377 62.04 -11.41
-0.025185 0.053051 2.902443
70 57 23
2 22 479 74.65 15.55 23 462 86.59 -5.35
-1.472043 0.022203 1.405797
136 140 147
2 1 82 -112.50 123.50 15 76 -88.50 99.50
-0.480085 -0.759745 2.244900
77 66 83
2 1 273 77.50 -55.50 8 826 198.90 -45.62
-1.445889 0.047495 1.446008
125 130 138
2 1 508 -113.58 125.74 15 75 -90.50 100.50
-0.245705 -0.106771 2.923535
80 69 86
3 1 868 80.62 -56.11 11 395 20.90 -59.10 20 447 -5.97 -53.13
-0.282800 0.304138 2.696561
114 115 120
2 1 876 31.65 110.51 12 404 -34.38 191.12
-0.125320 0.117136 2.909716
62 45 15
3 6 584 43.79 35.46 11 321 -2.24 13.48 19 357 -43.71 11.40
-0.090775 0.126080 2.910359
121 108 66
2 6 598 56.24 42.92 11 356 6.47 20.53
0.281223 0.507028 3.652476
120 111 104
2 7 68 -287.50 169.50 13 7 -272.50 193.50
0.328809 0.489590 3.679213
86 77 75
2 7 85 -141.50 173.50 13 23 -97.50 194.50
-0.099281 0.028981 2.914291
144 96 83
3 7 354 86.50 -9.50 19 276 -1.26 -15.38 20 271 -11.34 -2.42
0.345708 0.250589 2.854663
150 135 121
2 7 456 257.70 179.50 12 421 274.93 168.65
0.008919 0.269146 2.892262
95 75 87
2 7 512 82.50 115.90 10 440 88.02 203.50
0.003739 0.174559 2.850544
87 71 80
2 7 517 106.50 81.10 10 306 114.90 151.90
-0.090214 0.062528 2.914623
127 82 70
2 7 596 82.50 5.50 19 85 -12.50 -5.50
0.110786 -0.064099 3.044758
133 116 132
3 7 639 194.10 -70.10 8 565 209.70 31.90 9 575 213.30 48.70
-0.372428 0.746097 3.169300
110 115 112
2 7 820 -283.21 187.66 12 266 -264.78 177.58
-0.382251 0.730682 3.163779
85 85 94
2 7 1006 -279.69 179.78 12 588 -264.76 172.32
-0.387493 0.718359 3.168290
36 28 35
2 7 1008 -279.69 172.32 12 589 -264.76 164.85
0.079034 -0.170676 3.103832
113 102 119
3 7 1084 190.61 -136.24 8 920 213.00 -46.66 9 1021 217.98 -35.21
-0.207047 0.069130 2.809135
136 110 74
2 7 1129 47.78 21.52 8 927 50.76 132.00
-0.016139 0.244777 2.869283
99 80 92
2 12 62 91.50 124.50 10 22 83.50 183.50
-0.559547 0.269022 3.376188
108 112 115
2 12 145 -261.50 -125.50 24 210 -188.50 -144.50
-0.133431 0.029593 2.931089
36 16 3
2 12 387 80.82 -2.42 19 105 -18.50 -23.50
0.308824 0.292641 3.118902
117 94 84
3 13 98 271.50 162.50 19 352 -4.31 17.62 20 363 -12.61 30.07
-0.058545 0.072532 2.942168
127 86 60
2 13 188 107.50 15.50 8 502 98.10 111.10
-0.365214 0.205724 2.557585
109 116 124
3 13 309 14.10 111.10 16 511 -20.90 33.47 17 179 -35.83 40.43
0.082811 -0.010712 2.897473
124 121 128
2 13 685 200.56 10.57 19 214 80.10 -5.30
0.036395 -0.011061 2.963959
104 88 102
2 14 96 167.50 -57.50 16 320 144.18 -113.30
0.210996 0.579127 3.529891
70 61 78
2 14 366 26.79 -83.98 24 727 253.81 -11.32
0.128525 0.350059 2.793656
107 91 97
3 15 59 143.50 137.50 16 201 124.50 91.90 17 91 103.86 88.30
0.135063 0.304309 2.785707
120 110 112
2 15 103 158.50 119.50 24 58 210.50 151.50
0.122666 0.293281 2.821464
76 62 67
2 15 105 152.50 101.50 16 83 133.50 54.50
-0.235627 -0.115923 2.941451
117 121 122
2 15 190 63.50 -111.50 16 132 50.50 -135.50
0.004031 -0.143679 2.634563
75 61 72
2 15 288 167.70 -11.30 8 546 232.50 120.70
0.166995 0.356057 2.776264
118 102 102
2 15 363 165.78 154.54 16 336 147.06 109.90
0.134033 0.307015 2.788116
114 105 108
2 15 370 157.14 119.98 24 249 209.70 151.90
0.122313 0.341957 2.779445
112 95 101
3 15 467 141.88 137.55 24 368 198.90 167.50 16 341 122.87 90.89
-0.330061 -0.074810 2.896728
72 64 78
2 15 504 26.10 -90.55 16 314 14.58 -114.74
0.120111 0.334650 2.763958
107 90 96
2 15 518 142.91 137.89 24 465 198.90 166.92
-0.060794 0.379365 2.773754
24 18 22
3 15 530 39.23 117.16 16 418 20.57 69.46 17 149 3.98 67.39
0.079616 0.369838 2.852142
68 51 62
2 15 619 110.48 120.06 16 546 88.98 67.51
-0.231173 -0.097124 2.944787
115 119 122
2 15 689 60.32 -108.07 16 567 49.57 -133.15
0.174174 0.436773 3.355984
115 99 110
2 24 138 224.50 3.50 23 275 1.62 -58.58
-0.326858 0.334271 2.519264
116 121 125
3 24 477 31.28 141.00 16 339 -36.11 77.07 17 147 -54.08 83.98
-0.122256 0.066772 2.883005
127 107 57
2 24 605 118.44 -1.87 19 395 -18.41 5.60
-0.123890 0.022666 2.928590
113 67 58
2 24 618 123.42 -31.73 16 452 66.19 -98.50
-0.014604 0.059489 2.911416
141 113 74
2 24 679 167.22 -5.35 11 363 58.72 5.60
-0.160947 0.093754 2.926912
101 84 55
2 24 714 96.15 -11.32 16 525 35.83 -82.99
-0.051634 0.096020 2.910574
110 96 50
3 0 162 28.50 1.90 11 160 32.10 13.90 16 222 83.70 -68.90
-0.096884 0.065883 2.928003
38 21 3
2 0 315 17.46 -19.70 11 284 22.64 -5.88
-0.109259 0.045280 2.921310
102 88 45
3 0 316 20.92 -23.16 11 286 24.37 -11.06 20 323 -18.83 -0.69
-0.503153 0.489988 3.077887
71 75 85
2 8 2 -274.50 204.50 10 33 -267.50 174.50
-0.508702 0.485955 3.085196
98 91 95
2 8 4 -277.50 199.50 10 35 -271.50 169.50
-0.349610 0.446875 3.037564
99 76 75
2 8 13 -181.50 220.50 10 5 -172.50 187.50
-0.353238 0.418537 3.059262
77 61 52
2 8 14 -179.50 198.50 10 41 -171.50 165.50
-0.248271 0.387066 2.992506
109 110 107
2 8 19 -103.50 221.50 10 9 -95.50 185.50
-0.307997 0.383736 3.035157
93 85 88
2 8 24 -141.50 195.50 10 50 -132.50 161.50
-0.259572 0.329737 3.023268
96 90 89
2 8 33 -96.50 181.50 10 59 -95.50 146.50
-0.166047 0.328028 2.947446
84 65 67
2 8 37 -33.50 220.50 10 16 -29.50 181.50
0.073066 0.134309 2.856708
37 18 24
2 8 58 164.50 191.50 10 310 162.90 144.70
0.075254 0.127351 2.858769
105 89 91
2 8 59 167.50 187.50 10 311 165.30 141.10
0.089514 0.109529 2.854124
143 123 118
2 8 62 180.50 182.50 10 312 178.50 135.10
0.115197 0.080855 2.835830
130 117 116
2 8 123 204.50 178.50 10 131 202.50 128.50
0.130692 0.070894 2.832714
139 129 128
2 8 125 216.50 176.50 10 132 215.50 128.50
0.122643 0.025372 2.867726
137 121 122
2 8 144 218.50 141.50 10 141 216.50 92.50
0.116966 0.028769 2.875549
134 118 119
2 8 148 213.50 139.50 10 142 211.50 91.50
0.117072 0.027879 2.881608
135 116 118
3 8 150 214.50 136.50 9 501 216.90 161.50 10 145 211.50 89.50
0.153286 0.008503 2.834126
129 107 105
2 8 167 245.50 147.50 10 373 243.30 100.30
0.170624 -0.016241 2.824488
135 109 106
2 8 169 263.50 139.50 10 377 262.50 95.50
0.054693 -0.053417 2.987018
124 113 121
2 8 295 184.50 51.50 10 230 183.50 4.50
0.053656 -0.117491 3.038391
104 89 100
2 8 323 193.50 0.50 10 249 191.50 -47.50
0.085945 -0.174473 3.029157
136 117 136
2 8 340 227.50 -20.50 10 251 225.50 -68.50
-0.409519 0.466110 3.056152
56 59 41
2 8 364 -219.90 214.30 10 7 -210.50 182.50
-0.350892 0.446123 3.036254
104 82 80
2 8 370 -181.50 220.30 10 265 -171.90 186.70
-0.258603 0.341152 3.006389
113 120 117
2 8 383 -97.50 191.50 10 295 -90.30 156.70
-0.245187 0.334556 3.004501
80 75 77
2 8 385 -87.90 191.50 10 296 -83.10 156.70
0.083926 0.142837 2.864777
75 86 87
2 8 394 166.50 195.10 10 569 167.80 151.37
0.090116 0.110109 2.853257
125 105 100
2 8 398 180.90 183.10 10 470 178.74 135.82
0.106393 0.044121 2.876591
141 120 122
3 8 467 203.70 144.70 9 791 207.54 170.38 10 502 201.78 96.94
0.105248 0.032895 2.882555
113 97 97
2 8 470 204.90 137.50 10 359 202.50 89.50
0.155434 0.040178 2.812601
134 139 114
2 8 479 243.30 168.70 10 474 239.22 125.74
0.113348 -0.004546 2.898557
98 81 87
2 8 538 216.90 114.70 10 404 214.50 66.70
0.115956 -0.011521 2.909347
141 139 144
2 8 549 218.10 108.70 10 606 217.91 59.79
-0.515086 0.506230 3.060053
104 103 109
2 8 601 -280.62 215.02 10 542 -269.39 185.93
-0.502587 0.492979 3.075547
86 88 95
2 8 604 -274.86 206.38 10 427 -267.66 177.58
-0.173061 0.314894 2.953032
110 110 105
2 8 616 -34.38 210.70 10 270 -30.30 172.30
-0.250019 0.334276 3.000049
54 44 45
2 8 619 -89.10 191.98 10 453 -83.34 155.98
0.162420 0.035973 2.810667
88 90 68
2 8 644 247.86 168.94 10 317 246.90 125.50
0.154619 0.008929 2.839872
92 66 70
2 8 693 246.42 144.46 10 500 243.54 101.26
0.116733 -0.014187 2.920137
126 130 133
2 8 711 219.06 101.26 10 513 217.62 58.06
0.116798 -0.023435 2.927266
90 84 95
2 8 714 220.50 94.06 10 411 219.30 51.10
0.100761 -0.190609 3.013806
141 123 135
2 8 734 242.10 -19.70 10 539 240.66 -70.10
0.060156 -0.021246 2.978986
137 137 143
3 8 874 182.31 71.54 9 1015 182.15 87.21 10 760 180.65 25.50
0.037682 -0.157674 3.084353
101 87 108
2 8 883 188.53 -38.36 10 766 185.63 -88.96
0.153360 0.037589 2.827965
69 44 39
2 8 900 240.37 162.36 10 739 237.88 120.06
0.101212 -0.002211 2.909839
121 116 122
2 8 910 208.02 110.11 10 758 205.54 62.83
0.154405 0.035850 2.826365
34 11 3
2 8 933 241.87 161.86 10 784 238.88 120.06
0.118333 -0.003161 2.905520
105 88 94
2 8 943 217.98 114.09 10 809 217.98 66.31
0.052716 -0.012863 2.947328
135 142 145
2 8 945 179.16 84.23 10 812 176.17 39.44
0.057836 -0.015082 2.970037
139 136 149
3 8 946 179.16 78.26 9 1054 182.15 92.59 10 867 178.56 31.68
0.042029 -0.144002 3.100013
93 82 102
3 8 953 185.13 -38.20 9 1063 189.31 -25.66 10 822 185.13 -88.96
0.157523 0.027403 2.818891
25 16 4
2 8 968 246.64 160.67 10 839 243.06 117.67
-0.427370 0.455348 3.138219
128 116 114
2 9 6 -268.50 188.50 10 37 -263.50 167.50
0.118419 0.019152 2.867042
136 115 121
2 9 174 221.50 166.50 10 361 216.90 84.70
0.124098 0.025023 2.873013
115 94 97
2 9 176 223.50 165.50 10 381 218.10 90.70
0.104784 0.035100 2.883392
119 97 101
2 9 178 207.50 163.50 10 144 202.50 89.50
0.036872 0.074939 2.901455
99 83 84
2 9 499 154.50 165.10 10 357 152.10 95.50
0.107019 -0.170340 3.026957
113 91 104
2 9 592 248.10 0.70 10 422 242.10 -65.30
-0.291430 0.435095 3.092353
100 81 85
2 9 612 -179.82 216.46 10 263 -174.30 195.10
0.074387 0.004501 2.967787
118 116 121
2 9 712 185.94 107.02 10 407 184.50 47.50
0.061044 0.001739 2.979985
123 117 127
2 9 718 177.30 98.38 10 685 176.09 40.43
0.041765 -0.147272 3.098287
91 79 93
2 9 926 190.61 -27.99 10 699 186.46 -88.13
0.054667 0.078884 2.896777
117 103 103
2 9 1038 164.23 171.42 10 806 161.24 102.14
0.103732 0.179073 2.618282
72 58 55
2 10 559 193.72 211.85 16 471 135.86 70.29
-0.052044 0.141803 2.891947
84 72 29
2 21 380 23.89 52.88 19 387 -25.88 32.97
-0.062774 0.137403 2.880429
69 57 19
2 21 434 24.49 53.17 19 455 -25.68 35.26
-0.251643 0.189313 2.959895
106 114 120
2 21 437 -65.09 17.34 11 352 -78.13 0.62
-0.108336 0.075120 2.897941
123 103 71
2 22 82 35.50 18.50 19 68 -20.50 4.50
0.041449 0.067194 2.893299
57 53 59
2 22 90 100.50 31.50 19 73 36.50 17.50
-0.108610 0.129661 2.924465
29 14 0
2 22 385 12.28 27.99 11 269 -3.28 13.13
-0.047588 0.050847 2.919219
82 52 22
3 22 401 62.04 5.18 16 377 95.22 -83.64 17 108 79.38 -71.54
0.066375 0.082280 2.912008
88 87 92
2 22 476 104.51 30.48 19 390 36.33 18.04
-0.166988 0.105033 2.888383
43 27 4
3 22 505 6.57 28.09 19 459 -47.18 10.18 20 465 -50.76 28.09
-0.138637 0.033050 2.931945
81 56 42
2 23 102 39.50 -31.50 11 92 17.50 -20.50
-0.213563 -0.108115 2.925747
65 58 66
2 23 115 41.50 -72.50 11 101 35.50 -57.50
-0.139761 0.097512 2.929217
101 75 50
2 23 180 26.10 -8.90 16 232 42.90 -83.30
-0.127187 0.082910 2.905528
120 75 56
2 11 65 9.50 4.50 19 71 -30.50 2.50
-0.037791 0.056693 2.910505
77 35 11
2 11 66 50.50 3.50 19 78 7.50 -0.50
-0.017930 0.036832 2.920330
116 98 65
2 11 169 63.30 -5.30 19 210 20.10 -8.90
-0.152280 0.099660 2.892931
109 93 59
2 11 206 -2.70 11.98 19 261 -41.58 10.54
-0.298146 0.060994 2.927564
80 69 76
2 11 216 -41.58 -22.58 19 200 -72.30 -24.50
-0.113824 0.061245 2.921188
93 75 34
2 11 225 18.90 -6.74 19 273 -21.42 -9.62
-0.168835 0.084913 2.912857
100 65 46
2 11 271 -6.73 -0.69 19 319 -44.75 -4.15
-0.149851 0.184479 2.824346
81 76 82
2 11 312 -18.83 65.32 19 251 -57.42 60.94
-0.067212 0.393868 2.711028
37 37 36
2 1 53 101.50 159.50 5 206 113.70 183.10
0.019825 0.309929 2.941831
106 89 99
2 1 121 152.50 92.50 5 611 182.15 111.10
-0.176623 0.197901 2.795827
107 95 109
2 1 131 77.50 67.50 5 249 83.70 88.30
-0.227554 -0.115151 2.926506
118 113 128
2 1 478 87.30 -60.50 5 327 76.50 -37.70
-0.016606 0.271336 2.858179
116 97 105
2 1 546 136.98 89.74 5 373 151.38 117.10
-0.079533 0.034375 2.937063
149 104 86
2 1 604 131.22 -12.50 5 313 134.10 16.30
-0.241667 -0.112909 2.939699
133 133 142
2 1 922 81.82 -65.07 5 676 74.65 -39.99
0.168320 0.033443 2.280676
93 71 82
2 3 78 87.50 144.50 25 218 178.74 177.58
0.167964 0.041049 2.299642
38 14 27
2 3 334 88.02 143.02 25 474 179.16 179.78
0.082322 0.127946 2.901815
72 61 75
2 3 613 74.65 28.09 5 658 182.15 67.51
-0.081014 0.171423 2.983289
87 69 33
2 6 405 44.82 35.02 5 467 150.52 54.60
-0.193499 0.025154 2.843135
126 102 87
2 7 274 58.50 -0.50 8 514 62.10 102.70
-0.112465 0.056536 2.923740
146 124 102
2 7 776 73.62 -0.98 5 284 122.10 22.30
-0.102302 0.034385 2.918915
118 79 52
3 12 476 96.95 6.22 21 244 37.62 -2.42 22 280 46.26 -3.86
-1.598238 -1.433438 0.554834
113 107 109
2 12 661 86.59 185.75 9 285 203.50 120.50
-0.279111 0.236446 2.634966
114 125 131
2 14 51 2.50 78.50 5 452 20.92 130.64
-0.095782 0.034178 2.943262
61 31 16
2 14 172 92.10 -49.70 20 126 -16.50 -11.50
-0.020138 0.105059 2.916538
114 94 59
2 14 300 114.23 -2.42 5 126 152.50 46.50
-0.257147 0.364873 2.619904
107 112 116
2 14 417 -17.92 129.02 21 372 -45.78 169.83
0.170689 0.616122 3.154620
126 115 118
2 15 20 58.50 219.50 5 353 292.50 174.70
0.114490 -0.377872 2.059433
118 114 120
2 15 481 226.55 63.24 24 408 250.74 71.02
0.013591 -0.056389 2.932026
52 33 27
2 15 612 158.26 -79.00 23 467 122.43 -50.14
-0.091441 -0.117554 2.955302
65 63 76
6 0 198 70.50 -72.50 21 265 82.26 -65.78 22 354 86.58 -66.36 23 280 88.02 -84.50 11 249 76.50 -64.34 19 293 39.06 -68.66
-0.123885 0.350929 2.686017
54 53 58
2 0 272 -55.12 158.28 11 135 -41.10 166.30
0.032018 0.060377 2.903119
75 68 73
4 0 290 81.40 6.22 21 300 86.58 23.50 22 399 101.44 25.92 20 264 24.66 20.62
-0.500514 0.068244 2.999315
116 109 116
2 0 323 -120.78 -73.27 11 276 -105.23 -54.26
0.127677 0.277190 2.807861
80 67 76
2 0 340 59.97 137.89 11 261 57.20 144.46
-0.072314 0.365169 2.756520
40 39 37
2 0 386 -53.25 149.92 11 257 -43.02 158.28
0.069769 0.080940 2.878390
70 52 64
2 0 398 91.07 25.50 11 361 91.07 35.46
-0.397760 -0.144879 2.859629
51 46 53
2 0 408 -15.92 -59.10 11 393 0.00 -50.14
0.166494 0.154269 2.500280
103 81 89
2 0 422 125.41 188.74 11 377 134.37 188.74
0.115071 0.269173 2.769383
20 15 12
2 0 451 60.32 146.34 11 404 60.32 153.50
-0.314658 -0.089670 2.907272
54 49 56
3 0 463 -11.35 -61.49 11 420 2.99 -50.74 19 468 -25.68 -54.32
0.012145 -0.024218 2.884307
91 83 90
2 21 91 111.50 -0.50 19 118 58.50 -8.50
-0.233975 -0.136079 2.933214
88 87 94
4 21 106 43.50 -63.50 11 110 35.50 -67.50 19 138 4.50 -70.50 20 146 2.50 -62.50
-0.106242 0.142545 2.931905
116 95 66
3 21 150 -6.30 28.30 19 196 -51.90 9.10 20 92 -55.50 26.50
-0.050022 0.126311 2.914049
35 19 7
2 21 289 26.10 37.32 5 109 143.50 54.50
-0.004390 0.077382 2.949985
109 68 50
2 21 308 53.75 7.95 11 222 54.90 -3.86
-0.115046 0.072182 2.925295
118 82 47
2 21 310 17.46 4.49 19 322 -24.01 -9.33
-0.059516 0.142909 2.887173
77 65 25
2 21 339 24.72 52.88 20 306 -34.38 49.42
-0.123172 0.152668 2.961397
81 74 82
2 21 349 -22.98 17.62 19 349 -66.52 -1.04
-0.161099 0.078872 2.911039
53 29 14
3 21 351 6.06 9.33 11 326 -4.31 -1.04 19 362 -37.49 -7.26
-0.148796 0.079325 2.914132
78 59 28
3 21 352 10.20 7.26 19 361 -43.71 -3.11 20 371 -37.49 7.26
0.019548 0.050709 2.896885
85 82 89
3 21 356 89.00 23.85 19 265 34.74 11.98 20 325 26.10 18.32
-0.217432 -0.126203 2.937433
84 82 94
4 21 366 45.45 -63.25 11 338 37.16 -65.32 19 337 5.36 -69.81 20 340 3.64 -61.17
-0.058000 -0.083831 2.975815
68 67 76
2 21 367 82.78 -65.32 19 336 38.20 -68.08
-0.418228 -0.262351 1.279394
105 84 93
2 21 374 165.72 192.22 19 418 89.58 173.81
-0.056538 0.125774 2.909644
31 14 4
2 21 383 26.38 37.95 20 362 -31.27 34.21
-0.080566 -0.104327 2.962992
69 67 78
2 21 404 81.12 -66.56 19 372 39.23 -67.39
-0.296824 -0.081468 2.913966
54 43 59
3 21 424 14.93 -44.17 11 367 3.98 -51.63 19 409 -23.39 -54.12
-0.056901 -0.077471 2.979534
75 73 83
3 21 426 80.62 -65.07 11 397 74.65 -65.07 19 442 35.83 -68.06
0.118482 0.297504 2.744160
112 101 105
2 22 18 87.50 191.50 11 124 54.90 172.30
-0.093990 0.361761 2.714684
108 98 99
2 22 146 -11.10 189.10 11 187 -41.58 166.06
-0.022790 0.385073 2.801415
53 44 47
2 22 147 -14.70 186.70 11 131 -42.30 159.10
0.101727 -0.034631 2.907756
110 103 115
2 22 452 153.28 -9.33 11 340 136.69 -11.41
-0.267313 0.017593 2.819481
76 45 21
2 11 47 -2.50 9.50 20 367 -35.42 19.70
-0.374931 -0.197762 2.836573
82 77 84
2 11 336 22.64 -52.88 20 382 -2.24 -46.66
0.144716 0.127147 2.560468
126 126 126
2 11 348 133.37 167.34 19 307 90.04 156.56
0.113618 0.111967 2.958960
83 74 79
2 19 317 34.74 11.40 20 368 26.79 19.70
0.245646 0.223845 3.082740
116 88 45
2 19 434 14.93 0.62 20 437 0.00 12.57
0.131397 0.298884 2.794363
77 67 70
2 6 454 122.87 180.75 17 175 115.96 67.81
-0.033816 0.084552 2.904920
157 139 118
2 6 481 90.04 39.05 17 131 77.94 -59.44
0.366587 -0.880777 0.542078
144 123 116
2 15 252 276.90 156.70 24 266 293.70 154.30
-0.062742 0.384692 2.747730
68 69 62
2 15 464 43.38 125.45 17 197 0.00 78.26
-1.931151 -0.094050 0.916373
112 122 124
2 15 567 -95.55 100.15 24 589 -65.69 112.60
-0.007347 0.065469 2.921889
125 89 64
3 0 173 56.10 -11.30 17 68 93.30 -67.70 18 103 91.50 -52.50
0.020810 0.020184 2.628460
128 129 134
5 0 230 106.74 96.94 21 415 143.33 111.10 22 180 141.30 107.50 19 383 78.63 100.15 20 457 88.98 110.51
-2.320323 -0.510718 0.896766
87 84 97
2 0 271 -101.77 127.18 22 46 -37.50 125.50
-0.024713 0.179646 2.634555
60 45 50
2 21 53 72.50 163.50 11 26 58.50 144.50
0.018960 0.016827 2.634910
127 125 130
2 21 233 141.30 108.46 20 304 88.31 108.17
0.017266 0.014198 2.630327
132 130 135
2 21 279 141.88 108.17 20 355 89.00 108.86
-0.080508 0.004279 2.915505
129 86 70
2 23 208 70.50 -30.50 17 29 75.50 -80.50
0.107946 0.125389 2.994444
37 21 8
2 19 283 18.90 -2.42 20 267 10.26 6.22
-0.003670 0.352546 3.060470
106 91 98
2 1 383 136.50 77.50 18 208 70.74 -48.50
-0.077577 0.098895 2.931359
150 128 93
2 1 429 130.50 7.90 18 69 50.50 -52.50
-0.315291 -0.036487 2.858106
51 35 39
2 1 744 49.60 -25.92 18 267 24.37 -55.99
-0.090446 0.068900 2.865820
118 97 45
2 12 628 101.03 45.41 18 202 53.46 -41.30
0.130240 0.308997 2.757656
110 95 100
3 15 365 152.82 130.06 23 230 115.38 163.18 16 285 134.10 83.98
-0.035536 0.024601 2.922275
44 24 17
2 15 685 117.65 -57.90 18 336 83.61 -59.10
0.121112 0.291142 2.822503
104 85 87
2 24 70 204.50 134.50 18 27 109.50 46.50
-0.229455 -0.116214 2.913481
51 41 57
2 24 521 102.13 -71.54 18 148 42.90 -68.90
-0.100023 0.166873 2.433926
100 92 96
2 21 17 79.50 187.50 22 23 94.50 187.50
0.020754 0.018044 2.636401
135 133 138
3 21 144 142.50 108.70 19 252 77.94 98.38 20 258 89.46 107.02
0.546721 0.557880 3.410100
48 32 42
2 22 464 8.96 167.84 11 174 -2.70 -46.10
0.125976 0.342811 2.819459
44 37 44
2 16 507 125.41 78.26 17 200 104.51 75.27
0.127058 0.309561 2.820642
19 17 20
3 16 547 131.98 63.92 17 220 114.06 60.34 18 366 114.06 60.34
0.113412 0.133602 3.002088
97 67 49
2 19 114 15.50 -3.50 20 109 7.50 6.50
0.161047 0.168494 3.061947
109 67 47
2 19 122 6.50 -19.50 20 121 -4.50 -7.50
-0.051492 0.037002 2.937777
127 101 82
2 17 83 80.10 -84.50 18 99 75.50 -63.50
-0.001867 0.085147 2.925218
98 80 40
2 17 135 93.49 -68.08 18 211 90.90 -51.38
-0.012441 0.125434 2.953561
118 90 48
2 17 162 80.70 -69.47 18 169 84.90 -58.10
-0.054296 0.350006 3.068488
53 43 42
2 17 225 -11.35 -82.99 18 265 -3.28 -64.63
