# Bundle file v0.3
10 454
555.637099 0.0 0.0
0.971723 -0.069403 0.225692
0.119656 0.968747 -0.217284
-0.203559 0.238145 0.949658
-0.256642 0.552972 -3.103866
14714.184687 0.0 0.0
-0.873397 -0.074284 -0.481310
-0.054652 -0.967106 0.248434
-0.483932 0.243286 0.840608
1.019381 -0.612369 9.340480
1669400.326300 0.0 0.0
-0.879649 -0.021454 -0.475139
-0.066815 -0.983502 0.168107
-0.470906 0.179622 0.863703
0.990658 -0.403602 1055.093493
193975.507440 0.0 0.0
0.878545 0.058243 0.474095
0.063639 0.969418 -0.237022
-0.473401 0.238406 0.847971
-1.017256 0.590237 -142.847721
-3545.001777 0.0 0.0
0.863528 0.031617 0.503309
0.044954 0.989234 -0.139269
-0.502294 0.142888 0.852810
-1.136355 0.310622 -0.072048
-3901.457989 0.0 0.0
0.869305 0.054932 0.491213
0.096363 0.955900 -0.277432
-0.484791 0.288508 0.825676
-1.129341 0.705207 0.535785
492.689012 0.0 0.0
0.851897 0.061530 0.520082
-0.003198 0.993667 -0.112319
-0.523699 0.094021 0.846699
-1.118457 0.205760 -2.850229
788.408191 0.0 0.0
0.792640 0.138626 0.593721
-0.063842 0.987326 -0.145296
-0.606338 0.077263 0.791444
-1.264236 0.254667 -2.903271
972.146227 0.0 0.0
0.936121 0.057363 0.346969
0.006298 0.983715 -0.179626
-0.351623 0.170337 0.920514
-0.607399 0.397627 -3.293208
757.294849 0.0 0.0
-0.684533 -0.227846 -0.692461
0.106936 -0.971010 0.213787
-0.721096 0.072295 0.689053
1.657910 -0.455690 -1.637613
-0.010272 0.043058 2.399709
148 134 141
2 4 565 113.70 33.10 5 111 66.50 122.50
0.236030 -0.092509 1.948787
131 121 120
3 4 651 110.10 -101.30 5 32 54.50 192.50 1 142 160.50 69.50
-0.249274 0.182185 2.716203
45 36 37
9 4 446 32.10 150.70 5 723 -2.70 135.82 3 930 86.58 146.19 0 57 125.50 137.50 1 815 103.86 125.45 2 1187 134.62 173.14 8 389 156.90 123.10 9 929 148.79 125.45 7 495 225.30 69.10
-0.250194 0.180991 2.716983
17 9 11
8 4 802 31.86 150.22 5 96 -4.50 133.50 0 73 124.50 134.50 1 371 105.30 124.30 2 448 131.70 169.90 8 934 155.70 120.27 9 438 150.90 123.10 7 1300 225.44 67.81
-0.030555 0.046960 2.428342
146 135 139
2 4 566 106.50 30.70 5 115 60.50 111.50
-0.345179 0.160197 2.724352
107 101 108
5 4 482 -80.70 102.70 5 79 -105.50 89.50 0 105 16.50 101.50 1 64 -1.50 94.50 8 406 34.50 96.70
-0.251325 0.175893 2.717082
181 171 171
8 4 54 29.50 141.50 5 433 -5.10 126.70 3 89 84.50 138.50 0 111 124.50 128.50 1 77 102.50 116.50 2 451 131.70 162.70 8 451 153.30 113.50 9 114 147.50 116.50
-0.257819 0.176325 2.716148
145 139 142
5 4 456 21.30 141.10 5 97 -12.50 126.50 3 452 75.30 138.70 0 115 116.50 128.50 8 448 144.90 114.70
-0.182218 0.160426 2.689707
164 150 157
4 4 471 95.70 133.90 5 108 56.50 133.50 8 138 217.50 88.50 9 136 205.50 95.50
-0.007802 0.011665 2.409271
127 117 119
2 4 575 124.50 -24.50 5 544 74.10 72.70
-0.301643 0.023344 2.503192
148 144 131
2 4 217 -219.50 -45.50 5 189 -225.50 5.50
-0.259052 0.065802 2.865879
122 107 113
2 4 260 119.50 -49.50 5 264 72.50 -66.50
-0.250540 0.052457 2.861747
126 120 121
4 4 606 126.90 -64.10 5 613 78.90 -76.10 0 210 228.50 -77.50 1 203 178.50 -84.50
-0.031218 0.025172 2.433888
127 118 123
2 4 224 109.50 -8.50 5 168 61.50 77.50
-0.368765 0.009515 2.596031
136 127 129
2 4 248 -227.50 -88.50 5 1257 -234.90 -56.61
-0.496441 0.054940 2.784380
143 136 130
2 4 241 -226.50 -62.50 5 1260 -237.39 -79.00
0.230696 -0.095666 1.976324
129 125 128
2 4 655 130.50 -116.90 5 62 70.50 168.50
-0.188821 0.042722 2.732234
129 122 121
2 4 253 112.50 -54.50 5 230 72.50 -40.50
0.044516 -0.107899 1.994861
112 102 92
2 4 335 -219.50 -160.50 5 78 -210.50 96.50
-0.996423 0.386910 3.530639
126 120 122
2 4 19 -211.50 159.50 5 180 -230.50 -0.50
-0.247680 0.174283 2.716299
30 14 14
7 4 451 33.30 139.90 5 428 -1.50 125.50 3 449 87.30 137.50 0 387 128.10 126.70 2 796 135.54 160.30 8 457 156.90 111.10 6 177 115.50 88.50
-0.249357 0.180125 2.714589
12 5 10
10 4 1038 31.28 149.64 5 935 -3.28 135.82 3 729 83.70 144.46 0 394 124.50 133.90 1 639 102.42 122.86 2 974 131.51 168.65 8 1078 157.43 121.30 9 708 147.06 122.86 6 405 111.30 96.70 7 497 224.10 66.70
-0.249969 0.175251 2.714090
187 177 176
8 4 455 29.70 141.10 5 734 -5.58 127.18 3 451 83.70 138.70 0 396 124.50 127.90 2 793 131.22 161.74 8 727 152.82 112.78 9 470 147.30 117.10 7 498 220.50 64.30
-1.153690 0.510305 4.490683
144 142 145
2 4 508 114.90 111.10 5 896 80.82 -129.14
-0.341081 0.161108 2.721915
139 136 131
9 4 491 -75.90 105.10 5 85 -101.50 91.50 3 497 -24.30 109.90 0 412 21.30 102.70 1 406 3.30 94.30 2 1030 7.09 132.36 8 754 39.06 98.38 9 459 45.30 99.10 6 400 21.30 84.70
-0.320894 0.158655 2.720598
116 109 117
9 4 488 -53.10 105.10 5 90 -80.50 92.50 3 496 -0.30 108.70 0 416 44.10 101.50 1 402 24.90 91.90 2 438 35.70 130.30 8 429 65.70 93.10 9 458 66.90 95.50 7 132 165.50 51.50
-0.293397 0.161563 2.725549
139 126 132
5 4 498 -17.10 114.70 5 102 -47.50 100.50 3 494 36.90 114.70 0 428 80.10 106.30 1 427 58.50 90.70
-0.353441 0.206222 2.845170
26 23 19
3 4 758 -5.58 145.90 5 794 -35.82 102.70 1 678 72.18 96.94
-0.438424 0.271562 3.178707
135 130 126
3 4 825 112.50 144.46 5 549 74.10 46.30 8 335 231.30 207.10
-0.373204 0.194003 3.045837
136 129 132
2 4 891 103.86 79.66 5 564 63.30 11.50
-0.254919 0.156853 2.825985
129 119 119
4 4 512 99.30 79.90 5 174 58.50 57.50 3 525 152.10 81.10 2 508 206.10 108.70
0.229651 -0.082831 1.976250
133 125 128
2 4 259 128.50 -86.50 5 399 70.50 191.50
-0.327162 0.007937 2.771705
136 115 132
8 4 635 -36.30 -116.90 5 302 -71.50 -117.50 3 590 14.10 -109.70 0 561 69.30 -109.70 1 230 37.50 -107.50 8 578 76.50 -143.30 6 308 66.50 -141.50 7 918 180.18 -175.22
-0.318404 0.004855 2.772158
118 101 111
9 4 640 -21.90 -122.90 5 305 -61.50 -120.50 3 593 26.10 -114.50 0 563 81.30 -112.10 1 530 46.50 -110.90 2 898 73.62 -124.82 8 857 83.70 -144.98 6 567 75.30 -143.30 7 302 188.50 -176.50
-0.358015 0.108282 3.044208
115 100 100
3 4 232 118.50 -31.50 5 266 73.50 -85.50 2 207 224.50 -37.50
0.121076 -0.041831 2.160224
129 121 121
2 4 603 112.50 -54.50 5 70 60.50 134.50
0.117410 -0.094414 2.021193
107 91 105
2 4 677 -45.90 -132.50 5 105 -73.50 120.50
0.161865 -0.039434 2.082656
140 129 132
2 4 577 110.10 -24.50 5 34 58.50 189.50
-0.976541 0.373611 3.523248
149 139 137
2 4 737 -198.54 148.78 5 561 -219.90 -8.90
-0.395794 0.182828 2.727289
46 39 43
4 4 746 -138.06 128.62 5 714 -155.34 112.78 3 689 -87.66 135.82 6 914 -44.75 127.18
-0.304781 0.176468 2.719531
53 45 44
7 4 1015 -34.38 134.09 5 749 -63.18 118.54 3 752 20.34 132.94 0 723 62.10 125.74 2 1165 57.90 160.70 8 1082 89.00 117.16 9 917 86.58 120.27
-0.248537 0.174933 2.716499
20 6 5
9 4 1041 33.01 141.00 5 735 -2.70 127.18 3 747 86.58 137.26 0 755 126.90 128.62 1 818 105.59 115.08 2 979 134.96 161.74 8 942 155.70 111.63 9 937 150.52 115.08 6 730 113.94 89.74
-0.259437 0.174361 2.715727
69 67 79
9 4 1042 19.19 139.28 5 944 -15.37 123.72 3 942 72.76 135.82 0 757 113.94 125.74 1 814 91.76 115.08 2 1196 120.10 160.70 8 1086 142.91 113.01 9 936 136.69 115.08 6 1011 102.13 90.89
-0.614721 0.160044 2.981355
146 142 144
2 4 529 -205.50 33.10 5 579 -221.10 -32.90
-0.457125 0.022841 2.731233
155 147 128
2 4 611 -223.50 -96.50 5 270 -235.50 -96.50
-0.341954 0.003284 2.764260
129 118 114
6 4 670 -57.90 -124.10 5 631 -91.50 -124.10 3 868 -8.46 -113.30 0 903 46.26 -113.30 1 524 16.50 -112.10 2 1119 34.74 -126.84
-0.340270 -0.003321 2.769125
102 87 91
5 4 1148 -53.39 -133.75 5 640 -87.90 -132.50 3 874 -4.14 -124.82 0 908 52.02 -124.82 2 903 41.94 -137.78
-0.244985 0.174494 2.710794
67 64 59
7 4 1173 33.01 142.04 5 1234 -3.48 130.01 3 1044 86.93 137.89 0 1013 128.05 127.18 1 934 105.59 117.16 2 1197 136.69 160.70 8 1087 157.43 113.01
-0.267279 0.153399 2.720954
14 4 6
10 4 1050 10.55 106.44 5 980 -20.56 94.35 3 970 64.12 106.44 0 1054 107.32 99.53 1 858 84.85 87.44 2 1242 111.81 123.38 8 1105 134.62 81.91 9 997 128.05 87.44 6 1007 100.40 64.97 7 848 211.86 35.02
-1.146075 0.330503 3.756328
163 148 148
2 4 836 -212.94 59.50 5 589 -237.90 -119.30
-0.339023 0.001916 2.766991
94 79 71
6 4 1139 -53.39 -125.11 5 894 -87.66 -126.26 3 1020 -3.28 -116.47 0 1107 52.02 -116.47 1 754 21.78 -113.30 2 1121 41.65 -130.29
-0.490118 0.024491 2.787140
149 141 137
2 4 930 -218.70 -104.66 5 876 -231.66 -116.18
-0.250994 0.182960 2.719072
64 54 54
7 4 1169 33.01 150.34 5 1132 -2.24 135.82 3 1041 84.85 148.26 0 1152 124.25 137.89 1 932 105.59 123.38 2 1317 133.37 172.32 8 1190 155.77 122.55
-0.262545 0.156007 2.719713
13 6 7
10 4 1319 16.42 112.60 5 1136 -16.75 98.50 3 1082 70.34 110.94 0 1197 113.88 102.64 1 993 88.58 90.20 2 1389 116.45 129.02 8 1206 138.35 85.22 9 1100 134.62 90.20 6 1194 103.51 67.39 7 1101 214.45 39.05
-0.385480 0.172503 2.709210
53 46 47
3 4 1190 -141.17 121.30 5 1227 -157.76 107.62 3 1047 -91.40 127.53
-0.376554 0.009771 2.809852
115 102 98
5 4 1248 -66.52 -121.31 5 1198 -101.77 -131.67 1 885 8.82 -111.28 2 1418 20.90 -139.72 9 1196 43.79 -123.79
-0.265186 0.159041 2.719841
13 6 18
5 4 1450 13.74 114.09 5 1368 -22.10 103.34 3 1290 67.48 114.09 0 1458 110.48 105.13 9 1288 131.98 92.59
-0.354862 0.151579 2.686605
55 50 55
2 4 1453 -126.01 103.34 5 1366 -143.92 92.59
-0.334812 -0.010804 2.703482
121 107 109
2 4 1150 -94.86 -135.48 5 1271 -125.41 -116.33
0.294596 -0.127731 1.861678
133 118 121
2 4 693 134.10 -162.50 5 31 70.50 195.50
-0.154963 0.177100 2.658846
144 135 138
3 4 461 111.30 167.50 5 436 70.50 167.50 9 442 220.50 139.90
-0.171189 0.166857 2.691656
138 131 129
3 4 468 112.50 143.50 5 68 71.50 138.50 3 466 166.50 138.70
-0.329423 0.181093 2.718239
115 105 116
6 4 437 -63.90 136.30 5 89 -89.50 120.50 3 440 -11.10 138.70 1 71 14.50 122.50 8 375 54.90 127.90 9 423 58.50 126.70
0.039347 -0.028918 2.306402
134 122 124
3 4 607 107.70 -71.30 5 171 57.50 66.50 3 548 153.30 25.90
-0.931848 0.341078 3.457140
144 138 139
2 4 74 -199.50 130.50 5 220 -219.50 -17.50
-0.269364 0.154241 2.722760
46 38 38
4 4 502 9.30 107.50 5 488 -23.10 94.30 3 519 63.30 106.30 2 806 109.62 124.30
-0.257985 0.188034 2.849877
136 129 137
2 4 472 113.70 124.30 5 496 72.90 88.30
-0.122224 0.085728 2.587315
140 131 134
2 4 562 100.50 47.50 5 166 57.50 81.50
-0.206071 0.170458 2.730309
131 116 125
2 4 133 96.50 133.50 5 112 56.50 120.50
0.011155 0.047011 2.350515
134 126 132
2 4 182 105.50 55.50 5 63 59.50 155.50
-0.335411 -0.007893 2.776690
114 98 100
4 4 352 -41.50 -141.50 5 342 -80.50 -138.50 3 634 8.10 -133.70 1 238 32.50 -128.50
-0.097440 0.073495 2.549731
141 132 135
2 4 563 106.50 39.10 5 164 61.50 84.50
-0.155871 0.178011 2.658521
149 139 147
2 4 735 111.06 168.94 5 696 70.74 167.50
-0.338923 -0.005585 2.805615
54 38 38
2 4 1351 -23.39 -143.70 5 1292 -60.71 -143.70
-0.252631 0.174300 2.715482
14 5 3
5 4 448 27.30 138.70 5 429 -7.50 125.50 1 418 98.10 115.90 2 795 128.34 160.30 9 474 144.90 114.70
-0.313759 0.138687 2.737630
92 86 91
4 4 864 -35.82 73.90 5 530 -66.30 61.90 1 460 44.10 60.70 9 780 83.70 62.38
-0.585080 0.169937 2.925566
157 145 142
2 4 525 -212.70 58.30 5 182 -226.50 -0.50
-0.341851 0.009838 2.777975
110 92 101
5 4 1129 -48.20 -116.47 5 1067 -82.76 -118.20 3 1016 1.91 -109.56 1 739 24.66 -107.54 2 1114 46.84 -121.65
0.081913 -0.063209 2.245005
140 129 125
2 4 962 124.02 -120.50 5 548 68.10 49.90
-0.360180 -0.001068 2.756285
65 50 54
5 4 1254 -87.26 -127.53 5 1051 -117.32 -128.56 3 1107 -37.49 -119.23 1 881 -10.19 -116.47 8 1142 20.57 -152.41
-0.266196 0.162960 2.718300
76 66 74
9 4 1379 8.96 120.06 5 1310 -23.89 108.12 3 1170 68.68 120.06 1 992 86.10 100.15 2 1385 110.48 140.96 8 1282 134.37 96.17 9 1171 128.40 100.15 6 1316 98.54 77.76 7 1311 213.00 47.90
-0.368634 -0.008732 2.754892
84 74 75
3 4 1345 -98.04 -141.21 5 1199 -128.73 -133.75 1 1013 -18.41 -126.28
-0.395987 0.008957 2.794883
108 92 93
5 4 1416 -101.52 -121.80 5 1281 -130.39 -133.75 3 1264 -53.75 -118.82 1 1078 -23.89 -115.83 9 1249 11.94 -118.82
-0.366633 0.002897 2.767617
62 47 51
5 4 1471 -86.59 -125.98 5 1385 -115.26 -125.98 3 1310 -36.43 -115.23 1 1079 -8.96 -115.83 2 1461 2.99 -133.15
-0.339433 0.107993 3.021256
127 117 120
2 4 223 124.50 -24.50 5 269 79.50 -75.50
-0.167246 0.179314 2.655774
123 115 111
2 4 67 94.50 170.50 5 61 54.50 168.50
-0.539706 0.353822 3.324826
150 139 137
3 4 7 92.50 200.50 5 169 57.50 74.50 3 78 148.50 152.50
-0.381966 0.276080 3.040719
149 136 139
2 4 11 93.50 184.50 5 117 56.50 104.50
0.003701 0.053112 2.372181
129 112 117
3 4 180 112.50 59.50 5 64 66.50 151.50 9 138 215.50 93.50
-0.382262 0.001945 2.777600
139 120 116
3 4 290 -97.50 -130.50 5 293 -126.50 -130.50 2 293 -10.50 -136.50
-0.248889 0.180980 2.709889
32 28 30
3 4 62 27.50 150.50 5 54 -6.50 135.50 2 397 129.30 172.30
-0.279607 0.161627 2.721360
122 111 109
6 4 105 -3.50 116.50 5 98 -35.50 102.50 3 134 50.50 115.50 2 439 94.50 136.30 8 97 119.50 93.50 9 122 116.50 98.50
-0.323223 0.169729 2.699996
133 128 126
2 4 445 -74.70 129.10 5 80 -98.50 114.50
-0.302793 0.128126 2.722346
34 25 28
5 4 175 -32.50 66.50 5 539 -63.90 55.90 3 202 19.50 69.50 2 502 60.90 82.30 6 194 62.50 35.50
0.056017 -0.000973 2.274564
143 137 141
2 4 587 108.90 -8.90 5 110 60.50 128.50
-0.365038 0.025231 2.788950
122 108 107
2 4 1240 -66.52 -98.50 5 1175 -97.62 -102.64
-0.328402 0.241445 2.948000
168 159 156
3 4 725 93.78 168.94 5 494 56.10 105.10 2 729 201.78 193.42
-0.259825 0.174903 2.717758
33 30 42
5 4 812 18.90 138.70 5 741 -14.22 124.30 3 749 73.62 135.82 2 980 119.41 160.01 9 718 138.42 115.66
0.157428 -0.045367 2.091985
132 121 130
2 4 1097 110.77 -40.44 5 694 59.22 173.26
-0.248667 0.174204 2.717382
32 16 16
6 4 810 33.30 140.14 5 943 -1.55 125.45 2 1051 134.96 158.28 8 730 157.14 111.34 9 721 149.94 114.22 7 501 226.50 59.50
-0.278653 0.162671 2.718529
22 14 15
7 4 1021 -6.73 118.54 5 968 -37.84 104.72 3 953 46.84 118.54 2 1204 93.15 139.97 8 1095 124.25 96.42 9 982 114.23 101.26 6 996 90.04 77.07
-0.376282 0.005145 2.773893
118 105 99
3 4 1138 -93.13 -125.11 5 1046 -122.51 -125.11 2 1274 -4.31 -129.60
-0.388640 0.000154 2.781259
87 70 76
2 4 1117 -101.77 -133.75 5 1054 -131.15 -133.75
-0.281282 0.164580 2.723577
28 20 27
4 4 1206 -4.31 119.23 5 1242 -35.83 105.13 2 1325 93.56 139.97 9 1089 115.96 100.57
-0.379773 0.006952 2.773525
112 97 99
6 4 1249 -95.55 -123.38 5 1192 -124.58 -123.38 3 1185 -53.25 -113.84 2 1408 -14.93 -127.78 8 1301 2.99 -151.66 6 1256 3.98 -158.63
-1.143804 0.514425 4.471082
136 132 131
2 4 135 114.50 117.50 5 322 80.50 -121.50
-0.395501 0.260710 3.078335
139 134 124
3 4 68 99.50 157.50 5 170 61.50 74.50 3 160 154.50 118.50
-0.193210 0.156840 2.736047
135 134 133
3 4 506 114.90 114.70 5 118 72.50 104.50 3 163 168.50 109.50
-0.819617 0.236820 3.273640
153 141 138
2 4 148 -212.50 58.50 5 241 -231.50 -58.50
-0.304938 0.134982 2.730362
25 17 16
3 4 548 -30.30 72.70 5 157 -60.50 61.50 3 195 23.50 76.50
-0.197500 0.121670 2.751590
143 137 136
3 4 181 118.50 58.50 5 175 74.50 53.50 3 211 171.50 57.50
-0.548922 0.047708 2.867630
147 141 123
2 4 249 -222.50 -88.50 5 275 -237.50 -119.50
-0.439337 -0.001324 2.714554
99 91 83
2 4 278 -217.50 -127.50 5 588 -229.50 -119.30
-0.229441 0.015620 2.820412
103 91 101
2 4 315 124.50 -111.50 5 315 74.50 -110.50
-0.860934 0.390568 3.332330
148 141 141
2 4 406 -207.90 211.90 5 128 -223.50 72.50
-0.398392 0.295608 3.067893
168 156 154
2 4 423 92.10 201.10 5 114 56.50 114.50
-0.383756 0.170194 2.709238
143 129 127
3 4 478 -138.30 118.30 5 459 -158.70 103.90 3 437 -87.90 125.50
-0.247666 0.179629 2.712065
157 147 157
3 4 452 29.70 148.30 5 426 -1.50 133.90 3 457 83.70 144.70
-1.341758 0.455603 4.039945
125 122 118
2 4 76 -213.50 119.50 5 280 -239.50 -91.50
-0.543718 0.132456 2.864024
145 141 133
2 4 191 -214.50 24.50 5 225 -227.50 -18.50
-0.558868 0.006962 2.877608
95 85 78
2 4 321 -228.50 -144.50 5 335 -244.50 -171.50
-1.264017 0.397341 3.933501
146 136 131
2 4 141 -210.50 88.50 5 279 -236.50 -110.50
-1.038388 0.289586 3.589514
120 116 117
2 4 151 -217.50 50.50 5 276 -240.50 -108.50
-0.374166 0.170695 2.709189
88 79 82
3 4 752 -127.98 119.98 5 764 -146.70 105.58 3 704 -76.14 127.18
-0.499739 0.227400 2.797483
83 77 82
2 4 1163 -209.60 169.00 5 1108 -217.89 121.30
-0.708829 0.094115 3.114798
76 62 60
2 4 927 -214.38 -74.42 5 884 -234.54 -153.62
-0.735936 0.068716 3.149498
149 141 129
2 4 931 -220.14 -110.42 5 649 -240.30 -192.50
-0.376876 0.162425 2.713648
49 43 50
5 4 1056 -125.96 104.72 5 772 -146.70 91.18 3 923 -75.85 111.63 9 1059 -4.31 108.86 6 952 -25.74 96.08
-0.359334 0.152466 2.715812
21 14 22
3 4 1061 -105.23 94.35 5 781 -127.98 82.54 3 981 -55.12 101.26
-0.350078 0.004875 2.781438
46 33 25
3 4 1253 -56.15 -125.45 5 1077 -87.95 -126.84 3 1104 -6.39 -117.16
-0.363151 0.001591 2.761969
62 47 52
3 4 1420 -86.59 -127.78 5 1276 -115.46 -126.28 3 1257 -35.83 -115.83
-4.438744 1.690588 8.691939
155 138 135
2 4 4 -195.50 207.50 5 363 -235.50 -194.50
-0.815827 0.346403 3.284041
150 143 141
2 4 12 -197.50 177.50 5 130 -214.50 48.50
-0.912793 0.378547 3.415188
152 142 139
2 4 13 -205.50 178.50 5 188 -223.50 31.50
-1.007207 0.366398 3.546389
130 119 124
2 4 15 -212.50 135.50 5 208 -232.50 -24.50
-0.702503 0.286014 3.102517
149 138 127
2 4 20 -206.50 155.50 5 134 -221.50 55.50
-1.088884 0.411029 3.675384
155 145 138
2 4 22 -207.50 151.50 5 209 -228.50 -24.50
-0.541590 0.227657 2.872921
93 84 80
2 4 27 -200.50 147.50 5 123 -211.50 88.50
-1.773591 0.611533 4.680004
128 117 123
2 4 72 -212.50 133.50 5 273 -242.50 -128.50
-1.739000 0.597953 4.638678
145 135 131
2 4 73 -208.50 130.50 5 277 -238.50 -128.50
-0.314604 0.138830 2.531238
118 109 106
2 4 75 -203.50 127.50 5 49 -209.50 145.50
-1.273371 0.401258 3.947185
144 135 130
2 4 84 -210.50 89.50 5 593 -236.70 -110.90
-0.435925 0.122278 2.715090
141 132 130
2 4 143 -204.50 48.50 5 185 -215.50 34.50
-1.694266 0.484688 4.591467
144 137 135
2 4 147 -203.50 55.50 5 364 -235.50 -197.50
-0.373340 0.137406 2.707357
61 49 56
2 4 154 -132.50 76.50 5 133 -152.50 64.50
-0.311387 0.138596 2.738677
100 91 92
3 4 172 -31.50 72.50 5 156 -62.50 61.50 9 191 87.50 62.50
-0.774064 0.205961 3.198133
122 125 127
2 4 186 -218.50 39.50 5 242 -236.50 -64.50
-0.708946 0.159411 3.101272
117 113 116
2 4 197 -220.50 5.50 5 245 -237.50 -79.50
-0.068099 -0.016202 2.153303
108 111 116
2 4 208 -221.50 -16.50 5 41 -218.50 142.50
-0.490208 0.082691 2.781084
142 139 131
2 4 210 -218.50 -23.50 5 212 -232.50 -43.50
-0.723949 0.125154 3.136282
118 110 108
2 4 216 -213.50 -41.50 5 271 -233.50 -127.50
-0.220326 0.088847 2.797678
126 120 121
2 4 227 122.50 -1.50 5 234 76.50 -9.50
-0.379847 0.113415 3.095919
133 123 122
2 4 231 124.50 -32.50 5 320 79.50 -96.50
-0.158463 -0.024065 2.291623
135 126 119
2 4 244 -219.50 -71.50 5 132 -221.50 48.50
-0.266498 0.069337 2.891228
120 113 114
2 4 266 127.50 -49.50 5 268 79.50 -71.50
-0.348827 0.021560 2.786040
115 100 100
2 4 298 -48.50 -102.50 5 292 -82.50 -104.50
-0.291931 -0.051161 2.481022
116 105 104
2 4 322 -231.50 -160.50 5 247 -238.50 -86.50
-0.338329 -0.003539 2.803801
107 91 92
2 4 351 -23.50 -140.50 5 348 -61.50 -140.50
-0.015679 -0.068066 2.431698
113 100 103
2 4 367 128.50 -170.50 5 263 72.50 -55.50
-0.481833 -0.037150 2.760015
138 123 124
2 4 372 -233.50 -186.50 5 356 -247.50 -182.50
-0.566952 -0.032832 2.892415
161 149 145
2 4 375 -229.50 -199.50 5 366 -245.50 -223.50
-0.065697 -0.088726 2.530818
110 94 96
2 4 399 132.50 -223.50 5 317 75.50 -130.50
-0.392750 0.226835 2.654653
152 133 131
2 4 403 -193.50 216.70 5 377 -201.90 192.70
-1.845473 0.753605 4.790500
152 141 144
2 4 404 -207.90 215.50 5 240 -235.50 -56.50
-1.005402 0.425183 3.553792
147 134 126
2 4 408 -204.30 192.70 5 181 -223.50 27.50
-1.285056 0.527905 3.988234
147 134 126
2 4 409 -194.70 192.70 5 562 -218.70 -17.30
-3.365061 1.230335 7.037206
148 142 142
2 4 411 -210.30 180.70 5 357 -247.50 -184.50
-1.550354 0.592782 4.351204
133 130 134
2 4 414 -210.30 174.70 5 581 -236.70 -65.30
-0.407017 0.286983 3.085079
156 144 147
2 4 421 93.30 185.50 5 495 56.10 97.90
-0.429056 0.195459 2.824738
128 121 122
2 4 441 -107.10 125.50 5 449 -131.10 83.50
-0.381078 0.263772 3.041772
132 123 121
2 4 459 94.50 168.70 5 121 57.50 90.50
-0.277230 0.155880 2.718221
134 132 137
2 4 495 -3.90 108.70 5 486 -35.10 96.70
-0.290726 0.156311 2.720843
126 120 122
2 4 497 -18.30 107.50 5 462 -49.50 94.30
-0.138292 0.126248 2.610844
150 141 143
2 4 511 98.10 103.90 5 442 56.10 123.10
-1.761665 0.500408 4.655804
139 139 134
2 4 518 -218.70 57.10 5 651 -249.90 -200.90
-0.530165 0.138848 2.837426
129 134 134
2 4 521 -218.70 39.10 5 558 -230.70 -0.50
-0.834687 0.255146 3.309656
149 142 136
2 4 524 -203.10 71.50 5 252 -223.50 -51.50
-0.803663 0.214782 3.248973
156 145 143
2 4 528 -213.90 39.10 5 572 -233.10 -72.50
-0.303743 0.070030 2.518111
148 141 131
2 4 530 -205.50 24.70 5 526 -212.70 61.90
-0.349578 0.132124 2.730877
31 28 29
2 4 543 -85.50 65.50 5 840 -110.70 52.30
-0.340763 0.129145 2.720329
88 87 88
2 4 545 -83.10 64.30 5 785 -107.82 53.74
-0.661643 0.130419 3.036811
143 144 132
2 4 569 -217.50 -16.10 5 248 -234.50 -87.50
-0.301744 0.037252 2.502254
146 143 135
2 4 570 -218.70 -23.30 5 518 -225.90 24.70
-0.509624 0.113501 2.824235
149 141 138
2 4 572 -206.70 9.10 5 223 -220.50 -23.50
-0.562388 0.109659 2.896153
140 135 127
2 4 573 -212.70 -12.50 5 254 -227.50 -57.50
-0.016813 -0.043385 2.079760
160 155 147
2 4 589 -219.90 -47.30 5 699 -215.82 147.34
-0.240680 -0.003358 2.412341
148 140 130
2 4 591 -221.10 -66.50 5 556 -224.70 13.90
-0.564965 0.092657 2.905883
136 131 111
2 4 593 -209.10 -36.50 5 257 -225.50 -80.50
-0.558094 0.054599 2.874734
145 140 140
2 4 609 -227.10 -80.90 5 278 -241.50 -114.50
-0.685137 0.063419 3.076069
152 145 140
2 4 612 -218.70 -104.90 5 333 -237.50 -174.50
-0.828510 0.090452 3.292276
89 80 74
2 4 613 -216.30 -107.30 5 654 -239.10 -212.90
-0.464483 0.037760 2.754340
149 137 131
2 4 618 -212.70 -79.70 5 258 -226.50 -86.50
-0.348733 0.015751 2.794472
113 99 95
2 4 630 -42.30 -112.10 5 290 -77.50 -114.50
-0.336534 0.010621 2.797169
121 104 118
2 4 638 -25.50 -119.30 5 600 -62.70 -120.50
-0.236670 0.039324 2.817512
126 120 120
2 4 642 113.70 -77.30 5 265 66.50 -80.50
-0.437500 -0.006664 2.713122
153 140 131
2 4 659 -216.30 -134.90 5 617 -229.50 -125.30
-0.531197 0.001746 2.851636
153 144 135
2 4 661 -217.50 -146.90 5 328 -233.50 -167.50
-0.342247 -0.005261 2.805196
130 114 113
2 4 685 -27.90 -143.30 5 350 -64.50 -143.50
-0.383106 -0.046973 2.617393
96 87 79
2 4 696 -230.70 -178.10 5 332 -241.50 -139.50
-0.289933 -0.067637 2.476257
165 151 155
2 4 698 -234.30 -186.50 5 595 -241.50 -107.30
0.100847 -0.107332 2.210237
135 120 125
2 4 709 122.10 -200.90 5 227 64.50 -1.50
-2.124556 0.787999 5.213262
154 141 135
2 4 716 -205.74 171.82 5 585 -237.90 -122.90
-0.590974 0.354261 3.425903
166 160 158
2 4 724 98.10 174.70 5 550 62.10 37.90
-0.752359 0.297782 3.167997
143 138 135
2 4 736 -212.94 151.66 5 513 -227.10 41.50
-0.336452 0.172526 2.690165
36 30 30
2 4 772 -97.74 134.38 5 708 -120.78 119.98
-0.335776 0.169137 2.705366
56 47 50
2 4 786 -84.78 125.74 5 719 -110.70 109.90
-0.316383 0.156647 2.709529
134 127 132
2 4 793 -58.86 108.46 5 803 -86.22 95.50
-0.720957 0.235153 3.125871
48 42 53
2 4 832 -212.94 89.74 5 216 -227.50 -7.50
-1.052084 0.328050 3.630530
68 65 63
2 4 833 -204.30 81.10 5 587 -228.30 -84.50
-0.373424 0.163497 2.733224
127 121 122
3 4 842 -110.70 104.14 5 452 -132.30 89.50 8 739 0.18 102.70
-0.374652 0.138008 2.709411
78 66 75
2 4 848 -132.30 76.78 5 524 -152.70 64.30
-0.153186 0.042982 2.284733
149 146 141
2 4 900 -212.94 50.86 5 44 -213.50 151.50
-0.204112 0.049757 2.355284
128 133 134
2 4 901 -218.70 39.34 5 443 -219.90 119.50
-0.274720 0.143353 2.889720
140 131 146
2 4 904 118.26 52.30 5 844 75.06 17.74
-0.556624 0.108286 2.888202
140 135 127
2 4 912 -212.94 -12.50 5 1013 -226.19 -55.99
-0.760715 0.117855 3.182475
143 135 124
2 4 924 -220.14 -58.58 5 1032 -240.01 -151.03
-0.127163 -0.024598 2.251905
145 136 129
2 4 925 -211.50 -61.46 5 759 -214.38 71.02
-0.550581 0.044520 2.869811
154 149 127
2 4 929 -223.02 -93.14 5 621 -237.90 -124.10
-0.366663 -0.003909 2.605608
76 68 54
2 4 932 -217.26 -110.42 5 594 -227.10 -77.30
-0.357060 0.025232 2.776091
27 11 9
2 4 933 -64.62 -96.02 5 864 -99.18 -97.46
-0.624010 0.044068 2.991507
148 140 119
2 4 942 -214.38 -114.74 5 626 -233.10 -167.30
-0.438682 -0.054770 2.710563
97 84 76
2 4 972 -223.02 -204.02 5 648 -236.70 -185.30
0.026014 -0.126768 2.012634
84 70 57
2 4 973 -233.10 -206.90 5 825 -224.46 50.86
-0.329779 0.167240 2.697782
36 25 29
2 4 1020 -84.49 125.45 5 716 -107.82 111.34
-0.545219 0.097209 2.860182
63 60 60
2 4 1094 -221.00 -21.43 5 852 -234.54 -58.58
-0.538726 0.089207 2.851100
73 69 70
2 4 1095 -221.00 -30.07 5 854 -234.54 -64.34
-0.221580 -0.014574 2.392139
146 134 128
2 4 1099 -212.36 -80.18 5 1145 -219.97 9.33
-0.627510 0.049699 2.979939
79 69 67
2 4 1100 -226.19 -106.10 5 885 -243.18 -157.94
-0.357687 0.025563 2.777039
49 30 29
2 4 1101 -65.48 -95.73 5 1021 -98.32 -97.46
-0.358057 0.023024 2.776015
134 120 117
2 4 1102 -67.21 -99.19 5 865 -99.18 -100.34
-0.350220 0.023991 2.786507
75 61 63
2 4 1103 -49.93 -99.19 5 873 -83.34 -101.78
-0.342776 0.022452 2.785745
41 27 26
2 4 1104 -41.29 -100.92 5 1027 -75.85 -102.64
-0.371233 0.014059 2.768390
56 42 42
2 4 1122 -89.68 -111.28 5 870 -119.34 -110.42
-0.375656 0.011283 2.774918
117 102 109
2 4 1128 -89.68 -116.47 5 1040 -120.78 -116.47
-0.376432 0.011056 2.805773
117 103 99
2 4 1137 -67.21 -121.65 5 1050 -101.77 -126.84
-0.358427 0.003809 2.788897
67 55 52
2 4 1143 -58.57 -128.56 5 1078 -93.13 -128.56
-0.334117 -0.001389 2.803209
40 24 24
2 4 1153 -18.83 -137.20 5 1080 -56.84 -137.20
-0.046486 -0.116571 2.119706
85 73 57
2 4 1161 -233.10 -208.05 5 837 -228.78 1.90
-2.680192 0.996066 6.034776
68 56 52
2 4 1162 -207.53 181.44 5 883 -240.30 -150.74
-0.334063 0.179321 2.715940
66 60 64
2 4 1167 -74.82 137.89 5 930 -100.04 118.54
-0.328557 0.150500 2.709683
47 41 42
2 4 1197 -74.82 98.50 5 1129 -99.70 86.05
-0.426633 0.126319 2.686838
61 49 56
2 4 1221 -215.82 61.17 5 993 -224.46 51.15
-0.333461 0.131392 2.732661
75 66 74
2 4 1227 -64.45 65.32 5 1157 -91.40 52.88
-0.162081 -0.020385 2.292632
78 70 58
2 4 1234 -224.11 -65.32 5 956 -224.46 52.88
-0.694317 0.062429 3.078411
79 69 66
2 4 1238 -226.19 -106.79 5 1090 -245.20 -176.95
-0.357601 0.026650 2.778036
100 85 76
2 4 1239 -64.45 -94.35 5 1173 -97.62 -96.42
-0.356708 0.016200 2.789073
100 87 81
2 4 1244 -56.15 -110.94 5 1064 -89.68 -113.01
-0.377860 -0.001759 2.793474
67 51 52
2 4 1257 -78.96 -137.90 5 1057 -112.14 -138.93
-0.349751 0.013656 2.794306
51 35 45
2 4 1264 -43.71 -115.09 5 1187 -78.96 -117.16
-0.468663 -0.016638 2.755636
72 59 50
2 4 1277 -219.97 -156.56 5 1035 -234.83 -154.48
-0.468428 -0.026661 2.743487
86 71 65
2 4 1278 -230.34 -169.00 5 1088 -243.47 -163.12
-0.546026 0.241794 2.865308
82 77 83
2 4 1282 -210.01 167.34 5 1109 -219.97 106.79
-0.330435 0.178021 2.711513
52 46 51
2 4 1284 -73.16 137.48 5 1115 -99.70 119.23
-0.337773 0.175753 2.705765
67 58 61
2 4 1288 -88.09 134.99 5 1226 -110.48 117.57
-0.248538 0.169100 2.692551
86 78 84
3 4 1301 8.96 137.48 5 1298 -11.94 129.02 9 1226 128.40 120.06
-0.363777 0.167748 2.679927
88 79 84
2 4 1308 -140.34 127.53 5 1304 -158.26 114.09
-0.328555 0.151445 2.708442
35 28 36
2 4 1315 -75.64 100.15 5 1232 -100.53 87.71
-0.368103 0.019225 2.784284
43 28 30
2 4 1330 -73.16 -106.38 5 1266 -105.50 -108.86
-0.371526 -0.003127 2.754908
62 46 50
2 4 1335 -100.53 -133.75 5 1196 -130.80 -127.53
-0.328848 0.006927 2.794297
53 36 46
2 4 1340 -18.41 -123.79 5 1193 -56.15 -123.38
-0.372870 -0.006936 2.784513
59 42 48
2 4 1348 -80.62 -143.70 5 1206 -112.14 -142.04
-0.268643 0.174880 2.714732
11 6 13
2 4 1378 5.97 137.98 5 1300 -26.87 123.05
-0.345024 0.133228 2.722643
82 74 76
2 4 1400 -86.59 69.30 5 1328 -110.48 57.35
-0.335190 0.013999 2.787205
51 35 44
2 4 1411 -29.86 -112.85 5 1335 -68.68 -112.85
-0.367286 0.008442 2.804650
81 69 63
2 4 1418 -56.73 -124.79 5 1278 -93.06 -128.77
-0.355312 -0.005154 2.799079
75 58 65
2 4 1426 -47.78 -142.71 5 1353 -83.61 -142.71
-0.355290 0.152916 2.709366
50 43 50
2 4 1456 -108.09 99.76 5 1373 -129.59 85.42
-0.349245 0.153011 2.712033
43 36 44
2 4 1457 -97.34 99.76 5 1374 -122.42 85.42
-0.369211 0.028895 2.790259
116 101 96
2 4 1465 -68.68 -93.74 5 1262 -103.02 -98.91
-0.369507 -0.007723 2.755174
59 46 46
2 4 1475 -97.34 -140.32 5 1387 -129.59 -133.15
-0.380233 0.182337 2.712023
119 113 109
3 3 43 -77.50 134.50 0 99 -32.50 128.50 8 346 -19.50 135.10
-0.339320 0.182536 2.722633
121 110 114
2 3 46 -19.50 138.50 8 91 45.50 129.50
-0.388804 0.176471 2.714704
104 94 94
2 3 107 -86.50 126.50 0 406 -44.70 120.70
-0.364906 0.164438 2.674909
56 47 46
2 3 108 -84.50 126.50 8 1317 -14.93 110.51
-0.292627 0.156555 2.721303
132 120 124
2 3 131 35.50 108.50 8 133 103.50 88.50
-0.352903 0.011944 2.761701
110 93 99
2 3 291 -23.50 -104.50 0 224 30.50 -104.50
-0.280014 0.023323 2.904879
146 136 137
2 3 322 164.50 -127.50 0 285 222.50 -162.50
-0.491331 -0.022834 2.760767
133 129 117
2 3 344 -195.50 -162.50 0 257 -148.50 -173.50
-0.325327 -0.012034 2.787301
61 48 46
2 3 354 23.50 -141.50 0 269 79.50 -142.50
-0.320796 -0.013217 2.783592
113 103 99
2 3 355 26.50 -141.50 0 268 83.50 -140.50
-0.232025 -0.019405 2.841400
134 123 125
2 3 365 172.50 -161.50 0 280 226.50 -156.50
-0.482796 -0.043637 2.768540
144 136 123
2 3 378 -181.50 -192.50 0 300 -132.50 -200.50
-0.259102 0.180641 2.717977
125 121 112
2 3 458 75.30 144.70 0 395 116.10 133.90
-0.356917 0.156217 2.723410
117 106 106
2 3 488 -42.30 101.50 8 763 18.90 91.18
-0.281406 0.156447 2.723604
152 145 147
2 3 516 50.10 108.70 0 437 94.50 101.50
-0.331689 0.017976 2.769083
108 96 107
5 3 583 6.90 -96.50 0 556 60.90 -96.50 8 589 68.10 -130.10 6 269 58.50 -128.50 7 308 176.50 -158.50
-0.334690 0.001898 2.772845
107 91 89
2 3 597 4.50 -119.30 0 570 59.70 -119.30
-0.173779 -0.008328 2.721883
151 137 139
2 3 605 162.90 -103.70 0 533 209.70 -71.30
-0.314608 -0.002743 2.775385
99 88 95
3 3 626 29.70 -126.50 0 232 86.50 -121.50 7 337 191.50 -185.50
-0.215284 -0.038351 2.839029
144 134 131
2 3 660 188.10 -185.30 0 636 242.10 -170.90
-0.285715 0.157509 2.631192
126 118 121
2 3 686 -17.10 138.70 0 739 53.46 108.46
-0.374282 0.184400 2.715577
51 43 46
3 3 688 -68.94 137.26 0 957 -25.74 130.64 8 1040 -6.39 137.89
-0.383023 0.185097 2.732932
121 115 111
2 3 691 -66.06 134.38 8 1043 -10.53 135.82
-0.324900 0.159861 2.718423
134 128 132
4 3 716 -5.58 111.34 0 788 39.06 104.14 8 759 59.22 95.50 6 395 39.30 79.90
-0.372983 0.160003 2.730148
128 120 120
2 3 789 -57.42 102.70 8 740 0.18 96.94
-0.220581 0.005275 2.821313
151 132 132
2 3 892 175.86 -120.50 0 911 226.26 -111.86
-0.345744 0.184031 2.714412
87 79 80
3 3 904 -32.65 141.00 0 698 11.70 132.94 6 1151 12.28 119.23
-0.273707 0.181611 2.714101
51 51 52
2 3 927 55.48 146.19 0 976 96.95 134.09
-0.312607 0.175080 2.718764
31 19 20
2 3 948 10.55 132.36 8 924 77.94 116.81
-0.282870 0.161977 2.726102
157 146 143
2 3 959 50.29 115.08 0 744 93.78 108.46
-0.318065 0.155294 2.720854
40 34 33
2 3 987 3.64 104.72 8 1099 70.34 88.13
-0.333767 0.019585 2.767072
45 30 36
2 3 1008 3.64 -94.00 0 1084 57.20 -94.00
-0.288645 0.183762 2.717978
101 95 106
2 3 1035 39.23 146.19 8 1073 109.74 127.53
-0.275904 0.157627 2.724072
7 2 0
2 3 1067 57.90 110.94 0 1029 100.40 102.99
-0.243743 0.036510 2.835060
142 130 127
2 3 1115 161.58 -83.98 0 1280 211.34 -86.06
-0.347548 0.183377 2.717405
41 31 40
2 3 1134 -33.34 139.97 0 1313 8.96 132.50
-0.352000 0.181652 2.725690
40 30 33
2 3 1140 -33.34 134.99 8 1260 29.86 129.02
-0.378120 0.158962 2.714838
28 22 24
4 3 1157 -73.16 102.64 0 1328 -28.37 97.67 8 1276 -14.93 99.16 6 1401 -29.86 87.21
-0.329898 0.014066 2.769212
104 90 83
2 3 1183 8.96 -101.40 0 1382 63.70 -101.40
-0.190669 -0.034451 2.765254
23 7 8
3 3 1198 168.21 -153.65 0 1396 217.98 -118.82 8 1159 225.86 -177.29
-0.356747 0.158801 2.719945
101 93 96
2 3 1232 -44.79 105.13 0 1445 0.00 99.16
-0.222791 0.006312 2.829644
32 14 28
2 3 1271 179.16 -121.80 0 1491 229.92 -115.83
-0.298149 0.164599 2.725386
20 18 19
2 3 1288 31.65 117.67 0 1527 74.65 110.51
-0.325970 0.157363 2.718971
24 18 22
2 3 1295 -7.76 106.92 0 1542 38.82 99.76
-0.185453 0.081362 2.741880
37 29 35
2 3 1305 171.40 13.76 0 1473 212.01 12.57
-0.302387 0.182371 2.706558
156 148 157
2 0 102 60.50 133.50 8 377 84.90 127.90
-0.320015 -0.014212 2.773013
124 113 112
2 0 235 79.50 -135.50 8 268 80.50 -173.50
-0.249618 -0.009521 2.854693
121 100 107
2 0 283 222.50 -159.50 8 310 223.50 -192.50
-0.315918 0.172560 2.565048
22 15 20
2 0 376 3.30 123.10 8 653 -4.14 125.74
-0.388500 0.179168 2.700861
35 29 29
3 0 405 -47.10 120.70 8 648 -35.82 128.62 6 638 -48.78 118.54
-0.336637 0.155417 2.714605
17 6 12
2 0 425 23.70 96.70 8 768 41.94 89.74
-0.301403 0.161067 2.709484
126 115 124
2 0 442 64.50 107.50 8 419 86.10 96.70
-0.353420 0.140200 2.767790
64 58 58
2 0 464 22.50 65.50 8 1209 48.77 60.34
-0.314688 0.177917 2.710724
13 4 7
2 0 715 47.70 127.18 8 918 71.03 122.00
-0.285125 0.163921 2.736442
84 84 89
2 0 733 96.66 111.34 8 993 124.60 96.08
-0.375780 0.165962 2.704244
73 73 75
2 0 765 -30.06 107.02 8 901 -17.10 108.17
-0.336509 0.160576 2.647266
5 2 4
2 0 777 3.06 107.02 8 953 7.09 104.72
-0.310162 0.155395 2.737361
9 2 12
2 0 814 66.42 96.94 8 978 91.76 85.71
-0.275497 0.156511 2.721593
10 10 8
2 0 833 100.98 102.70 8 997 126.32 87.44
-0.334961 0.182551 2.736087
126 123 126
2 0 979 31.28 130.64 8 1261 59.72 129.02
-0.351764 0.164384 2.711222
12 8 7
3 0 999 3.64 106.44 8 1059 18.50 104.72 6 977 3.64 90.89
-0.349827 0.133654 2.730573
31 25 29
2 0 1051 14.00 64.97 8 1112 30.94 54.95
0.077707 -0.032388 2.360279
154 145 131
2 0 1070 209.27 11.40 8 843 229.14 -47.06
-0.309822 -0.004204 2.745082
56 46 40
2 0 1263 78.63 -106.79 8 1147 78.63 -146.19
-0.327535 -0.014280 2.776305
39 30 35
2 0 1276 72.41 -139.97 8 1311 71.66 -175.55
-0.285014 0.182528 2.712238
5 0 6
2 0 1305 83.61 134.99 8 1264 110.48 126.03
-0.336993 0.157556 2.709736
91 86 87
2 0 1326 21.40 100.15 8 1284 38.82 93.19
-0.355851 0.176848 2.642311
138 133 137
2 0 1415 -20.90 123.05 8 1316 -18.51 128.42
-0.359872 0.160109 2.694097
105 100 104
2 0 1441 -11.94 102.14 8 1328 -0.60 99.76
-0.344397 0.164907 2.720151
37 32 38
2 0 1451 14.93 108.12 8 1331 35.23 103.34
-0.321740 0.163459 2.722493
7 2 12
2 0 1453 44.79 108.12 8 1333 67.48 99.76
-0.363859 -0.004954 2.777047
53 38 43
3 0 1502 20.90 -136.73 8 1231 26.38 -171.07 6 1370 23.89 -171.07
-0.315547 0.155934 2.709807
121 118 115
2 3 122 -0.50 108.50 7 1076 160.88 49.42
-0.329862 0.016962 2.766795
105 93 104
2 3 306 7.50 -96.50 8 227 68.50 -129.50
-0.357590 0.027402 2.771398
36 26 16
2 3 577 -23.10 -88.10 6 526 32.10 -119.30
-0.328277 0.129834 2.721400
29 23 25
2 3 803 -11.34 69.58 6 751 34.74 40.78
-0.334577 0.016943 2.764509
100 86 91
2 3 841 0.18 -96.02 8 850 60.66 -129.14
-0.356599 -0.013599 2.746665
104 94 93
2 3 876 -41.58 -132.02 8 1027 17.46 -166.58
-0.368667 0.163521 2.719309
113 108 106
2 3 925 -58.57 111.63 6 956 -11.92 92.62
-0.300180 0.153654 2.717338
18 12 12
2 3 1074 22.64 104.72 7 1083 181.62 42.51
-0.355747 -0.011257 2.746974
114 106 103
2 3 1110 -39.56 -129.60 8 1145 18.50 -162.78
-0.197621 0.015055 2.758466
22 12 20
2 3 1114 163.65 -79.83 6 821 174.42 -110.42
-0.331982 0.132776 2.714901
82 77 74
2 3 1298 -18.51 74.67 6 1466 24.49 46.01
-0.303235 0.132510 2.723949
91 85 85
2 3 1302 20.90 74.67 6 1467 63.90 42.42
-0.317445 0.133005 2.726961
96 90 95
2 0 143 53.50 69.50 6 202 51.50 42.50
-0.352399 0.024621 2.761536
35 27 24
2 0 197 30.50 -88.50 7 288 150.50 -151.50
-0.353669 0.024591 2.766271
93 85 83
2 0 199 30.50 -90.50 6 264 31.50 -122.50
-0.314494 0.000700 2.771133
102 92 90
2 0 230 84.50 -116.50 6 312 78.50 -147.50
-0.145741 0.245660 2.676069
107 99 86
2 0 353 200.10 204.70 8 336 240.90 190.30
-0.327645 0.181437 2.711975
197 194 190
2 0 370 32.10 130.30 6 394 32.10 111.10
-0.344985 0.023758 2.762470
73 65 58
2 0 544 40.50 -88.10 7 307 158.50 -152.50
-0.358002 0.016604 2.764728
121 108 102
2 0 547 24.90 -101.30 7 603 146.10 -164.90
-0.388643 0.180273 2.702119
41 34 40
2 0 688 -47.34 121.42 6 918 -48.20 120.27
-0.358811 0.158252 2.713462
146 145 150
2 0 771 -5.58 98.38 6 702 -4.14 82.54
-0.175474 0.095519 2.730177
144 139 142
2 0 853 211.86 40.78 6 230 176.50 -10.50
-0.182949 0.050786 2.742959
156 143 137
2 0 865 213.30 -18.26 6 244 176.50 -58.50
-0.336953 0.176533 2.712907
77 67 66
2 0 988 20.92 123.72 7 1027 148.79 80.52
-0.375755 0.158964 2.711786
20 15 15
2 0 1022 -27.47 96.08 7 1202 105.59 63.24
-0.356449 0.016920 2.762690
126 112 109
2 0 1086 26.10 -99.19 7 900 145.62 -163.70
-0.194021 0.037043 2.747099
157 139 135
2 0 1233 205.12 -38.36 6 812 170.10 -74.42
-0.377103 0.013463 2.771299
82 75 68
2 0 1247 1.91 -113.01 6 1250 3.98 -146.19
-0.363418 0.007724 2.770311
72 62 60
2 0 1250 20.57 -117.16 6 1252 20.57 -150.34
-0.353190 0.005256 2.772382
37 25 25
2 0 1252 35.09 -119.23 6 1254 35.09 -152.41
-0.350230 0.027203 2.769541
16 5 4
2 0 1360 36.33 -88.96 6 1343 38.82 -118.82
-0.362627 0.015388 2.760882
107 96 92
3 0 1365 16.42 -101.40 6 1348 16.42 -133.75 7 1338 135.86 -166.10
-0.349405 0.011822 2.770401
81 68 64
2 0 1371 38.82 -108.86 6 1360 38.82 -141.21
-0.377676 0.013684 2.772276
90 81 76
2 0 1372 1.49 -113.84 6 1361 3.98 -146.19
-0.354931 0.001385 2.774091
27 17 18
2 0 1377 33.84 -126.28 6 1363 33.84 -158.63
-0.376261 0.000411 2.777543
55 44 49
2 0 1378 6.47 -133.75 6 1366 8.96 -168.58
-0.359199 -0.003906 2.775151
26 20 25
2 0 1379 28.86 -133.75 6 1367 28.86 -168.58
-0.313937 -0.002897 2.778054
21 11 13
2 0 1389 88.58 -123.79 7 1423 194.09 -187.50
-0.372963 -0.001623 2.778418
42 25 33
2 0 1397 11.45 -136.24 6 1368 13.93 -171.07
-0.369770 -0.002546 2.779552
58 44 54
2 0 1399 16.42 -138.72 6 1369 18.91 -171.07
-0.181279 0.202748 2.710682
31 16 11
2 0 1436 194.09 158.88 6 945 162.61 116.81
-0.355702 0.019311 2.769951
35 20 27
2 0 1477 29.86 -100.90 6 1347 31.35 -131.26
-0.369172 0.018695 2.770919
74 64 63
2 0 1480 11.94 -103.89 6 1421 14.93 -136.73
-0.337025 -0.007705 2.778709
71 59 59
2 0 1503 59.72 -136.73 6 1375 58.72 -168.58
-0.334987 0.021214 2.769305
31 18 19
2 0 1557 56.73 -93.74 6 1349 56.24 -123.79
-0.358188 -0.006835 2.768968
38 29 32
2 0 1572 28.07 -133.15 6 1486 24.49 -168.98
-0.451387 0.214765 2.699108
128 124 120
2 8 9 -120.50 183.50 6 9 -136.50 183.50
-0.450678 0.238301 2.693382
150 141 144
2 8 326 -117.90 216.70 6 331 -135.90 216.70
-0.387946 0.182119 2.705778
124 122 124
2 8 353 -31.50 132.70 6 389 -44.70 121.90
-0.326532 0.158688 2.721605
155 149 158
2 8 421 59.70 94.30 6 154 39.50 79.50
-0.280353 0.154609 2.723509
124 117 130
2 8 426 120.90 85.90 6 170 88.50 68.50
-0.304027 0.155442 2.721979
142 137 141
2 8 434 89.70 88.30 6 167 63.50 72.50
-0.268983 0.153911 2.723954
137 130 131
3 8 450 135.30 84.70 6 169 99.50 66.50 7 185 213.50 36.50
-0.335453 0.135189 2.722560
122 120 123
2 8 480 46.50 58.30 7 529 152.10 21.10
-0.307463 0.128866 2.727090
11 2 10
2 8 496 86.10 48.70 6 197 61.50 37.50
-0.331382 0.007438 2.766467
106 95 93
2 8 577 64.50 -143.30 6 307 56.50 -140.50
-0.330068 -0.012744 2.770195
29 24 26
2 8 607 65.70 -173.30 6 855 59.22 -169.46
-0.346217 0.132702 2.733694
29 26 35
2 8 787 37.62 53.74 6 1327 23.89 45.41
-0.349419 0.023588 2.760054
40 30 29
2 8 846 37.62 -119.06 7 894 151.38 -150.74
-0.328956 0.019229 2.768300
74 64 62
2 8 849 70.74 -126.26 6 560 62.10 -125.30
-0.386895 0.180598 2.712586
140 134 134
2 8 898 -25.74 128.91 6 641 -40.14 121.42
-0.258577 0.182488 2.713539
35 37 35
2 8 931 143.60 123.72 6 725 102.42 101.26
-0.345752 0.163392 2.719920
6 2 3
2 8 955 33.01 102.99 7 1047 145.33 61.52
-0.297176 0.155446 2.729799
134 127 136
2 8 996 103.86 87.44 7 825 197.46 40.78
-0.257238 0.152227 2.697233
73 66 74
2 8 1002 133.24 82.25 6 1006 86.58 66.70
-0.332947 0.008411 2.766489
118 107 106
2 8 1019 62.39 -142.39 6 834 54.90 -139.22
-0.269657 0.174173 2.717951
58 49 51
2 8 1085 132.54 113.01 7 793 210.42 63.82
-0.306047 0.159706 2.720871
114 109 109
2 8 1097 86.93 94.35 6 990 60.66 78.80
-0.341807 0.003009 2.769848
33 16 25
2 8 1143 51.67 -154.48 7 920 162.90 -179.54
-0.338355 0.157815 2.718480
25 18 25
3 8 1185 41.31 92.69 6 1177 24.72 79.83 7 1207 149.13 54.95
-0.334240 0.162241 2.734876
6 1 10
2 8 1195 56.24 100.15 6 1174 43.38 83.98
-0.354496 0.017205 2.761486
103 92 90
3 8 1293 29.86 -127.78 6 1346 26.38 -128.77 7 1336 145.82 -163.61
-0.314139 0.130980 2.720120
118 109 109
2 6 205 48.50 40.50 7 179 168.50 13.50
-0.290838 0.265470 2.709667
136 116 108
2 6 341 75.30 210.70 7 21 197.50 185.50
-0.447829 0.204404 2.698024
135 131 130
2 6 363 -129.90 166.30 7 33 17.50 149.50
-0.345299 0.131773 2.721835
50 41 35
2 6 442 15.30 43.90 7 169 141.50 17.50
-0.292757 0.155112 2.721512
176 169 172
2 6 453 74.10 71.50 7 181 192.50 42.50
-0.359771 0.011082 2.760949
120 108 113
2 6 551 17.70 -139.70 7 290 138.50 -170.50
-0.356850 -0.009082 2.763602
138 118 117
2 6 558 21.30 -168.50 7 329 138.50 -199.50
-0.345883 0.178710 2.712313
113 103 105
2 6 663 11.70 109.90 7 1023 140.15 85.71
-0.348845 0.178237 2.707586
16 6 11
2 6 666 4.50 108.46 7 781 132.66 86.86
-0.275640 0.159612 2.717768
149 141 153
2 6 722 88.02 75.34 7 843 203.22 46.54
-0.262320 0.173246 2.720253
100 91 100
2 6 729 103.86 91.18 7 1066 217.91 61.52
-0.301697 0.130961 2.719234
146 137 141
2 6 745 60.66 39.34 7 526 178.50 12.70
-0.258290 0.266537 2.717340
126 126 112
2 6 891 112.50 204.94 7 969 228.28 175.56
-0.296799 0.160785 2.723715
7 2 10
2 6 988 72.76 80.52 7 1077 191.99 49.42
-0.248858 0.177482 2.708313
149 139 145
2 6 1010 105.59 92.62 7 1198 217.56 67.39
-0.327147 0.007523 2.771743
136 123 123
2 6 1081 65.84 -142.39 7 1151 179.89 -175.22
-0.287582 0.161176 2.729500
129 123 128
2 6 1190 86.93 79.83 7 1310 205.54 47.90
-0.272950 0.153511 2.716569
115 105 119
2 6 1193 89.00 67.39 7 1219 203.05 38.36
-0.336076 0.021111 2.768074
114 94 94
2 6 1236 53.75 -123.38 7 1241 171.94 -156.56
-0.349022 0.007122 2.792975
115 102 107
2 6 1259 59.97 -160.70 7 1256 182.31 -187.66
-0.310553 0.002017 2.770569
123 108 112
2 6 1266 82.78 -146.19 7 1419 191.10 -178.54
-0.335274 0.157619 2.714597
8 4 10
2 6 1311 23.89 80.25 7 1306 148.30 52.88
-0.327166 0.156857 2.719294
13 2 7
2 6 1312 36.33 77.76 7 1307 160.75 50.39
-0.264938 0.153047 2.722266
63 52 60
2 6 1331 101.03 65.32 7 1398 214.99 36.45
-0.295102 0.131286 2.714517
49 42 43
2 6 1335 63.70 40.43 7 1404 179.16 12.57
-0.351541 0.011199 2.783551
81 65 66
2 6 1428 47.78 -148.68 7 1468 171.40 -179.73
-0.212136 0.121582 2.752240
47 37 56
2 6 1468 171.40 24.51 7 1319 272.72 -16.80
-0.186011 0.082676 2.740164
12 2 12
2 3 1176 170.70 10.57 6 1053 174.71 -19.70
-0.289026 0.158529 2.693151
20 10 9
2 3 1289 24.49 114.09 7 1390 164.23 57.35
-0.185416 0.046217 2.746500
146 133 119
2 0 1079 214.45 -30.07 6 515 176.10 -59.30
-0.419896 0.189519 2.888247
176 176 180
2 8 908 26.10 132.36 6 621 108.18 203.50
-0.211541 0.261681 2.723533
186 172 168
2 6 352 155.70 186.70 7 52 264.50 156.50
-0.224339 0.251927 2.726400
145 136 131
2 6 614 148.50 180.46 7 993 257.65 147.92
-0.195142 0.287313 2.722161
136 141 147
2 6 889 167.80 210.12 7 964 273.20 179.02
-0.218403 0.257398 2.723400
74 63 68
2 6 902 150.52 184.20 7 991 259.38 153.10
-0.201243 0.278339 2.729321
119 123 123
2 6 1122 169.87 204.25 7 973 274.93 170.38
-0.223652 0.269314 2.709274
45 26 25
2 6 1127 134.62 195.95 7 1165 244.52 169.00
-0.194603 0.221557 2.722340
135 128 122
2 6 1141 165.72 137.89 7 1000 269.75 106.44
-0.231191 0.055156 2.784383
71 62 79
2 6 1233 180.24 -69.47 7 888 276.66 -103.22
