# Bundle file v0.3
17 816
137.576171 0.0 0.0
0.965583 0.260086 -0.002009
-0.103393 0.376742 -0.920530
-0.238660 0.889056 0.390666
0.449133 2.411321 -1.540868
396.165594 0.0 0.0
0.989616 0.142104 0.021609
-0.143615 0.983757 0.107687
-0.005955 -0.109672 0.993950
0.409098 -0.721835 -2.786173
231.573009 0.0 0.0
0.938152 0.245558 0.244073
0.120226 0.430035 -0.894771
-0.324678 0.868775 0.373916
-0.261134 2.441496 -1.501577
180.216628 0.0 0.0
0.827849 0.294069 0.477692
-0.046832 0.884834 -0.463547
-0.558993 0.361376 0.746280
-0.985036 0.993626 -2.514325
-719.092905 0.0 0.0
0.977317 0.207164 0.043985
-0.211771 0.958117 0.192784
-0.002205 -0.197726 0.980255
0.328335 -0.971162 -2.573003
3394.013833 0.0 0.0
0.975872 0.180787 0.122432
-0.190697 0.978806 0.074661
-0.106340 -0.096207 0.989665
0.119000 -0.646384 -3.186012
2824.553340 0.0 0.0
0.976657 0.188086 0.103756
-0.197678 0.975986 0.091511
-0.084052 -0.109886 0.990384
0.170371 -0.704497 -3.113465
2433.078545 0.0 0.0
0.972933 0.204959 0.106736
-0.217239 0.968709 0.120041
-0.078793 -0.139979 0.987015
0.151970 -0.803425 -3.054612
2190.048422 0.0 0.0
0.978559 0.180856 0.098560
-0.196812 0.962140 0.188552
-0.060728 -0.203907 0.977105
0.190041 -0.986581 -2.982812
707.538434 0.0 0.0
0.862663 0.310334 -0.399382
-0.397876 0.903897 -0.157050
0.312263 0.294386 0.903233
1.483392 -0.048332 -2.515457
143.312543 0.0 0.0
0.913788 0.136089 -0.382715
-0.378364 0.627916 -0.680120
0.147756 0.766291 0.625273
1.528605 1.509390 -1.924259
297.902103 0.0 0.0
0.975345 0.219312 -0.024566
-0.220623 0.966403 -0.131875
-0.005181 0.134043 0.990962
0.514513 -0.035088 -2.848610
186.260612 0.0 0.0
0.830541 0.235883 0.504540
0.040950 0.877572 -0.477692
-0.555450 0.417404 0.719201
-1.067947 1.101708 -2.461380
548.792210 0.0 0.0
0.956122 0.289821 0.042844
-0.225804 0.822176 -0.522532
-0.186666 0.489930 0.851542
0.296779 1.103323 -2.673683
316.434695 0.0 0.0
0.972441 0.227141 0.052593
-0.210801 0.952938 -0.217880
-0.099608 0.200788 0.974558
0.297403 0.193235 -2.884511
-305.470182 0.0 0.0
0.992403 -0.043585 -0.115050
-0.035377 0.794557 -0.606158
0.117833 0.605623 0.786979
0.863744 1.398873 -2.284206
759.166386 0.0 0.0
0.977426 0.174081 0.119721
-0.184114 0.979764 0.078512
-0.103631 -0.098782 0.989698
0.140324 -0.660810 -2.915747
-0.558517 0.328812 2.774094
92 97 91
9 4 422 -221.10 -24.50 15 283 -151.50 -12.50 5 308 -214.50 -87.50 6 293 -198.50 -151.50 14 101 -131.50 104.50 16 594 -84.30 -95.30 0 8 -55.50 215.50 3 0 -208.50 204.50 10 315 3.30 219.10
-0.544987 0.333275 2.777202
141 140 145
9 4 696 -106.96 -9.33 15 280 -82.50 -3.50 1 599 -138.30 -100.10 5 901 -103.50 -73.27 6 805 -87.66 -137.78 14 289 -59.10 113.50 16 596 -11.10 -84.50 0 12 22.50 220.50 11 16 -55.50 190.50
-0.519540 0.355147 2.776234
77 67 72
4 4 149 134.50 122.50 15 1089 68.68 84.23 6 783 141.30 -9.62 8 919 136.69 -133.75
-0.519300 0.354327 2.776299
89 77 81
4 4 155 134.50 115.50 15 1010 68.68 82.74 5 271 133.50 52.50 6 584 141.30 -14.90
-0.553179 0.317035 2.771856
143 147 118
8 4 715 -195.08 -123.38 15 298 -135.50 -75.50 1 615 -194.70 -187.70 16 345 -66.50 -160.50 0 40 -35.50 144.50 3 305 -179.82 107.02 9 521 -17.10 154.54 10 519 20.34 145.90
-0.544652 0.331922 2.777010
138 142 142
7 4 697 -106.96 -21.43 15 536 -81.90 -10.10 1 763 -138.06 -108.98 5 1062 -101.77 -83.98 14 293 -57.90 106.30 0 334 22.50 213.10 3 388 -98.32 211.85
-0.551760 0.320919 2.773728
119 127 94
10 4 710 -179.53 -97.46 15 545 -127.50 -58.10 1 612 -186.30 -167.30 5 916 -174.35 -159.67 16 855 -58.86 -140.66 0 345 -26.70 162.70 3 398 -167.44 134.09 9 507 -7.02 171.82 10 329 32.10 163.90 11 43 -97.50 138.50
-0.547628 0.322956 2.774221
107 117 69
7 4 939 -145.32 -91.45 15 707 -106.38 -54.26 5 1080 -141.17 -150.34 0 516 -4.14 167.50 3 396 -136.33 142.73 9 514 17.46 174.70 12 306 -215.10 172.30
-0.544484 0.332024 2.776896
134 138 138
11 4 928 -105.50 -21.77 15 711 -81.90 -9.62 1 947 -136.33 -107.83 6 1122 -87.26 -148.26 14 487 -56.84 106.44 16 840 -9.90 -91.70 0 519 21.78 213.58 3 389 -94.86 211.85 10 498 85.14 216.46 11 19 -55.50 184.50 12 308 -195.90 217.90
-0.547031 0.342149 2.777472
133 136 145
4 4 911 -110.48 65.32 15 698 -84.78 42.22 1 932 -146.70 -43.89 5 1173 -105.50 0.62
-0.545896 0.341794 2.777121
129 132 141
6 4 584 -102.06 62.38 15 228 -80.50 41.50 5 754 -97.74 -3.86 6 790 -81.90 -70.10 14 261 -56.70 161.50 16 1194 -6.39 -38.36
-0.553719 0.321988 2.773868
143 148 116
10 4 929 -195.08 -83.98 15 936 -134.95 -50.80 1 1257 -195.08 -158.63 5 1302 -188.12 -148.68 16 1199 -66.52 -133.75 0 644 -36.11 170.38 3 534 -182.64 144.94 9 845 -15.92 179.78 11 514 -106.38 143.02 12 515 -238.86 170.38
-0.559156 0.336403 2.774190
147 146 151
7 4 909 -214.99 37.95 15 802 -146.70 25.23 5 1178 -207.53 -26.75 6 1246 -192.60 -93.93 14 477 -127.69 146.19 7 1316 -207.53 -178.54 16 1041 -81.04 -54.26
-0.552577 0.313066 2.770558
150 154 131
7 4 1068 -190.51 -154.65 15 839 -134.60 -95.73 16 1340 -65.69 -181.03 0 747 -35.42 129.60 9 754 -16.75 135.82 11 683 -106.96 104.72 12 553 -237.42 130.06
-0.569609 0.296512 2.832368
115 125 65
2 4 1057 -183.34 -90.15 15 1044 -127.90 -186.00
-0.560348 0.360474 2.751990
121 115 117
2 4 276 -215.10 213.10 15 14 -128.50 193.50
-0.559977 0.337239 2.773810
81 80 86
8 4 162 -220.50 45.50 15 502 -150.30 28.30 1 300 -208.50 -63.50 5 281 -213.50 -18.50 6 246 -196.50 -83.50 14 255 -132.30 145.90 7 591 -212.70 -169.70 8 578 -163.50 -202.10
-0.559495 0.336733 2.774219
151 150 156
8 4 805 -215.82 40.43 15 239 -150.50 25.50 1 302 -207.50 -65.50 5 890 -210.64 -24.88 6 1111 -193.01 -90.20 14 70 -131.50 145.50 7 592 -210.30 -172.10 8 289 -161.50 -205.50
-0.545719 0.334109 2.777187
91 91 96
6 4 692 -112.14 -0.69 15 532 -85.50 1.90 5 1055 -107.99 -65.32 6 957 -93.13 -130.29 14 288 -62.70 119.50 16 595 -13.50 -78.50
-0.546637 0.340546 2.776934
126 126 130
9 4 585 -110.70 53.74 15 231 -84.50 34.50 1 314 -138.50 -54.50 5 750 -104.94 -11.06 6 792 -90.54 -77.30 14 77 -60.50 155.50 7 989 -106.96 -166.58 8 765 -68.94 -198.26 16 278 -12.50 -44.50
-0.544974 0.340133 2.777769
97 104 113
5 4 597 -97.74 49.42 15 516 -74.70 27.10 1 315 -131.50 -56.50 14 269 -50.70 147.10 7 837 -96.30 -168.02
-0.539127 0.357872 2.773168
96 91 97
6 4 789 -25.05 179.37 15 177 -31.50 112.50 1 517 -81.90 37.90 5 855 -22.28 109.90 6 925 -6.73 40.78 7 775 -21.42 -48.50
-0.538138 0.356849 2.773464
105 97 108
3 4 644 -15.37 170.38 15 186 -26.50 107.50 1 522 -74.70 33.10
-0.545296 0.352263 2.774882
107 106 112
7 4 672 -82.76 144.46 15 212 -67.50 88.50 1 566 -120.30 10.30 5 881 -79.31 77.07 6 933 -62.03 9.68 7 978 -77.58 -78.45 8 918 -44.75 -121.65
-0.546843 0.341775 2.776756
128 131 140
9 4 678 -110.41 63.24 15 507 -84.30 41.50 1 585 -139.50 -47.30 5 891 -105.23 -2.42 6 946 -89.68 -68.08 14 260 -60.30 162.70 7 825 -106.38 -155.06 8 764 -68.94 -189.62 16 564 -12.30 -37.70
-0.546371 0.340446 2.778547
135 134 139
5 4 591 -109.26 52.30 15 260 -75.50 25.50 1 587 -139.50 -54.50 5 534 -104.70 -11.30 7 596 -105.90 -164.90
-0.559993 0.337285 2.773759
79 78 84
9 4 682 -221.00 45.96 15 236 -150.50 29.50 1 588 -209.10 -62.90 5 282 -214.50 -21.50 6 942 -196.81 -83.64 14 68 -131.50 150.50 7 987 -212.36 -170.04 8 287 -163.50 -201.50 16 831 -83.34 -48.50
-0.542806 0.333894 2.777531
126 130 141
3 4 699 -87.95 -7.60 15 284 -70.50 -2.50 1 602 -125.10 -98.90
-0.520371 0.354662 2.777333
131 122 121
8 4 151 127.50 119.50 15 217 64.50 78.50 1 729 30.42 4.78 5 269 127.50 55.50 6 237 134.50 -10.50 14 248 92.10 198.70 7 584 112.50 -97.70 8 570 130.50 -134.90
-0.560070 0.337604 2.773664
79 81 93
7 4 681 -221.00 49.42 15 501 -150.30 30.70 1 748 -208.62 -60.02 5 1050 -213.75 -17.63 14 396 -130.86 150.22 7 1166 -211.67 -169.00 8 1049 -163.98 -198.03
-0.545897 0.340661 2.777108
74 75 83
7 4 411 -104.70 54.70 15 232 -79.50 33.50 1 754 -132.30 -57.14 5 751 -100.62 -11.06 6 793 -84.78 -77.30 7 597 -99.90 -166.10 8 581 -65.10 -198.50
-0.547176 0.339812 2.776816
75 78 81
7 4 812 -116.29 48.73 15 233 -86.50 32.50 1 755 -143.82 -58.58 6 1115 -95.55 -81.91 14 266 -63.90 151.90 7 1173 -112.14 -169.00 8 926 -74.12 -204.60
-0.545194 0.352593 2.774702
77 78 84
8 4 895 -78.13 149.92 15 797 -67.21 90.89 1 917 -120.78 11.40 5 1162 -78.13 77.76 6 1083 -62.37 11.40 7 1162 -76.89 -77.76 8 1043 -43.71 -119.23 16 821 4.50 14.86
-0.545687 0.334035 2.777049
88 88 93
6 4 816 -112.14 -1.04 15 700 -86.22 1.90 1 943 -141.52 -95.73 6 1251 -93.06 -131.26 14 401 -61.74 118.54 16 836 -14.22 -78.74
-0.545006 0.333509 2.777293
140 138 141
8 4 996 -107.50 -5.35 15 817 -82.76 -2.42 1 944 -138.06 -99.19 5 1192 -103.02 -71.54 6 1255 -88.09 -136.24 14 483 -58.57 115.08 16 838 -11.34 -84.50 11 656 -55.12 191.12
-0.544512 0.331748 2.777063
134 138 138
7 4 1054 -104.51 -22.07 15 934 -81.04 -11.41 1 949 -138.06 -109.56 5 1301 -101.52 -85.97 6 1453 -86.59 -151.07 14 493 -58.57 104.72 16 1206 -10.53 -92.28
-0.547041 0.352141 2.774114
97 97 100
8 4 973 -98.54 146.93 15 796 -72.40 90.89 1 1100 -130.80 13.48 5 1284 -95.55 78.26 6 1345 -77.64 9.58 7 1403 -86.59 -80.00 8 1323 -59.72 -121.80 16 1184 -4.31 15.55
-0.560068 0.337414 2.773456
81 80 86
7 4 982 -220.96 45.41 15 801 -150.16 30.41 1 1108 -207.53 -61.17 5 1177 -214.99 -16.80 6 1351 -197.07 -82.99 14 555 -130.80 150.34 7 1409 -212.00 -169.58
-0.545856 0.333876 2.777033
82 85 89
8 4 995 -113.47 -2.36 15 806 -86.22 1.04 1 1119 -141.17 -94.35 5 1298 -110.48 -68.06 6 1362 -95.55 -133.75 14 560 -62.37 119.23 16 1202 -14.68 -79.83 11 654 -60.30 192.84
-0.543810 0.355550 2.773571
99 97 102
5 4 1035 -65.09 167.84 15 998 -58.23 105.13 1 1233 -110.48 27.99 5 1353 -61.51 99.76 6 1434 -47.18 31.68
-0.543896 0.333866 2.777471
135 137 148
4 4 700 -91.40 -9.33 15 1097 -77.64 0.62 1 1339 -137.35 -97.92 16 1430 -5.97 -80.00
-0.543079 0.333989 2.777690
135 140 146
6 4 1052 -90.18 -4.16 15 1017 -73.16 0.62 1 1345 -128.40 -103.89 5 1374 -86.59 -68.65 14 633 -48.27 117.57 16 1333 3.98 -86.47
-0.542267 0.333359 2.777428
71 73 84
6 4 1053 -83.01 -11.32 15 1098 -68.68 -5.35 1 1346 -122.42 -103.89 14 636 -43.30 110.11 16 1435 2.99 -85.97 11 318 -44.70 186.70
-0.544450 0.331586 2.777250
136 140 141
6 4 433 -107.10 -20.90 15 1099 -80.62 -14.31 1 1347 -134.37 -112.85 5 1376 -100.93 -86.57 6 1366 -86.59 -151.66 16 1433 -8.96 -94.93
-0.544897 0.333185 2.777079
143 142 147
6 4 428 -107.10 -10.10 15 281 -80.50 -3.50 5 555 -103.50 -73.70 6 611 -87.90 -138.50 14 105 -56.50 113.50 3 2 -98.50 222.50
-0.542719 0.334310 2.778168
121 130 140
5 4 698 -84.49 -2.42 15 533 -71.10 -1.70 5 904 -81.04 -66.36 14 402 -45.90 115.66 16 844 1.62 -83.06
-0.546949 0.319962 2.772111
111 119 85
4 4 1013 -146.31 -118.82 15 826 -105.23 -69.81 3 582 -134.37 117.07 11 676 -79.31 130.64
-0.519918 0.354056 2.778024
116 108 114
4 4 154 130.50 115.50 15 221 67.50 72.50 6 240 138.50 -15.50 14 55 97.50 193.50
-0.547245 0.324223 2.748636
153 157 132
2 4 244 -191.50 -154.50 15 51 -153.50 152.50
-0.579677 0.361122 2.770291
88 82 84
2 4 353 -229.50 171.10 15 115 -152.50 92.50
-0.552788 0.358704 2.764213
127 121 125
3 4 500 -143.82 202.06 15 118 -86.50 133.50 5 669 -138.06 132.94
-0.549498 0.358588 2.773077
126 117 120
5 4 501 -107.82 200.62 15 143 -78.50 106.50 5 670 -103.50 131.50 6 724 -84.78 60.94 7 754 -99.18 -28.34
-0.546183 0.352817 2.773925
63 62 67
3 4 572 -90.54 150.22 15 194 -69.50 93.50 7 813 -83.34 -74.42
-0.543856 0.353028 2.771885
94 93 98
4 4 573 -73.26 147.34 15 189 -57.50 103.50 5 737 -68.94 79.66 6 773 -53.10 11.98
-0.545792 0.340707 2.777854
110 110 118
2 4 586 -104.94 53.74 15 234 -77.50 32.50
-0.544931 0.333275 2.776959
141 140 145
3 4 600 -107.82 -9.62 15 708 -83.34 -2.42 14 403 -58.86 114.22
-0.573352 0.366311 2.763953
96 82 85
2 4 625 -202.00 199.76 15 125 -137.50 121.50
-0.539227 0.356840 2.773510
106 102 103
4 4 793 -25.05 171.07 15 185 -31.50 107.50 5 1038 -25.05 104.72 6 1099 -10.53 34.21
-0.544877 0.333474 2.777377
135 134 140
3 4 821 -105.92 -7.26 15 534 -81.90 -2.90 6 1118 -87.26 -135.82
-0.548652 0.318839 2.771362
143 150 129
2 4 840 -163.98 -123.38 15 556 -117.90 -73.70
-0.547661 0.338708 2.777039
136 137 145
8 4 917 -120.43 40.43 15 699 -90.54 27.82 5 1294 -116.45 -26.25 6 1358 -101.52 -91.94 14 400 -66.06 147.34 7 1417 -119.44 -178.54 16 832 -18.54 -51.38 11 315 -62.70 216.70
-0.552626 0.320817 2.774987
113 121 71
3 4 930 -185.13 -93.93 15 824 -129.42 -66.36 5 1199 -180.15 -156.14
-0.548797 0.318663 2.771567
141 150 125
2 4 943 -165.22 -123.79 15 829 -117.32 -75.00
-0.552468 0.313047 2.769624
149 154 123
2 4 952 -192.60 -156.14 15 949 -134.95 -94.35
-0.560290 0.337533 2.773816
83 82 88
5 4 1039 -219.17 46.01 15 1014 -150.29 30.48 14 619 -130.39 149.92 16 1190 -83.11 -46.66 11 491 -116.46 212.14
-0.545921 0.333680 2.776837
77 82 86
3 4 1050 -115.26 -4.16 15 926 -87.26 1.04 5 1372 -111.68 -68.65
-0.541986 0.378188 2.779532
145 146 147
2 1 48 -76.50 159.50 6 340 3.30 203.50
-0.552124 0.372962 2.777190
122 125 134
3 1 85 -136.50 130.50 6 633 -83.34 179.02 7 656 -91.98 83.98
-0.545303 0.371701 2.777361
138 133 134
3 1 90 -101.50 121.50 6 657 -32.94 158.86 16 97 24.50 112.50
-0.544858 0.366427 2.776288
129 124 121
2 1 95 -104.50 91.50 6 426 -37.50 117.10
-0.531989 0.367259 2.776742
142 144 148
2 1 112 -31.50 89.50 5 389 50.10 175.90
-0.531905 0.367538 2.775545
124 126 131
2 1 113 -29.50 89.50 5 621 49.14 176.14
-0.525991 0.373630 2.777007
140 140 137
4 1 124 9.50 119.50 6 82 119.50 144.50 7 418 96.90 43.90 16 122 120.50 101.50
-0.525713 0.370449 2.777932
143 145 144
4 1 126 9.50 104.50 5 633 105.30 190.54 6 683 115.38 118.54 8 688 113.94 -19.70
-0.522041 0.369200 2.776159
143 148 146
4 1 133 33.50 91.50 5 105 128.50 171.50 6 138 137.50 101.50 8 196 135.50 -33.50
-0.553710 0.357523 2.775503
114 113 119
2 1 155 -159.50 46.50 6 704 -119.34 62.38
-0.547649 0.365483 2.776270
114 112 114
2 1 156 -120.50 87.50 5 798 -75.85 185.93
-0.547269 0.364434 2.776100
132 135 137
2 1 161 -119.50 81.50 5 380 -74.70 177.10
-0.547416 0.361001 2.775664
97 97 95
3 1 167 -123.50 63.50 5 679 -83.34 150.22 8 452 -45.90 -58.10
-0.547346 0.360869 2.775669
105 108 102
3 1 170 -123.50 61.50 6 417 -65.10 77.50 7 438 -78.30 -12.50
-0.542566 0.358979 2.774886
116 115 120
3 1 191 -99.50 46.50 5 686 -47.34 125.74 7 772 -45.90 -34.10
-0.534706 0.366970 2.775893
133 136 137
6 1 198 -47.50 87.50 5 620 27.54 176.14 6 730 40.50 104.14 7 458 24.90 12.70 8 481 46.50 -34.10 16 166 71.50 77.50
-0.555146 0.354407 2.775172
111 109 100
2 1 207 -169.50 29.50 6 748 -135.18 40.78
-0.551145 0.355152 2.775178
111 110 105
3 1 228 -148.50 31.50 5 846 -120.78 109.90 16 215 -21.50 33.50
-0.517111 0.357726 2.753722
136 135 145
3 1 251 35.50 4.50 6 781 135.54 -9.62 7 818 112.50 -97.46
-0.515941 0.358294 2.750699
91 91 96
3 1 252 39.50 4.50 6 234 139.50 -8.50 7 585 119.70 -97.70
-0.550844 0.348463 2.774579
122 119 118
2 1 261 -152.50 -6.50 5 515 -128.70 55.90
-0.559766 0.330694 2.772316
140 142 142
2 1 340 -212.50 -99.50 14 100 -133.50 114.50
-0.544960 0.331637 2.777448
90 90 75
3 1 360 -140.50 -110.50 5 563 -105.90 -85.70 6 297 -88.50 -150.50
-0.543157 0.372153 2.776976
148 148 140
2 1 463 -89.10 121.90 6 852 -15.37 158.28
-0.532324 0.369232 2.776247
64 64 65
4 1 475 -31.50 99.10 6 670 62.10 117.10 7 716 46.26 24.94 8 678 66.42 -21.14
-0.529009 0.368043 2.776438
143 148 143
2 1 479 -13.50 90.70 6 911 86.58 104.72
-0.544551 0.359578 2.775165
108 109 104
2 1 510 -109.50 52.30 5 681 -61.74 134.38
-0.543340 0.333618 2.776102
149 145 145
4 1 603 -127.50 -100.10 14 291 -48.30 113.50 16 597 -1.50 -84.50 0 331 32.10 220.30
-0.547018 0.319083 2.774062
111 113 75
7 1 613 -163.50 -184.10 14 305 -81.90 41.50 0 525 -4.14 148.78 3 493 -132.88 113.01 9 527 17.46 154.54 10 518 54.90 147.34 12 54 -215.50 155.50
-0.524327 0.375308 2.779586
77 70 64
3 1 657 24.66 132.94 6 77 132.50 153.50 8 152 131.50 13.50
-0.547134 0.365568 2.777061
74 73 76
2 1 671 -119.34 88.30 5 1095 -70.67 187.25
-0.545419 0.362392 2.774933
92 91 96
4 1 680 -110.70 68.14 5 1107 -65.69 157.39 7 1091 -60.30 -5.18 8 848 -32.65 -52.53
-0.540676 0.367002 2.776106
78 76 81
4 1 684 -81.90 91.18 5 1123 -20.90 187.25 7 1057 -16.75 21.77 16 749 41.94 82.54
-0.540191 0.366927 2.775845
80 75 72
4 1 686 -79.02 89.74 5 935 -18.83 185.59 7 1059 -12.61 19.70 16 750 44.82 82.54
-0.535071 0.366924 2.776312
140 144 143
4 1 688 -50.22 88.30 5 943 24.72 177.29 6 909 38.20 104.72 7 907 22.64 13.13
-0.523432 0.369196 2.776577
130 134 135
3 1 698 20.34 92.62 5 103 120.50 174.50 7 194 109.50 11.50
-0.545769 0.341951 2.775646
123 123 119
2 1 740 -133.74 -48.50 5 1049 -97.62 -3.11
-0.546613 0.340537 2.775616
125 127 122
6 1 742 -139.50 -54.26 5 1054 -103.85 -11.41 6 1356 -89.58 -80.00 7 1320 -105.50 -166.10 8 1050 -68.59 -198.03 16 1196 -16.75 -46.66
-0.551168 0.322948 2.775282
141 140 119
2 1 768 -182.70 -156.50 14 413 -100.62 65.26
-0.552013 0.321194 2.773959
114 117 70
4 1 773 -187.02 -165.14 14 415 -104.94 58.06 0 650 -27.47 165.20 9 619 -6.73 173.84
-0.545389 0.371573 2.777051
151 145 147
2 1 837 -101.77 120.27 6 1135 -33.34 157.39
-0.524152 0.375152 2.777685
63 71 67
3 1 847 24.37 127.18 6 386 131.70 149.50 8 427 130.50 10.30
-0.560945 0.352293 2.774585
107 106 105
2 1 882 -200.27 21.77 6 1189 -182.64 32.97
-0.544663 0.353089 2.775342
114 114 114
5 1 913 -117.32 16.59 5 1024 -72.74 81.91 6 1079 -56.15 13.48 7 1134 -70.67 -73.61 8 1042 -39.56 -115.09
-0.520490 0.353692 2.782609
150 152 158
2 1 925 31.28 4.49 5 740 128.34 55.18
-0.517432 0.357160 2.759064
113 112 120
4 1 926 38.20 4.49 6 782 138.42 -9.62 7 1312 115.96 -98.91 8 1424 131.98 -136.73
-0.544802 0.341380 2.775846
96 97 91
2 1 935 -129.42 -52.53 5 1183 -90.57 -9.33
-0.546392 0.340604 2.776559
146 147 142
2 1 942 -139.79 -55.99 6 1249 -88.09 -79.00
-0.542463 0.332880 2.777034
93 93 90
2 1 946 -124.24 -106.10 5 1300 -83.61 -80.00
-0.547214 0.319469 2.774431
112 114 75
5 1 961 -163.98 -182.13 14 505 -82.76 44.24 0 655 -5.00 149.64 3 546 -132.88 115.08 9 647 15.73 156.56
-0.544629 0.365715 2.775709
143 145 142
4 1 1042 -103.85 86.05 5 1241 -53.75 182.77 6 1299 -35.83 111.10 16 1143 20.57 79.83
-0.530814 0.371726 2.776690
75 74 79
4 1 1049 -18.83 113.01 6 1281 77.64 134.99 7 1364 59.72 39.44 16 957 95.22 97.80
-0.559847 0.358919 2.774506
103 102 98
2 1 1060 -186.79 57.02 6 1288 -164.23 81.24
-0.549061 0.361375 2.774296
98 96 99
2 1 1071 -128.73 65.32 5 1250 -95.55 152.91
-0.541880 0.359031 2.775312
108 103 97
2 1 1084 -95.55 48.73 6 1318 -26.87 54.37
-0.539133 0.357757 2.774851
82 83 73
3 1 1087 -81.04 38.36 6 1325 -8.96 39.44 16 1177 41.31 36.29
-0.537778 0.356124 2.779759
117 117 119
2 1 1092 -81.04 32.14 5 510 -8.70 101.50
-0.545873 0.341729 2.775789
99 103 97
2 1 1110 -134.95 -48.73 5 1290 -98.54 -5.35
-0.544878 0.333551 2.776701
148 144 141
4 1 1120 -137.02 -98.50 5 1299 -101.52 -71.04 14 561 -58.23 115.08 16 1045 -10.19 -83.64
-0.551489 0.322730 2.774740
141 140 119
3 1 1124 -182.64 -156.56 14 571 -101.77 65.32 9 846 -3.48 179.78
-0.547819 0.323415 2.775215
121 123 85
4 1 1131 -163.98 -154.48 14 495 -81.04 64.97 3 574 -137.35 146.93 11 523 -76.14 147.34
-0.547186 0.364542 2.776661
141 142 144
6 1 1198 -120.43 82.74 5 1244 -74.65 179.78 6 1409 -57.93 106.92 7 1373 -68.68 15.55 8 1258 -41.80 -35.21 16 1144 8.13 77.76
-0.545681 0.364926 2.775923
135 137 137
2 1 1199 -110.48 82.74 5 1319 -61.51 178.59
-0.530915 0.374064 2.778136
149 142 140
3 1 1203 -18.41 127.53 6 1381 81.82 153.50 8 1262 83.61 12.57
-0.535905 0.373124 2.777833
148 147 143
5 1 1205 -48.27 125.04 6 1380 42.40 153.50 7 1360 26.87 60.34 8 1261 47.78 12.57 16 1150 72.41 110.94
-0.546974 0.361487 2.775589
101 95 98
2 1 1220 -120.43 65.32 5 1251 -77.64 152.91
-0.549788 0.352348 2.775697
94 93 91
4 1 1234 -145.32 15.55 5 1354 -111.68 85.42 6 1435 -97.34 17.34 7 1496 -111.68 -72.24
-0.545995 0.340432 2.776490
132 135 131
2 1 1246 -137.85 -56.61 5 1365 -100.93 -14.91
-0.544198 0.334089 2.776690
144 140 138
3 1 1255 -132.88 -96.42 14 632 -53.25 117.57 16 1331 -5.97 -81.49
-0.521145 0.368876 2.777828
133 129 133
2 1 1320 41.80 93.19 5 106 132.50 170.50
-0.546209 0.340141 2.775909
138 138 138
2 1 1336 -137.35 -59.10 14 618 -58.23 152.41
-0.544180 0.331658 2.778393
148 148 131
2 1 1341 -137.35 -112.85 14 562 -58.23 104.72
-0.558675 0.330719 2.773113
93 96 97
2 1 1414 -208.42 -100.90 14 700 -129.59 114.09
-0.549822 0.366325 2.764276
131 128 132
3 5 20 -100.50 183.50 6 401 -83.10 111.10 7 166 -93.50 19.50
-0.553970 0.364411 2.772380
138 134 135
2 5 21 -129.50 182.50 6 92 -112.50 111.50
-0.551418 0.362060 2.764790
112 107 114
4 5 70 -119.50 154.50 6 408 -99.90 82.30 7 431 -111.90 -7.70 8 450 -78.30 -56.90
-0.550288 0.362430 2.763750
112 111 113
2 5 71 -110.50 154.50 6 162 -92.50 82.50
-0.561671 0.332605 2.971330
116 115 120
2 5 147 -80.50 124.50 6 457 -128.70 54.70
-0.551744 0.354220 2.773616
109 112 117
2 5 162 -127.50 101.50 6 198 -110.50 32.50
-0.547622 0.339189 2.792729
133 136 134
3 5 290 -104.50 -11.50 6 595 -90.30 -79.70 7 598 -105.90 -167.30
-0.545481 0.334426 2.775690
92 89 97
2 5 314 -106.50 -63.50 6 275 -90.50 -128.50
-0.544739 0.331962 2.776845
113 117 121
2 5 324 -103.50 -83.50 6 296 -87.50 -148.50
-0.556242 0.356777 2.769203
110 109 117
4 5 405 -161.10 124.30 6 456 -143.10 54.70 7 497 -151.50 -34.10 8 206 -116.50 -80.50
-0.544768 0.363510 2.767464
109 98 112
3 5 407 -63.90 157.90 6 404 -47.10 85.90 7 429 -60.30 -5.30
-0.550542 0.361894 2.767426
114 114 116
4 5 409 -110.70 154.30 6 409 -92.70 82.30 7 432 -104.70 -7.70 8 214 -71.50 -56.50
-0.543155 0.355189 2.809235
41 43 40
2 5 434 -25.50 127.90 6 504 -15.90 58.30
-0.552791 0.354580 2.768707
116 116 121
2 5 459 -138.30 101.50 6 495 -120.30 33.10
-0.553765 0.351702 2.770465
56 51 56
2 5 465 -149.10 82.30 6 547 -131.10 13.90
-0.550985 0.352838 2.773738
106 106 104
3 5 489 -123.90 89.50 6 563 -105.90 21.10 7 546 -119.10 -67.70
-0.549921 0.352870 2.775575
117 117 115
3 5 490 -114.30 89.50 6 564 -96.30 21.10 7 547 -110.70 -67.70
-0.544172 0.354532 2.765758
115 115 117
4 5 492 -73.50 85.90 6 567 -56.70 17.50 7 549 -71.10 -71.30 8 560 -39.90 -115.70
-0.544295 0.354258 2.765083
27 26 31
2 5 496 -75.90 83.50 6 570 -59.10 15.10
-0.547245 0.333277 2.794273
147 147 153
3 5 550 -109.50 -61.70 6 606 -93.90 -126.50 7 835 -113.58 -214.10
-0.549991 0.363106 2.758826
112 111 113
2 5 665 -110.70 154.54 6 713 -91.98 82.54
-0.548991 0.356395 2.768525
122 117 123
2 5 676 -106.38 109.90 6 754 -89.10 40.78
-0.547975 0.363018 2.764178
125 120 126
3 5 678 -91.98 155.98 6 711 -73.26 83.98 7 759 -86.22 -6.74
-0.547878 0.361490 2.768241
112 110 123
4 5 680 -90.54 147.34 6 419 -72.30 76.30 7 439 -85.50 -13.70 8 461 -54.30 -61.70
-0.550570 0.354912 2.770679
105 109 112
2 5 713 -119.34 102.70 6 751 -102.06 33.58
-0.549018 0.354569 2.760556
116 116 114
2 5 718 -115.02 89.74 6 768 -96.30 20.62
-0.547945 0.355226 2.772050
109 107 112
3 5 726 -97.74 102.70 6 762 -80.46 33.58 7 793 -93.42 -57.14
-0.540566 0.356394 2.777277
117 117 117
4 5 728 -32.94 102.70 6 760 -18.54 35.02 7 780 -32.94 -54.26 8 730 -7.02 -96.02
-0.545680 0.334259 2.776316
87 84 91
2 5 760 -107.82 -64.34 6 801 -91.98 -129.14
-0.549902 0.365641 2.767370
133 136 146
2 5 789 -100.04 180.75 6 854 -82.76 109.90
-0.542119 0.333022 2.780608
89 93 96
2 5 907 -77.58 -78.45 6 963 -63.76 -142.39
-0.543143 0.332227 2.786325
70 78 81
2 5 908 -82.76 -80.18 6 964 -68.94 -145.84
-0.538566 0.367377 2.776123
83 79 78
5 5 936 -2.24 185.59 6 1012 12.28 113.01 7 1058 -2.24 21.77 8 999 20.57 -25.92 16 746 52.02 83.98
-0.559514 0.353151 2.770050
77 75 76
2 5 970 -190.94 100.57 6 1032 -172.27 34.21
-0.558652 0.351718 2.781299
103 103 110
2 5 971 -180.57 98.50 6 1066 -163.98 30.07
-0.556107 0.352834 2.810947
119 116 116
2 5 979 -139.10 131.67 6 1039 -128.73 61.17
-0.551258 0.355639 2.762989
112 113 117
2 5 1008 -128.73 102.64 6 1057 -110.07 34.21
-0.554733 0.341500 2.879378
85 83 87
4 5 1016 -83.11 90.20 6 1069 -95.55 21.77 7 961 -119.05 -68.08 16 810 40.50 35.02
-0.548875 0.352624 2.772944
67 67 69
2 5 1023 -107.99 83.98 6 1077 -91.40 15.55
-0.539491 0.360490 2.767119
54 55 55
4 5 1034 -25.05 125.45 6 1090 -16.75 54.95 7 1142 -25.05 -34.22 16 809 33.30 43.66
-0.539288 0.358399 2.760014
64 64 65
3 5 1040 -35.42 102.64 6 927 -18.83 33.87 7 947 -34.38 -54.26
-0.545210 0.366964 2.770420
75 71 79
3 5 1096 -60.71 187.25 6 1163 -43.30 115.08 8 998 -27.12 -25.92
-0.543371 0.361839 2.758150
82 78 79
3 5 1115 -63.20 134.99 6 1224 -45.78 62.83 7 1270 -58.23 -26.75
-0.541274 0.367627 2.775971
80 79 85
3 5 1118 -23.39 192.22 6 1159 -8.46 120.06 16 743 39.06 86.86
-0.538068 0.368679 2.768724
67 66 65
3 5 1124 -3.48 187.25 6 1164 11.45 115.08 7 1233 -3.48 23.02
-0.539127 0.367309 2.774634
75 67 80
5 5 1126 -8.46 184.76 6 1167 6.47 112.60 7 1235 -8.46 20.53 8 1002 16.42 -27.99 16 968 48.56 82.25
-0.539569 0.366835 2.778789
69 64 78
4 5 1239 -8.96 185.75 6 1326 5.97 114.09 7 1371 -8.96 21.52 16 1140 49.60 83.98
-0.563617 0.332153 2.973851
104 104 110
2 5 1257 -107.50 129.02 6 1293 -161.24 57.35
-0.522906 0.369552 2.776481
154 146 152
4 5 1263 122.43 176.79 6 1330 131.38 105.13 7 462 118.50 12.70 8 1125 130.89 -31.73
-0.547459 0.339510 2.781204
81 83 86
2 5 1293 -110.48 -17.29 6 1357 -95.55 -82.99
-0.550356 0.365779 2.766217
135 130 130
4 5 1316 -104.51 182.17 6 1378 -86.59 110.51 7 1473 -97.34 17.34 8 1256 -65.69 -32.22
-0.537907 0.367004 2.776091
129 130 134
3 5 1334 2.99 182.17 6 1386 17.32 110.51 8 1270 23.89 -29.24
-0.544749 0.341661 2.775197
129 132 138
2 5 1364 -90.18 -7.74 6 1108 -74.82 -73.61
-0.545417 0.342575 2.740465
72 76 76
2 5 1366 -118.84 -18.49 6 1446 -97.34 -82.99
-0.545082 0.331689 2.772837
94 96 87
2 6 1123 -93.48 -152.41 14 629 -58.23 105.13
-0.574559 0.383952 2.766838
112 111 115
3 1 4 -229.50 183.50 7 314 -240.30 184.30 8 26 -203.50 121.50
-0.573985 0.387414 2.766696
146 140 108
2 1 6 -225.50 200.50 7 615 -231.66 210.70
-0.554364 0.382276 2.777347
145 153 160
2 1 15 -139.50 182.50 7 644 -94.86 155.98
-0.563796 0.381439 2.773701
128 124 123
2 1 39 -185.50 178.50 7 847 -167.44 160.01
-0.563301 0.377168 2.774154
148 142 142
3 1 44 -187.50 154.50 7 640 -169.74 130.06 8 609 -135.18 71.02
-0.549480 0.375809 2.777515
135 135 135
2 1 50 -119.50 144.50 7 372 -68.70 101.50
-0.542362 0.378171 2.775883
140 143 144
2 1 51 -82.50 143.50 6 636 3.06 203.50
-0.548828 0.362375 2.797456
117 123 121
3 1 68 -184.50 127.50 5 19 -76.50 184.50 6 108 -58.50 111.50
-0.566168 0.371753 2.772952
94 90 90
3 1 69 -204.50 126.50 7 646 -199.98 94.06 16 64 -83.50 129.50
-0.558577 0.365638 2.775049
108 102 96
6 1 83 -174.50 92.50 5 595 -163.98 203.50 6 648 -143.82 130.06 7 682 -152.46 39.34 8 415 -116.70 -13.70 16 79 -49.50 93.50
-0.560016 0.365317 2.774872
73 71 66
2 1 84 -181.50 91.50 6 647 -155.34 130.06
-0.536148 0.373553 2.777149
127 127 121
3 1 99 -48.50 126.50 7 410 24.90 63.10 8 424 46.50 12.70
-0.538319 0.373282 2.776778
121 126 125
2 1 102 -61.50 124.50 7 665 8.82 63.82
-0.525876 0.373717 2.778194
151 150 152
3 1 123 11.50 122.50 5 624 108.18 216.46 6 679 118.26 143.02
-0.565277 0.358628 2.772993
121 120 117
4 1 148 -212.50 56.50 5 640 -224.46 154.54 6 397 -205.50 85.90 7 733 -214.38 -2.42
-0.541258 0.366153 2.776121
148 148 149
2 1 157 -85.50 87.50 7 707 -24.30 16.30
-0.541135 0.359241 2.775044
104 99 102
2 1 188 -91.50 47.50 7 559 -35.10 -35.30
-0.559258 0.356410 2.767410
112 111 108
4 1 201 -169.50 39.50 5 674 -185.58 122.86 6 708 -166.86 53.74 8 487 -137.10 -80.90
-0.563725 0.354838 2.773240
112 112 115
2 1 204 -208.50 36.50 6 695 -199.98 55.18
-0.562646 0.351880 2.773778
107 109 96
3 1 211 -207.50 20.50 5 698 -214.38 99.82 7 504 -206.70 -55.70
-0.558578 0.352178 2.774410
106 102 98
3 1 212 -187.50 19.50 5 715 -184.14 96.94 8 704 -135.18 -103.22
-0.545430 0.356250 2.775429
108 108 107
2 1 223 -118.50 33.50 7 535 -71.10 -49.70
-0.547937 0.364652 2.720345
84 85 84
2 1 238 -71.50 33.50 7 214 -104.50 -32.50
-0.548777 0.322858 2.775185
138 139 107
2 1 366 -167.50 -157.50 6 813 -132.30 -211.22
-0.552744 0.320644 2.773362
118 121 77
3 1 368 -191.50 -167.50 5 572 -183.90 -160.10 3 167 -176.70 132.70
-0.547153 0.313357 2.771562
143 141 105
4 1 380 -166.50 -215.50 14 141 -83.50 16.50 3 338 -136.62 72.46 2 197 -130.86 193.42
-0.567826 0.380216 2.771443
99 104 104
4 1 420 -204.30 168.70 7 853 -198.54 154.83 8 789 -162.25 92.62 16 397 -84.30 172.30
-0.563250 0.376198 2.774106
143 142 145
3 1 423 -187.50 149.50 7 859 -170.89 123.72 8 793 -136.33 63.24
-0.561799 0.371768 2.775309
123 121 118
3 1 426 -186.30 127.90 7 649 -166.86 91.18 8 370 -132.30 33.10
-0.564492 0.363219 2.773339
98 98 99
5 1 458 -204.30 81.10 5 923 -211.67 189.73 6 998 -193.01 119.23 7 1033 -201.30 30.07 8 836 -160.52 -23.16
-0.556181 0.362939 2.775570
144 148 146
2 1 460 -165.90 77.50 7 899 -139.79 16.59
-0.545568 0.371684 2.777596
123 114 117
2 1 461 -103.50 121.90 7 880 -46.48 64.97
-0.526059 0.371728 2.778275
156 156 154
2 1 474 8.10 112.30 5 815 103.86 201.48
-0.548349 0.360510 2.775256
108 110 104
3 1 491 -128.70 59.50 7 936 -86.22 -12.79 8 709 -54.54 -61.46
-0.565220 0.358603 2.773188
115 115 110
3 1 492 -212.70 57.10 6 883 -205.45 85.71 7 914 -214.09 -2.42
-0.561594 0.358011 2.774044
111 112 104
2 1 493 -195.90 52.30 5 830 -196.81 146.19
-0.559641 0.349664 2.774506
89 88 89
2 1 555 -195.90 6.70 5 871 -195.08 78.80
-0.569838 0.381483 2.770336
165 160 156
4 1 620 -212.94 174.70 7 1176 -210.01 164.85 8 1061 -175.18 102.64 16 1074 -93.48 179.37
-0.567753 0.380125 2.771585
105 111 111
4 1 621 -204.30 168.94 7 998 -197.16 154.48 8 941 -161.91 92.27 16 413 -85.50 171.10
-0.566320 0.372149 2.772612
94 90 91
3 1 637 -204.30 127.18 6 972 -193.01 187.66 7 1014 -199.23 96.42
-0.559994 0.368898 2.775255
146 142 135
3 1 647 -178.38 111.34 6 1131 -150.29 157.39 7 1217 -157.76 65.32
-0.530907 0.372692 2.777273
68 67 73
3 1 656 -19.98 118.54 7 905 62.39 47.69 8 826 81.40 1.04
-0.562883 0.356202 2.773861
95 91 88
2 1 705 -204.30 43.66 5 953 -209.60 133.75
-0.564127 0.355864 2.772952
71 68 65
2 1 706 -208.62 42.22 5 954 -219.97 131.67
-0.560399 0.349182 2.776194
103 103 100
3 1 714 -205.74 6.22 5 976 -201.30 77.76 8 899 -151.88 -119.92
-0.560048 0.337327 2.773424
81 86 80
3 1 749 -208.62 -62.90 6 1110 -197.16 -81.91 7 1315 -212.50 -168.58
-0.546854 0.314205 2.773294
143 140 105
3 1 803 -168.30 -215.54 14 325 -84.30 16.30 0 370 -7.50 121.90
-0.548251 0.383370 2.778679
142 146 148
2 1 814 -105.23 187.66 7 1188 -48.27 154.90
-0.546926 0.383292 2.778738
108 113 117
2 1 816 -98.32 185.93 7 1190 -38.32 152.41
-0.561051 0.362320 2.774507
141 145 143
4 1 861 -189.90 75.34 5 1222 -188.12 179.78 7 1367 -176.17 18.54 8 1109 -137.85 -31.73
-0.565066 0.357599 2.773008
106 103 101
2 1 874 -212.36 51.15 5 1226 -223.95 146.93
-0.563769 0.351729 2.773275
107 108 102
3 1 883 -212.36 20.04 6 1188 -205.04 32.97 7 1255 -214.99 -56.61
-0.559003 0.352796 2.774774
115 111 109
2 1 908 -189.90 23.50 5 1150 -185.13 102.64
-0.559483 0.352516 2.773034
99 95 92
2 1 909 -188.17 20.04 5 1152 -190.11 100.15
-0.546522 0.314092 2.770619
142 143 109
4 1 975 -157.07 -204.60 14 587 -78.96 17.62 9 761 18.50 127.53 12 349 -209.10 133.90
-0.569353 0.381206 2.770856
156 147 142
2 1 984 -211.67 175.22 7 1419 -208.42 164.25
-0.554643 0.383068 2.777174
162 159 158
3 1 993 -139.10 187.66 7 1330 -95.55 161.86 8 1206 -68.68 102.14
-0.549876 0.381846 2.779213
146 150 152
2 1 999 -116.29 183.51 7 1337 -62.71 146.93
-0.563140 0.368242 2.774574
137 142 136
5 1 1027 -195.08 108.86 6 1267 -176.17 155.89 7 1350 -182.14 66.31 8 1087 -145.32 10.57 16 920 -70.67 111.63
-0.564340 0.361962 2.773516
140 140 139
3 1 1034 -205.45 73.61 6 1372 -194.09 110.51 7 1463 -201.25 20.93
-0.532430 0.370122 2.775628
66 66 66
3 1 1051 -31.27 102.64 7 1231 46.28 30.48 8 1122 66.19 -16.80
-0.574032 0.383277 2.767650
101 101 103
2 1 1138 -229.92 182.27 7 1323 -238.88 182.77
-0.567716 0.379790 2.771459
87 86 91
2 1 1141 -205.04 164.85 7 1421 -197.67 153.50
-0.548111 0.383124 2.779019
136 139 143
2 1 1152 -105.50 187.25 7 1431 -47.18 153.50
-0.548991 0.382916 2.778613
99 104 108
4 1 1153 -110.48 184.76 7 1430 -54.34 153.50 8 1210 -29.86 96.17 16 1090 18.50 175.22
-0.547022 0.383410 2.778214
92 97 101
3 1 1154 -98.04 184.76 7 1335 -38.82 152.91 8 1212 -14.93 96.17
-0.559921 0.368542 2.775813
144 139 132
2 1 1180 -180.15 110.11 7 1450 -158.26 63.92
-0.537600 0.357619 2.774793
121 121 119
2 1 1229 -73.16 35.46 7 1399 -11.94 -53.13
-0.538642 0.366281 2.776614
124 132 132
2 1 1312 -71.66 87.21 7 1475 -4.18 13.76
-0.547055 0.323015 2.776146
140 141 120
3 1 1349 -161.24 -157.64 5 1389 -129.59 -154.65 16 1437 -35.83 -133.75
-0.559415 0.371318 2.754782
117 111 113
2 5 3 -169.50 223.50 7 114 -157.50 58.50
-0.559822 0.366408 2.759515
107 103 112
3 5 7 -178.50 192.50 7 396 -165.90 30.70 8 407 -129.90 -23.30
-0.557497 0.366115 2.764198
100 98 97
4 5 8 -159.50 192.50 6 91 -139.50 120.50 7 165 -148.50 29.50 8 169 -113.50 -22.50
-0.564145 0.364787 2.760160
112 101 105
2 5 9 -211.50 186.50 6 85 -191.50 116.50
-0.562305 0.329279 3.036594
155 149 159
2 5 50 34.50 216.50 7 84 -144.50 90.50
-0.561075 0.362394 2.771560
141 139 144
5 5 60 -189.50 176.50 6 86 -169.50 105.50 7 162 -177.50 15.50 8 172 -139.50 -34.50 9 316 15.30 179.50
-0.560552 0.363028 2.767320
121 125 130
2 5 61 -184.50 176.50 7 163 -174.50 15.50
-0.555618 0.364285 2.765791
118 119 130
2 5 67 -146.50 177.50 7 168 -137.50 15.50
-0.557740 0.354233 2.775984
96 89 94
2 5 116 -172.50 112.50 7 198 -165.50 -44.50
-0.547124 0.356820 2.770845
112 107 111
2 5 150 -89.50 112.50 7 235 -85.50 -46.50
-0.542319 0.356869 2.766712
91 92 98
2 5 209 -55.50 102.50 7 796 -53.10 -57.14
-0.559622 0.336443 2.781257
137 141 145
2 5 283 -211.50 -22.50 6 247 -194.50 -87.50
-0.548737 0.322868 2.794541
130 136 114
2 5 344 -136.50 -144.50 6 620 -122.70 -209.30
-0.563651 0.362334 2.767499
138 135 141
4 5 371 -209.10 175.90 6 394 -188.70 105.10 7 161 -199.50 15.50 8 165 -157.50 -35.50
-0.560231 0.364734 2.754219
127 129 134
2 5 372 -186.30 175.90 6 89 -165.50 104.50
-0.564786 0.358105 2.767924
100 99 102
2 5 396 -223.50 144.70 6 399 -204.30 76.30
-0.545491 0.362678 2.769874
108 101 109
2 5 410 -68.70 154.30 7 433 -65.10 -7.70
-0.564006 0.352599 2.774697
105 103 107
2 5 441 -223.50 107.50 7 471 -215.10 -47.30
-0.562938 0.348886 2.778602
112 112 109
2 5 451 -219.90 79.90 14 26 -135.50 215.50
-0.552739 0.350545 2.781106
122 112 120
2 5 467 -135.90 79.90 7 576 -132.30 -76.10
-0.559935 0.337260 2.776070
95 97 109
2 5 521 -215.10 -18.50 6 786 -197.10 -83.06
-0.560051 0.336826 2.781973
86 89 100
2 5 526 -213.90 -18.50 6 590 -197.10 -83.30
-0.544179 0.339461 2.786475
140 147 149
2 5 538 -80.70 -18.50 7 607 -81.90 -173.30
-0.559391 0.330661 2.788694
105 114 117
3 5 541 -215.10 -65.30 6 604 -198.30 -130.10 7 602 -215.10 -215.30
-0.558872 0.328164 2.788735
85 92 85
2 5 557 -213.90 -86.90 6 797 -198.54 -150.74
-0.550549 0.322039 2.807458
130 134 111
2 5 565 -144.30 -144.50 6 618 -132.30 -211.70
-0.564296 0.365163 2.758021
96 85 89
2 5 591 -212.94 187.66 7 675 -199.98 27.82
-0.563866 0.362544 2.765776
137 134 143
4 5 594 -211.50 174.70 6 697 -191.34 105.58 7 678 -199.98 16.30 8 438 -158.70 -35.30
-0.522859 0.369138 2.777973
159 139 141
4 5 636 124.02 177.58 6 452 135.30 101.50 7 466 117.30 10.30 8 695 132.66 -32.66
-0.563582 0.356873 2.763277
82 76 78
2 5 652 -218.70 130.06 6 693 -198.54 60.94
-0.550724 0.360901 2.771506
110 110 110
2 5 668 -110.70 150.22 7 752 -104.94 -11.06
-0.562396 0.349747 2.771740
89 85 88
2 5 705 -217.26 81.10 6 549 -198.30 12.70
-0.539085 0.357201 2.770988
114 113 118
2 5 729 -25.74 102.70 7 564 -26.70 -55.70
-0.559743 0.366672 2.767119
85 82 90
4 5 785 -174.35 203.21 6 841 -153.61 130.64 7 893 -162.25 39.05 16 443 -56.70 93.10
-0.558397 0.367629 2.761971
89 76 88
3 5 786 -163.98 203.21 6 842 -144.97 130.64 7 894 -153.61 39.05
-0.544932 0.367423 2.764037
80 78 71
2 5 802 -62.03 184.20 7 702 -57.42 19.18
-0.563839 0.359567 2.768065
79 73 75
2 5 825 -214.09 154.83 6 885 -195.08 85.71
-0.553566 0.358357 2.768859
116 110 111
3 5 843 -138.06 132.36 7 753 -130.86 -26.90 8 715 -96.30 -74.42
-0.538490 0.361360 2.767009
117 118 118
2 5 851 -18.83 130.64 7 941 -18.83 -30.07
-0.564440 0.350593 2.790368
108 104 101
3 5 857 -226.19 104.72 6 738 -205.74 37.90 14 230 -139.50 216.70
-0.562840 0.352046 2.770431
72 71 77
2 5 862 -217.55 97.80 6 917 -198.54 30.41
-0.546224 0.352230 2.776325
56 54 63
2 5 1026 -85.18 79.83 7 1161 -83.11 -77.76
-0.561286 0.362494 2.773197
140 139 142
2 5 1086 -187.62 179.78 6 1150 -170.20 107.62
-0.564190 0.362127 2.770668
143 137 139
4 5 1087 -212.50 177.29 6 1149 -192.60 107.62 7 1215 -202.55 18.04 8 1108 -160.25 -31.73
-0.556589 0.360376 2.773662
70 63 70
2 5 1105 -155.27 157.39 7 1257 -147.81 -4.36
-0.548466 0.362265 2.769024
92 91 96
3 5 1109 -93.06 154.90 7 1260 -88.09 -6.84 8 996 -56.15 -54.95
-0.559952 0.364625 2.769278
82 78 85
3 5 1218 -176.17 191.72 6 1270 -158.26 117.07 7 1365 -167.21 27.50
-0.558038 0.365144 2.770167
82 77 80
3 5 1219 -161.24 191.72 6 1269 -143.33 120.06 16 1133 -47.86 86.05
-0.565141 0.358445 2.774264
107 107 106
2 5 1310 -222.75 153.50 6 1396 -204.84 85.42
-0.559349 0.334454 2.797214
150 154 157
2 5 1361 -204.84 -29.24 6 1443 -190.51 -97.32
-0.567048 0.376395 2.766286
94 92 95
3 6 1 -193.50 211.50 7 72 -199.50 119.50 8 65 -162.50 59.50
-0.567049 0.376527 2.765691
102 100 103
3 6 321 -193.50 211.90 7 366 -199.50 119.50 8 368 -162.30 59.50
-0.557510 0.333000 2.976129
106 106 112
2 6 477 -48.30 53.50 7 533 -92.70 -48.50
-0.557453 0.349753 2.777972
100 99 105
2 6 559 -158.70 10.30 14 25 -107.50 216.50
-0.561784 0.324912 3.044845
116 116 119
2 6 1015 -41.64 75.69 7 1122 -145.32 -54.95
-0.567775 0.368042 2.771254
141 135 134
3 6 1126 -210.01 157.39 7 1201 -217.48 67.81 16 1113 -95.55 110.94
-0.560031 0.337584 2.774470
96 102 100
2 6 1245 -197.57 -81.49 14 476 -131.15 151.37
-0.563328 0.349180 2.780699
114 112 105
4 14 12 -139.50 219.50 7 785 -215.82 -68.66 8 750 -171.18 -111.86 16 513 -90.30 17.50
-0.564362 0.382433 2.772994
142 137 132
2 1 8 -187.50 180.50 8 604 -135.18 105.58
-0.548505 0.384046 2.779714
149 140 130
3 1 12 -111.50 193.50 8 344 -15.90 106.30 16 26 13.50 181.50
-0.528218 0.391186 2.781112
151 158 153
2 1 27 16.50 221.50 8 783 121.14 125.45
-0.567316 0.377304 2.772005
90 87 85
2 1 43 -204.50 154.50 8 608 -162.54 73.90
-0.567727 0.367550 2.772407
153 150 146
2 1 79 -215.50 105.50 16 67 -95.50 109.50
-0.551506 0.369959 2.777306
136 141 141
2 1 94 -136.50 115.50 16 70 -9.50 110.50
-0.530607 0.374309 2.778459
131 126 124
2 1 97 -16.50 129.50 8 824 86.58 13.13
-0.544203 0.361670 2.775886
100 101 103
2 1 168 -106.50 63.50 16 172 19.50 61.50
-0.539437 0.359790 2.775119
77 80 81
2 1 182 -81.50 49.50 8 220 5.50 -76.50
-0.543452 0.338086 2.775301
97 96 96
2 1 325 -123.50 -72.50 16 302 1.50 -61.50
-0.575193 0.388359 2.765034
173 163 152
2 1 385 -227.10 198.70 16 644 -110.70 210.70
-0.575326 0.384975 2.765475
160 159 162
2 1 386 -227.10 186.70 16 887 -117.32 191.12
-0.575419 0.384242 2.765714
104 103 106
2 1 387 -229.50 183.10 16 647 -117.90 189.10
-0.547546 0.382431 2.780851
137 142 146
3 1 401 -109.50 186.70 8 802 -15.37 96.08 16 50 24.50 175.50
-0.526158 0.390091 2.782207
163 159 158
2 1 411 26.10 217.90 8 58 136.50 117.50
-0.523566 0.375748 2.776835
124 129 131
2 1 440 27.30 127.90 8 154 132.50 10.50
-0.561654 0.370732 2.775004
147 153 163
2 1 446 -185.10 121.90 16 433 -61.50 121.90
-0.563317 0.368533 2.773968
135 141 137
2 1 450 -193.50 109.90 16 437 -72.30 111.10
-0.542683 0.372122 2.777133
148 150 142
2 1 464 -86.70 121.90 8 635 0.18 13.42
-0.535306 0.371859 2.777653
97 97 99
2 1 467 -45.90 118.30 8 647 50.58 1.90
-0.546800 0.365014 2.776569
73 71 71
2 1 470 -116.70 85.90 8 845 -37.84 -30.07
-0.530870 0.373063 2.776942
71 70 76
2 1 471 -19.50 119.50 8 646 82.26 3.34
-0.563587 0.354695 2.768978
119 118 113
2 1 497 -194.70 39.10 16 490 -87.90 31.90
-0.543538 0.358789 2.775022
109 109 111
2 1 513 -104.70 47.50 8 719 -24.30 -78.74
-0.537629 0.357652 2.775216
117 117 115
2 1 518 -73.50 36.70 16 503 47.70 33.10
-0.555204 0.350995 2.777546
104 104 105
2 1 545 -179.10 12.70 16 512 -45.90 18.70
-0.564281 0.382339 2.773066
143 138 133
2 1 625 -187.02 180.46 8 937 -134.95 104.72
-0.564127 0.381339 2.773162
158 161 160
3 1 626 -187.02 174.70 8 939 -134.95 98.50 16 655 -64.62 174.70
-0.550845 0.380448 2.778161
127 132 129
2 1 821 -122.51 172.11 16 905 3.64 163.47
-0.545665 0.382539 2.779262
111 111 111
2 1 823 -93.13 182.48 8 1076 -5.97 90.20
-0.566064 0.371951 2.772944
95 91 90
2 1 829 -203.72 127.18 16 915 -82.76 130.64
-0.546835 0.365210 2.776963
74 73 73
2 1 855 -117.32 87.44 8 1000 -37.49 -27.99
-0.529156 0.368213 2.775926
142 147 141
2 1 864 -13.64 90.89 16 759 99.54 78.22
-0.523421 0.369478 2.775657
142 146 146
2 1 871 20.92 92.62 8 694 126.90 -32.66
-0.516222 0.356885 2.765988
129 128 142
2 1 924 46.84 6.22 16 1314 138.35 5.60
-0.547319 0.384397 2.779797
104 91 85
2 1 988 -101.77 195.95 16 1234 26.38 182.27
-0.548819 0.384408 2.779369
132 122 113
2 1 989 -112.14 193.88 8 945 -22.98 108.86
-0.559110 0.375259 2.776289
114 114 114
2 1 1011 -170.20 146.19 16 1102 -43.71 144.11
-0.544420 0.375758 2.778487
88 85 87
2 1 1013 -93.48 144.11 8 1228 -5.97 42.42
-0.562076 0.371316 2.774961
141 145 147
2 1 1023 -186.79 125.45 16 1262 -63.20 125.04
-0.538577 0.373068 2.776469
150 154 156
2 1 1036 -62.37 123.38 8 1091 28.86 13.06
-0.542972 0.372184 2.776493
143 144 135
2 1 1037 -87.26 121.30 16 928 34.74 111.63
-0.547567 0.356331 2.775094
86 86 83
2 1 1088 -128.73 36.29 16 997 -3.28 35.60
-0.564517 0.381961 2.773385
142 136 131
2 1 1139 -190.11 179.78 8 1339 -136.76 103.34
-0.563906 0.376628 2.773888
149 149 150
2 1 1143 -190.11 152.41 8 1342 -140.34 67.51
-0.544637 0.383981 2.779243
123 119 118
3 1 1149 -85.60 189.73 8 1232 2.99 99.16 16 1239 38.82 174.80
-0.544613 0.376110 2.777933
87 82 86
2 1 1166 -93.06 144.94 16 1257 31.35 134.99
-0.545997 0.341357 2.775596
79 89 81
2 1 1244 -135.36 -51.63 8 1179 -63.20 -193.47
-0.574523 0.383752 2.766941
102 102 104
2 1 1270 -229.92 182.77 8 1329 -201.25 117.67
-0.537937 0.357237 2.774155
94 93 92
2 1 1329 -74.65 33.47 16 1421 44.79 30.48
-0.535589 0.372889 2.778387
137 137 135
2 1 1372 -47.18 124.84 16 1465 74.65 110.51
-0.563311 0.352408 2.776564
84 82 85
2 5 442 -217.50 107.50 16 204 -87.50 31.50
-0.544899 0.356785 2.765488
42 45 43
2 5 476 -75.90 105.10 8 524 -42.30 -100.10
-0.549469 0.355341 2.769465
117 115 120
2 5 477 -110.70 103.90 8 247 -72.50 -99.50
-0.566551 0.344979 2.770070
123 120 125
2 5 514 -257.10 47.50 8 563 -199.50 -143.30
-0.564159 0.362900 2.763320
144 138 145
2 5 593 -214.38 174.70 8 437 -161.10 -35.30
-0.554123 0.361060 2.765264
113 112 117
2 5 666 -140.94 150.22 8 453 -97.50 -59.30
-0.552386 0.352405 2.771369
111 114 123
2 5 719 -136.62 86.86 8 528 -95.10 -113.30
-0.563702 0.354613 2.775123
120 116 117
2 5 838 -217.55 123.72 16 198 -87.50 42.50
-0.565168 0.359247 2.768363
121 118 116
2 5 925 -224.11 154.48 16 721 -90.54 62.38
-0.552965 0.355996 2.765843
103 101 99
2 5 996 -139.10 110.94 8 867 -96.59 -94.00
-0.546421 0.353271 2.772635
115 111 126
2 5 1019 -87.26 86.05 8 910 -53.39 -114.74
-0.564429 0.365217 2.763475
86 79 81
2 5 1084 -212.50 192.22 8 989 -159.83 -19.70
-0.565021 0.359891 2.765024
123 119 116
2 5 1088 -224.94 154.90 8 1103 -170.20 -51.63
-0.546766 0.367535 2.765366
77 71 82
2 5 1233 -74.65 188.74 8 1114 -40.81 -26.75
-0.544975 0.367746 2.766274
75 67 79
2 5 1235 -59.72 188.74 8 1115 -28.37 -26.75
-0.559206 0.353053 2.773115
95 94 95
2 5 1343 -186.92 103.34 8 1282 -140.34 -97.92
-0.546790 0.353116 2.772358
71 69 80
2 5 1355 -90.18 85.42 8 1312 -56.73 -115.83
-0.549792 0.371076 2.775837
135 131 130
3 6 654 -68.94 158.86 7 400 -79.50 65.50 16 72 -0.50 112.50
-0.549214 0.371409 2.774242
130 126 133
4 6 655 -64.62 158.86 7 658 -76.14 65.26 8 411 -47.10 12.70 16 98 1.50 112.50
-0.530375 0.374757 2.776433
155 152 143
4 6 667 85.14 155.98 7 884 67.57 61.52 8 425 87.30 12.70 16 482 99.30 112.30
-0.544209 0.361263 2.772808
99 98 104
3 6 720 -43.02 72.46 7 764 -55.98 -16.82 16 168 16.50 55.50
-0.548597 0.322870 2.772008
147 153 115
2 6 970 -132.88 -211.51 16 612 -39.90 -133.70
-0.559643 0.367748 2.774464
89 88 95
4 6 983 -149.46 148.26 7 1040 -157.76 54.95 8 815 -122.51 2.76 16 704 -54.54 105.58
-0.559730 0.365710 2.773914
74 80 88
3 6 1005 -153.61 131.67 7 1041 -161.91 40.43 16 705 -55.98 94.06
-0.541968 0.357690 2.792133
85 87 87
2 6 1087 -16.75 61.17 16 801 41.94 47.98
-0.542552 0.357914 2.783755
116 119 124
2 6 1089 -27.12 54.95 16 803 30.42 45.10
-0.549519 0.371187 2.774570
129 124 127
4 6 1132 -68.18 157.39 7 1039 -76.89 65.32 8 975 -49.93 11.40 16 688 0.18 112.78
-0.525835 0.374506 2.778477
66 62 64
2 6 1142 120.93 149.92 16 935 124.60 108.17
-0.537646 0.367293 2.774071
130 131 139
3 6 1170 16.42 110.11 8 1004 26.79 -30.07 16 753 54.90 79.66
-0.545200 0.365059 2.774566
124 128 135
2 6 1173 -43.30 105.13 16 975 15.73 77.07
-0.528897 0.368625 2.775347
135 134 139
4 6 1181 86.10 107.62 7 1241 68.68 13.06 8 1124 88.58 -31.73 16 973 100.40 78.80
-0.519135 0.355381 2.780905
94 88 100
2 6 1242 148.30 -1.87 16 1315 145.82 3.11
-0.567704 0.370758 2.769831
149 144 140
3 6 1264 -206.03 176.79 7 1348 -212.00 84.23 16 1263 -93.06 122.55
-0.545562 0.371271 2.778029
135 131 130
3 6 1274 -35.83 155.89 7 1226 -45.78 62.83 16 927 22.64 111.63
-0.538790 0.372580 2.777948
145 141 138
3 6 1276 17.92 155.89 7 1359 5.97 60.34 16 1128 57.90 110.94
-0.563195 0.348645 2.780303
108 109 110
2 14 23 -139.50 216.50 16 196 -90.50 14.50
-0.544954 0.333287 2.776148
138 148 151
2 14 104 -58.50 113.50 16 296 -10.50 -84.50
-0.545995 0.334693 2.776603
139 143 153
2 14 279 -62.70 123.10 16 295 -14.50 -76.50
-0.558824 0.329091 2.773277
63 71 73
2 14 287 -131.10 105.10 16 592 -86.70 -92.90
-0.525324 0.321646 2.815453
142 141 145
2 14 332 99.30 -40.10 16 385 147.50 -198.50
-0.559925 0.349275 2.778508
108 109 112
2 14 382 -120.78 216.46 16 521 -72.30 13.90
-0.551730 0.319682 2.772942
89 101 60
4 14 421 -104.94 50.86 16 856 -58.86 -147.86 3 491 -168.13 123.38 10 624 31.28 156.56
-0.542185 0.333181 2.776827
65 68 73
5 14 485 -43.02 109.90 16 1049 5.36 -87.09 0 518 36.18 215.02 10 499 98.10 216.46 11 18 -44.50 186.50
-0.545797 0.315036 2.774180
120 129 106
2 14 514 -79.31 20.04 16 1065 -32.65 -178.68
-0.560213 0.339670 2.774984
87 94 104
2 14 552 -130.80 162.78 16 1189 -83.11 -36.29
-0.542499 0.333010 2.776181
60 63 68
2 14 568 -45.78 108.86 16 1205 1.91 -88.13
-0.559865 0.338502 2.774852
70 78 83
2 14 698 -129.59 157.09 16 1519 -83.01 -43.57
-0.526041 0.390641 2.777589
108 102 102
3 7 65 122.50 167.50 8 59 138.50 115.50 16 34 134.50 187.50
-0.535410 0.373747 2.776915
128 130 135
3 7 144 30.50 62.50 8 145 51.50 13.50 16 89 74.50 112.50
-0.543727 0.383537 2.777296
147 148 143
3 7 352 -14.70 147.10 8 622 7.38 91.18 16 54 41.50 170.50
-0.544837 0.382963 2.776386
143 145 143
2 7 354 -24.30 143.50 16 55 34.50 167.50
-0.554214 0.383365 2.777095
142 141 146
2 7 625 -91.98 163.18 16 18 -11.50 180.50
-0.531028 0.374903 2.775649
97 97 93
3 7 668 63.54 62.38 8 642 80.82 13.42 16 480 95.70 112.30
-0.523884 0.375293 2.775934
73 68 67
2 7 674 115.38 53.74 16 767 131.22 107.02
-0.525267 0.370779 2.778274
147 146 144
2 7 727 100.98 26.38 16 182 124.50 87.50
-0.545560 0.355972 2.777381
115 119 120
2 7 776 -71.82 -49.94 16 248 8.50 32.50
-0.548374 0.354892 2.776415
110 117 106
2 7 779 -94.86 -54.26 16 220 -7.50 29.50
-0.563862 0.380965 2.774376
143 147 150
2 7 856 -167.44 158.28 16 396 -63.90 174.70
-0.563363 0.377222 2.773657
147 146 146
2 7 1017 -170.20 129.60 16 680 -64.62 154.54
-0.561920 0.372231 2.772758
150 148 148
2 7 1020 -168.13 90.20 16 684 -61.74 127.18
-0.546265 0.373784 2.782941
84 84 82
2 7 1029 -45.78 88.13 16 926 26.10 130.64
-0.532458 0.369739 2.776375
59 59 58
3 7 1055 45.45 27.99 8 1009 66.19 -17.63 16 740 85.14 88.30
-0.528864 0.368576 2.775488
136 136 139
3 7 1066 68.26 13.48 8 1012 89.00 -32.14 16 771 100.98 78.22
-0.544112 0.360418 2.770482
112 117 113
2 7 1101 -58.23 -25.92 16 795 14.58 49.42
-0.567787 0.380135 2.771584
109 108 113
3 7 1178 -197.57 154.90 8 1064 -162.74 92.69 16 894 -84.49 170.38
-0.562074 0.371832 2.772843
152 151 155
2 7 1199 -170.20 87.71 16 1111 -62.37 125.45
-0.552280 0.374209 2.771825
141 145 156
2 7 1204 -95.55 87.71 16 918 -11.92 125.45
-0.566763 0.374570 2.774415
102 106 104
2 7 1327 -200.06 117.07 16 1079 -83.11 146.19
-0.528934 0.391472 2.778798
163 162 157
3 7 1342 104.51 179.78 8 1079 120.93 127.53 16 907 122.87 196.30
-0.523322 0.369421 2.778277
138 136 138
2 7 1384 113.47 12.57 16 1160 132.54 79.83
-0.544005 0.379856 2.777159
71 71 71
3 7 1438 -22.10 121.25 8 1221 0.00 66.31 16 1101 37.16 152.41
-0.542645 0.372376 2.773561
134 143 145
3 7 1455 -25.68 60.34 8 1246 -2.99 9.58 16 1275 33.84 110.11
-0.562520 0.367021 2.780988
131 136 143
2 8 406 -141.90 11.50 16 75 -68.50 111.50
-0.555591 0.344442 2.853188
136 140 139
2 8 493 -96.30 -74.90 16 229 -12.50 33.50
-0.552330 0.371432 2.781531
142 148 151
2 8 632 -64.62 27.82 16 77 -10.50 124.50
-0.524607 0.374777 2.775483
117 113 109
2 8 829 124.60 4.49 16 113 126.50 104.50
-0.545086 0.366561 2.776174
73 74 69
2 8 844 -24.01 -23.16 16 742 18.90 86.86
-0.546546 0.342206 2.770230
173 166 161
2 8 924 -68.94 -190.77 16 828 -12.78 -36.98
-0.539089 0.424282 2.616271
136 146 148
2 8 952 -14.68 96.42 16 1103 3.98 144.11
-0.551091 0.378928 2.784802
135 140 143
2 8 955 -43.71 81.91 16 670 4.50 167.50
-0.527944 0.393188 2.774412
155 156 154
2 8 958 122.18 127.53 16 675 124.02 196.30
-0.539286 0.359502 2.777943
112 112 113
2 8 1026 8.13 -75.69 16 805 43.38 45.10
-0.562552 0.391092 2.768043
118 98 126
2 8 1055 -112.97 149.92 16 889 -49.93 211.85
-0.567440 0.377831 2.770544
79 83 82
2 8 1065 -162.74 75.27 16 679 -84.78 157.42
-0.544397 0.384649 2.776398
85 89 92
2 8 1072 3.98 97.67 16 901 38.20 175.56
-0.526279 0.394095 2.771592
140 131 143
2 8 1191 131.38 126.03 16 1259 128.40 194.71
-0.546017 0.383186 2.776320
66 70 73
2 8 1215 -8.96 90.20 16 1243 28.86 169.83
-0.548401 0.385942 2.775604
77 78 71
2 8 1335 -22.10 110.51 16 1231 18.91 184.76
-0.559349 0.363708 2.787091
90 91 90
2 8 1366 -122.42 -7.74 16 1277 -53.25 97.67
-0.551682 0.314232 2.767941
135 135 100
2 1 788 -179.82 -195.38 9 25 -3.50 137.50
-0.546055 0.319382 2.775238
147 148 114
2 1 962 -157.07 -182.13 9 648 22.64 156.56
-0.546702 0.318422 2.774318
142 142 116
2 1 1267 -160.25 -186.00 9 855 18.91 152.41
-0.547306 0.343617 2.959917
125 120 126
2 5 56 132.50 218.50 8 18 143.50 167.50
-0.529524 0.367337 2.780042
147 150 159
2 5 96 73.50 175.50 8 193 86.50 -33.50
-0.546766 0.315067 2.775600
148 152 132
2 5 355 -143.50 -212.50 3 75 -135.50 80.50
-0.546886 0.316099 2.775492
147 150 134
2 5 582 -143.10 -204.50 3 189 -135.90 88.30
-0.545923 0.316360 2.774270
147 154 139
2 5 583 -135.90 -204.50 3 213 -127.50 89.50
-0.546766 0.315087 2.775719
149 154 131
2 5 586 -143.10 -212.90 3 198 -135.90 81.10
-0.524397 0.369496 2.780765
73 58 56
2 5 819 117.68 184.20 8 859 124.60 -24.88
-0.524738 0.369383 2.778239
143 141 147
2 5 950 111.81 181.44 8 860 119.41 -28.34
-0.548648 0.315705 2.774913
146 153 138
2 5 1083 -157.76 -204.25 3 500 -149.46 88.13
-0.549110 0.320359 2.774597
123 131 78
2 5 1207 -155.27 -168.58 3 544 -150.29 125.04
-0.566312 0.373013 2.766287
86 81 80
2 6 2 -193.50 185.50 8 123 -161.50 36.50
-0.567809 0.368228 2.770049
137 132 129
3 6 55 -211.50 157.50 7 107 -217.50 67.50 8 125 -177.50 12.50
-0.541361 0.367221 2.772412
133 132 137
2 6 105 -12.50 113.50 8 176 -0.50 -27.50
-0.534838 0.366547 2.777690
138 139 144
2 6 128 40.50 103.50 8 187 47.50 -34.50
-0.523381 0.368572 2.782644
118 109 101
2 6 135 135.50 105.50 8 192 134.50 -30.50
-0.552495 0.355323 2.767251
54 59 60
2 6 195 -117.50 36.50 8 239 -93.50 -97.50
-0.546584 0.340652 2.773383
135 136 135
3 6 252 -90.50 -77.50 7 832 -106.38 -166.58 8 300 -69.50 -199.50
-0.561828 0.373838 2.764406
128 121 114
3 6 323 -161.10 184.30 7 74 -166.50 90.50 8 127 -131.50 33.50
-0.558253 0.366628 2.767668
100 90 88
3 6 356 -143.10 129.10 7 395 -152.70 39.10 8 167 -116.50 -14.50
-0.550921 0.372253 2.766784
109 107 111
2 6 358 -80.70 159.10 8 142 -61.50 11.50
-0.545250 0.372820 2.770628
134 128 124
2 6 367 -35.10 159.10 8 417 -20.70 12.70
-0.544681 0.372934 2.770648
112 110 114
2 6 369 -30.30 159.10 8 418 -17.10 12.70
-0.531190 0.374484 2.777341
138 135 124
3 6 378 78.90 156.70 7 146 62.50 61.50 8 150 82.50 13.50
-0.524353 0.375243 2.780475
128 114 109
3 6 384 135.30 154.30 7 414 117.30 59.50 8 979 132.54 13.48
-0.564254 0.363056 2.771978
95 85 87
3 6 391 -192.30 115.90 7 398 -200.70 27.10 8 408 -159.90 -24.50
-0.555698 0.364115 2.766756
130 137 140
2 6 392 -128.70 106.30 8 175 -103.50 -35.50
-0.543858 0.362621 2.771917
110 109 114
2 6 442 -38.70 82.30 8 215 -23.50 -55.50
-0.523645 0.368164 2.785055
106 96 88
2 6 450 136.50 105.10 8 693 134.10 -29.78
-0.539307 0.360030 2.772235
115 114 113
3 6 512 -7.50 54.70 7 557 -21.90 -34.10 8 540 3.30 -78.50
-0.538732 0.358212 2.771047
115 115 118
2 6 515 -6.30 40.30 8 548 4.50 -92.90
-0.542135 0.356606 2.770676
118 121 125
2 6 520 -35.10 33.10 8 245 -20.50 -99.50
-0.563371 0.370123 2.764622
128 122 116
2 6 643 -176.94 158.86 8 405 -146.70 11.50
-0.551014 0.372531 2.764599
125 127 127
2 6 653 -81.90 158.86 8 638 -63.18 10.54
-0.549942 0.365379 2.769501
130 125 136
2 6 661 -81.90 109.90 8 442 -62.70 -31.70
-0.545965 0.361468 2.771832
128 130 141
2 6 718 -55.98 76.78 8 472 -39.90 -60.50
-0.547797 0.358911 2.767608
109 111 108
2 6 726 -76.14 56.62 8 500 -57.90 -79.70
-0.540819 0.359497 2.771616
101 104 100
2 6 728 -19.98 53.74 8 546 -7.50 -80.90
-0.549385 0.355764 2.767135
112 112 110
2 6 759 -93.42 35.02 8 519 -72.30 -98.90
-0.564055 0.362048 2.769727
139 133 137
3 6 846 -193.36 106.44 7 891 -200.27 16.59 8 663 -161.10 -34.10
-0.535492 0.371064 2.780673
34 34 32
3 6 862 45.11 141.00 7 904 29.56 47.69 8 825 50.29 1.04
-0.544147 0.360497 2.769941
103 103 108
2 6 901 -44.75 64.97 8 712 -30.06 -71.54
-0.561925 0.373406 2.767139
122 120 120
2 6 977 -159.83 183.51 8 965 -132.88 34.21
-0.560323 0.370471 2.765942
136 132 127
2 6 980 -153.61 158.63 8 814 -125.96 11.40
-0.523513 0.368844 2.781330
153 146 141
3 6 1019 134.62 104.72 7 1242 113.47 13.06 8 1010 132.54 -30.07
-0.545736 0.353688 2.766525
46 50 53
2 6 1078 -68.59 13.48 8 914 -51.66 -118.20
-0.566318 0.373008 2.767718
89 85 85
2 6 1124 -192.60 187.25 8 963 -161.91 38.36
-0.551417 0.372649 2.763624
136 132 129
3 6 1130 -85.60 159.87 7 1218 -95.55 65.32 8 1089 -65.69 10.57
-0.535864 0.373342 2.777884
137 125 123
3 6 1138 43.79 157.39 7 1229 26.38 60.34 8 1092 48.77 13.06
-0.547043 0.352552 2.771585
95 99 102
2 6 1223 -78.13 10.57 8 1023 -58.23 -119.23
-0.525299 0.374007 2.785380
162 153 146
2 6 1279 131.38 152.91 8 1096 130.89 13.06
-0.546051 0.365195 2.772003
120 132 130
2 6 1303 -50.76 105.13 8 1259 -35.83 -35.21
-0.538598 0.361624 2.764698
81 82 83
2 6 1317 -5.97 60.34 8 1314 5.97 -77.01
-0.567394 0.367422 2.772426
140 138 137
3 6 1370 -208.42 153.50 7 1448 -215.59 63.92 8 1237 -176.17 9.58
-0.528933 0.369310 2.773292
129 130 134
2 6 1389 85.40 110.51 8 1273 86.59 -29.24
-0.563849 0.352660 2.769181
87 89 77
2 6 1404 -204.84 35.26 8 1281 -173.19 -97.92
-0.544717 0.353893 2.765998
102 101 102
3 6 1437 -61.51 13.76 7 1498 -75.84 -75.82 8 1423 -43.59 -118.82
-0.553474 0.319308 2.771664
89 101 66
3 14 116 -109.50 50.50 9 324 -13.50 165.10 10 330 24.90 157.90
-0.549554 0.319661 2.773341
117 125 102
2 14 118 -93.50 47.50 3 296 -152.46 119.98
-0.546048 0.320208 2.774658
130 140 115
2 14 122 -75.50 47.50 9 31 24.50 159.50
-0.545608 0.314157 2.773656
123 133 110
3 14 326 -79.50 16.30 9 348 17.70 126.70 2 254 -124.24 198.03
-0.553474 0.318583 2.770127
89 107 57
2 14 576 -107.99 48.73 9 850 -10.95 162.36
-0.536385 0.307982 2.803189
88 101 61
4 14 595 -56.15 -94.35 0 672 19.19 6.22 10 758 76.56 -3.11 2 399 -89.58 21.52
-0.541704 0.302988 2.791769
94 104 69
3 14 680 -83.61 -74.03 0 891 -5.97 30.48 13 896 -90.18 99.76
-0.573730 0.384427 2.782730
132 130 86
2 7 0 -231.50 212.50 8 591 -197.10 147.34
-0.561975 0.387165 2.781528
144 126 139
2 7 4 -140.50 210.50 8 12 -111.50 147.50
-0.554148 0.387995 2.784925
138 137 118
2 7 5 -79.50 208.50 8 311 -54.30 148.30
-0.531917 0.383921 2.822029
88 78 76
2 7 14 123.50 197.50 8 321 137.70 156.70
-0.532155 0.382515 2.825009
148 138 134
2 7 16 122.50 191.50 8 23 138.50 152.50
-0.563824 0.381374 2.772470
134 138 141
2 7 22 -166.50 158.50 8 328 -134.70 96.70
-0.567310 0.377452 2.771089
107 103 102
2 7 25 -199.50 134.50 8 63 -162.50 73.50
-0.542681 0.382455 2.777189
98 102 105
2 7 50 -8.50 137.50 8 105 12.50 82.50
-0.530121 0.387339 2.794246
152 157 160
2 7 54 107.50 176.50 8 318 123.30 125.50
-0.528242 0.380881 2.802453
77 77 78
2 7 68 122.50 135.50 8 363 137.70 91.90
-0.563298 0.377440 2.773288
129 130 129
2 7 70 -168.50 130.50 8 74 -136.50 71.50
-0.566076 0.371169 2.775406
116 112 109
2 7 73 -199.50 92.50 8 369 -162.30 36.70
-0.543822 0.376324 2.784107
148 148 146
2 7 89 -21.50 103.50 8 387 2.10 53.50
-0.567143 0.368376 2.769568
129 129 125
2 7 109 -213.50 67.50 8 126 -173.50 11.50
-0.535802 0.374326 2.772687
138 142 143
2 7 143 24.50 62.50 8 148 46.50 12.50
-0.564149 0.363150 2.770940
109 110 106
2 7 159 -200.50 26.50 8 161 -159.50 -25.50
-0.567017 0.344093 2.853351
129 134 137
2 7 197 -248.50 -44.50 8 198 -200.50 -55.50
-0.544784 0.363650 2.767404
108 112 111
2 7 221 -59.50 -4.50 8 216 -31.50 -52.50
-0.554153 0.388386 2.783735
135 135 112
2 7 319 -79.50 209.50 8 593 -54.54 148.78
-0.534219 0.382001 2.838330
155 145 144
2 7 321 122.10 215.50 8 306 138.90 180.70
-0.536056 0.375706 2.856774
160 150 148
2 7 324 122.10 197.50 8 16 138.50 175.50
-0.526475 0.390877 2.780159
158 150 137
2 7 332 122.10 175.90 8 57 138.50 119.50
-0.530184 0.386039 2.798703
88 89 97
2 7 333 110.10 173.50 8 54 126.50 124.50
-0.529331 0.385961 2.799303
148 144 141
2 7 334 117.30 172.30 8 784 133.24 123.72
-0.567827 0.380294 2.771016
123 123 126
2 7 339 -198.30 155.50 8 607 -162.54 92.62
-0.563231 0.377188 2.774513
145 144 144
2 7 341 -169.50 130.30 8 75 -134.50 71.50
-0.543928 0.383921 2.776693
149 149 147
2 7 351 -15.90 149.50 8 355 5.70 93.10
-0.565471 0.359099 2.851343
100 97 95
2 7 367 -199.50 94.30 8 364 -161.10 72.70
-0.531013 0.374789 2.776296
119 119 116
2 7 412 63.30 61.90 8 423 82.50 13.90
-0.552239 0.356966 2.770788
118 117 113
2 7 529 -122.70 -37.70 8 507 -87.90 -83.30
-0.574083 0.381025 2.780561
121 120 118
2 7 617 -240.30 184.78 8 589 -204.30 121.42
-0.538012 0.372798 2.872800
41 32 26
2 7 626 124.02 206.38 8 769 138.42 194.57
-0.532437 0.382766 2.826979
153 143 141
2 7 627 122.58 197.74 8 599 139.86 158.86
-0.527908 0.388385 2.787480
148 143 141
2 7 631 118.26 170.38 8 1337 131.98 117.67
-0.546899 0.383918 2.775674
124 129 132
2 7 645 -38.70 153.10 8 351 -14.70 95.50
-0.549524 0.371828 2.771211
144 143 148
2 7 657 -79.02 65.26 8 410 -50.70 12.70
-0.542100 0.373420 2.770403
146 149 149
2 7 663 -24.30 63.82 8 644 1.62 11.98
-0.534101 0.368487 2.768059
141 141 141
2 7 718 24.66 13.42 8 684 46.26 -34.10
-0.525811 0.373368 2.780925
149 147 158
2 7 724 103.86 47.98 8 653 121.14 3.34
-0.567358 0.345605 2.845796
136 148 144
2 7 746 -248.94 -36.98 8 657 -201.42 -52.82
-0.551619 0.361817 2.767223
107 107 107
2 7 751 -112.14 -6.74 8 674 -79.02 -55.70
-0.544197 0.360645 2.769143
117 122 118
2 7 765 -58.86 -25.46 8 476 -30.30 -71.30
-0.548133 0.359459 2.770038
114 118 117
2 7 767 -89.10 -26.90 8 714 -57.42 -72.98
-0.538898 0.360218 2.772853
115 114 119
2 7 773 -18.54 -34.10 8 742 7.38 -77.30
-0.543708 0.358095 2.763955
91 92 89
2 7 774 -61.74 -48.50 8 550 -33.90 -94.10
-0.537168 0.358836 2.768761
106 111 105
2 7 777 -11.34 -49.94 8 744 14.58 -93.14
-0.538317 0.357897 2.767659
110 111 106
2 7 781 -21.42 -55.70 8 556 4.50 -98.90
-0.560053 0.337528 2.776111
108 112 111
2 7 823 -211.50 -165.14 8 922 -163.98 -199.41
-0.557750 0.388300 2.781736
125 125 95
2 7 845 -106.96 211.85 8 776 -81.04 149.64
-0.567201 0.377200 2.772328
107 103 102
2 7 855 -198.54 134.09 8 790 -162.25 73.61
-0.545141 0.375466 2.800214
97 97 97
2 7 864 -20.56 120.27 8 359 3.30 75.10
-0.539425 0.367873 2.768865
68 69 60
2 7 902 -13.64 18.32 8 851 10.55 -30.07
-0.532075 0.369996 2.772563
75 77 76
2 7 906 45.11 25.23 8 850 65.84 -21.43
-0.528552 0.368815 2.772968
144 144 144
2 7 909 69.30 11.40 8 854 88.31 -33.52
-0.525028 0.374277 2.778667
144 144 148
2 7 910 107.32 51.15 8 980 126.32 5.18
-0.524567 0.371573 2.775107
60 57 51
2 7 911 103.86 26.96 8 857 121.14 -17.97
-0.537209 0.358727 2.768565
109 114 108
2 7 946 -11.92 -50.80 8 884 14.00 -94.00
-0.528912 0.352460 2.842926
105 103 114
2 7 979 126.32 -55.99 8 886 143.60 -64.63
-0.547745 0.338034 2.783439
165 167 162
2 7 992 -113.87 -178.68 8 767 -76.14 -208.34
-0.573916 0.380270 2.783599
112 111 109
2 7 995 -240.70 183.51 8 935 -203.38 121.30
-0.554292 0.383462 2.771604
138 140 144
2 7 1003 -95.55 156.56 8 799 -67.21 96.08
-0.567256 0.377111 2.774040
101 100 98
2 7 1010 -199.23 135.82 8 942 -161.91 75.69
-0.563510 0.377537 2.770037
154 155 154
2 7 1012 -172.27 127.53 8 944 -137.02 67.39
-0.552373 0.375408 2.768432
119 120 118
2 7 1019 -95.55 92.27 8 964 -66.52 36.29
-0.550061 0.365391 2.768856
147 152 158
2 7 1047 -93.48 17.62 8 994 -64.45 -32.14
-0.567310 0.345446 2.843962
133 142 142
2 7 1080 -249.00 -40.44 8 983 -201.30 -57.02
-0.541109 0.359727 2.772713
110 114 113
2 7 1140 -35.42 -34.22 8 1028 -8.46 -77.76
-0.538711 0.357643 2.770319
115 115 113
2 7 1150 -22.98 -54.95 8 885 3.64 -97.46
-0.545677 0.342069 2.771405
164 161 155
2 7 1170 -97.62 -156.56 8 1048 -62.37 -191.81
-0.573785 0.380213 2.783199
99 98 96
2 7 1175 -239.87 182.27 8 1060 -202.55 120.06
-0.554278 0.383632 2.775000
146 145 150
2 7 1182 -93.06 162.36 8 1062 -65.69 102.64
-0.567482 0.370627 2.770472
162 158 159
2 7 1200 -212.50 85.22 8 959 -172.27 27.99
-0.537180 0.358521 2.769584
122 127 121
2 7 1297 -10.95 -51.63 8 1036 14.35 -94.35
-0.565720 0.344576 2.779071
172 173 168
2 7 1304 -242.36 -101.40 8 903 -193.36 -140.66
-0.564439 0.382206 2.771996
153 152 150
2 7 1325 -170.20 164.85 8 1194 -137.35 102.14
-0.551860 0.382164 2.780890
100 97 89
2 7 1332 -74.65 155.89 8 1207 -47.78 99.16
-0.548445 0.382225 2.782616
83 88 91
2 7 1334 -47.78 152.91 8 1071 -23.39 97.67
-0.559356 0.380889 2.774158
126 131 134
2 7 1336 -134.37 149.92 8 1213 -104.51 90.20
-0.566617 0.373472 2.778499
92 96 95
2 7 1345 -200.06 114.09 8 1198 -161.24 57.35
-0.544752 0.373068 2.768347
137 141 141
2 7 1357 -44.79 63.33 8 1094 -18.41 10.57
-0.539919 0.366899 2.769358
144 141 142
2 7 1375 -17.92 12.57 8 1275 5.97 -35.21
-0.532196 0.371287 2.771289
64 64 63
2 7 1380 44.79 33.47 8 1266 65.69 -14.31
-0.532184 0.368200 2.775839
139 143 145
2 7 1382 44.79 15.55 8 1272 65.69 -29.24
-0.560193 0.337788 2.774626
109 113 114
2 7 1408 -212.00 -163.61 8 1180 -165.22 -198.44
-0.556968 0.384242 2.775138
88 84 84
2 7 1424 -111.68 171.42 8 1333 -83.01 110.51
-0.548737 0.383700 2.782670
141 135 135
2 7 1426 -47.18 164.25 8 1201 -23.89 108.12
-0.546318 0.385920 2.774034
91 87 88
2 7 1427 -32.85 164.25 8 1204 -8.96 105.13
-0.544450 0.384976 2.776061
83 83 83
2 7 1428 -18.51 157.09 8 1350 2.99 99.76
-0.557967 0.380351 2.781299
91 98 99
2 7 1429 -122.42 153.50 8 1209 -92.57 96.17
-0.535173 0.374364 2.771384
136 139 146
2 7 1457 28.07 60.34 8 1381 49.57 10.18
-0.543648 0.368539 2.767124
134 139 142
2 7 1470 -43.59 28.09 8 1370 -18.51 -22.07
-0.534579 0.368442 2.771816
139 149 150
2 7 1479 24.49 17.34 8 1387 45.98 -29.24
-0.552930 0.354484 2.775977
98 103 97
2 7 1489 -129.59 -50.74 8 1409 -93.76 -93.74
-0.548032 0.322732 2.775142
95 98 68
2 16 615 -36.30 -136.10 9 317 16.50 175.90
-0.549597 0.317700 2.772195
126 134 113
3 3 303 -152.46 108.46 9 34 3.50 150.50 10 50 40.50 143.50
-0.545235 0.316121 2.773952
118 127 107
2 3 317 -122.22 88.30 9 45 23.50 136.50
-0.545992 0.316041 2.773753
121 131 104
2 3 415 -127.69 89.16 9 338 18.90 137.50
-0.553414 0.313488 2.767223
141 145 121
3 3 487 -174.35 86.05 9 638 -13.64 139.28 13 491 -122.22 215.02
-0.546154 0.318787 2.775299
124 130 118
2 3 548 -127.90 110.11 9 651 19.19 151.37
-0.555473 0.364834 2.751690
99 101 95
2 1 173 -128.50 59.50 14 32 -54.50 223.50
-0.553678 0.321303 2.772982
145 144 122
2 1 1350 -194.09 -160.62 0 876 -35.83 170.82
-0.551415 0.322577 2.774805
146 145 124
2 1 1421 -183.34 -158.23 0 877 -23.89 170.82
-0.553554 0.322470 2.773024
143 149 121
2 5 564 -187.50 -144.50 3 164 -181.50 147.10
-0.552691 0.321236 2.773443
122 129 84
2 5 1069 -182.64 -156.56 3 475 -176.42 137.89
-0.551659 0.321338 2.773283
125 130 84
2 5 1071 -174.35 -156.56 3 489 -168.13 135.82
-0.551437 0.320034 2.773350
136 143 100
2 5 1074 -174.35 -166.93 3 399 -167.44 125.45
-0.548310 0.323519 2.769467
116 125 101
2 14 112 -80.50 65.50 10 27 56.50 173.50
-0.546622 0.323126 2.774383
98 108 82
4 14 119 -75.50 61.50 0 46 2.50 167.50 9 28 24.50 175.50 11 46 -72.50 143.50
-0.493266 0.332993 2.724666
118 118 134
3 14 123 103.50 59.50 11 81 101.50 94.50 13 22 125.50 215.50
-0.545402 0.315616 2.769623
110 122 85
3 14 144 -74.50 25.50 11 70 -72.50 112.50 2 181 -116.46 206.38
-0.504832 0.309411 2.770742
117 116 123
2 14 156 100.50 -40.50 11 379 99.30 46.30
-0.546315 0.294093 2.772910
122 131 105
3 14 159 -99.50 -72.50 11 113 -100.50 20.50 13 318 -111.90 101.50
-0.545810 0.352143 2.777471
109 109 109
2 14 240 -42.30 217.90 16 537 4.50 15.10
-0.547730 0.351050 2.777931
111 110 116
2 14 243 -54.30 215.50 16 543 -6.30 11.50
-0.474450 0.352572 2.655183
129 124 125
2 14 298 99.30 89.50 11 82 96.50 92.50
-0.551219 0.317502 2.771956
137 148 114
2 14 307 -101.10 39.10 11 340 -96.30 123.10
-0.503050 0.289302 2.786409
152 137 140
4 14 378 100.50 -162.50 11 192 107.50 -69.50 12 403 -35.10 13.90 13 366 128.10 -6.50
-0.552781 0.319267 2.772208
91 103 69
3 14 420 -109.26 50.86 3 484 -174.35 123.38 9 622 -11.92 163.47
-0.553350 0.317374 2.772098
132 141 118
4 14 422 -112.14 40.78 3 485 -180.57 108.86 11 63 -106.50 122.50 12 50 -237.50 148.50
-0.553240 0.313912 2.771030
111 120 90
2 14 425 -112.14 24.94 11 361 -107.10 108.70
-0.547088 0.319164 2.771754
88 100 55
2 14 428 -81.90 43.66 10 626 55.48 147.92
-0.541983 0.310553 2.804313
113 122 92
2 14 432 -103.50 -68.66 10 639 26.10 25.23
-0.541522 0.294730 2.772435
105 116 74
3 14 438 -79.02 -72.98 11 382 -79.50 19.90 13 513 -87.66 101.26
-0.543823 0.305719 2.811274
79 87 66
2 14 459 -146.70 -139.22 10 556 -30.06 -54.26
-0.545774 0.319062 2.774088
132 141 119
2 14 508 -77.58 40.78 10 725 59.97 146.19
-0.543374 0.305195 2.811182
129 131 134
2 14 539 -141.52 -144.12 10 575 -25.74 -57.14
-0.552765 0.321409 2.774055
87 101 52
5 14 574 -107.99 59.10 0 879 -29.86 167.84 9 912 -11.94 176.79 11 663 -101.77 139.28 12 671 -234.83 166.92
-0.553285 0.317313 2.772277
132 141 120
3 14 579 -112.14 42.51 0 739 -35.42 148.26 9 739 -16.75 156.56
-0.516717 0.297438 2.779742
137 141 150
2 14 600 43.38 -98.50 11 774 41.31 -1.04
-0.510693 0.299301 2.780979
113 118 122
2 14 606 76.56 -98.50 11 838 76.14 0.62
-0.511029 0.297459 2.781194
93 96 101
2 14 609 72.41 -106.79 11 788 72.41 -9.33
-0.509025 0.297521 2.781568
141 146 150
3 14 610 82.78 -106.79 11 789 82.78 -9.33 13 808 103.51 60.34
-0.544550 0.307161 2.809183
129 125 127
2 14 649 -145.32 -113.84 10 833 -25.88 -24.26
-0.483814 0.275646 2.741622
143 149 153
2 14 686 95.55 -112.85 11 715 103.86 -68.08
-0.548431 0.323399 2.774564
122 132 99
2 14 706 -86.59 63.92 0 929 -7.76 171.42
-0.540577 0.367891 2.893913
155 145 143
2 7 11 122.50 208.50 8 302 138.90 213.10
-0.540311 0.367564 2.895327
139 134 134
2 7 12 127.50 207.50 8 3 143.50 213.50
-0.541532 0.364029 2.904263
160 149 146
2 7 326 122.10 191.50 8 5 139.50 207.50
-0.550680 0.314550 2.773622
119 123 99
3 16 352 -58.50 -173.50 10 72 29.50 130.50 13 4 -117.50 215.50
-0.468219 0.322574 2.644307
135 140 148
2 16 359 148.50 -138.50 11 104 99.50 47.50
-0.550774 0.313085 2.773397
137 144 106
2 16 375 -60.50 -183.50 10 89 27.50 119.50
-0.553772 0.322380 2.775643
128 136 114
2 16 601 -66.30 -133.70 0 342 -36.30 171.10
-0.548394 0.323557 2.775698
108 122 96
2 16 849 -37.26 -132.02 9 510 14.58 180.46
-0.552065 0.319366 2.773811
96 106 46
2 16 1210 -60.30 -150.34 0 735 -29.20 154.48
-0.505225 0.313297 2.820119
144 130 137
2 0 189 173.50 -65.50 9 422 184.50 -71.30
-0.505153 0.313278 2.820433
142 121 119
2 0 190 173.50 -67.50 9 569 183.06 -71.54
-0.551550 0.322495 2.774210
116 127 85
3 0 336 -23.10 172.30 9 315 -2.70 180.70 10 317 34.50 173.50
-0.510563 0.326146 2.793835
149 152 162
2 0 375 176.10 76.30 9 82 193.50 72.50
-0.551476 0.322752 2.774828
123 134 93
2 0 511 -24.30 171.82 9 506 -2.70 180.46
-0.510161 0.326660 2.789633
165 164 162
2 0 540 171.54 92.62 9 667 188.53 71.88
-0.503524 0.314306 2.815245
136 127 135
2 0 580 171.54 -44.18 9 566 183.06 -48.50
-0.547678 0.323965 2.775354
121 126 95
2 0 643 -3.28 172.11 9 625 19.19 179.02
-0.545188 0.314022 2.769666
125 137 103
2 3 80 -122.50 75.50 11 72 -73.50 106.50
-0.518862 0.299618 2.800256
95 99 106
2 3 245 70.50 -101.30 11 392 52.50 -1.70
-0.547080 0.319013 2.771296
101 106 71
3 3 300 -132.30 111.34 10 351 54.90 147.10 11 62 -79.50 126.50
-0.518104 0.299908 2.801862
125 132 143
2 3 360 85.14 -104.66 11 159 60.50 -4.50
-0.518326 0.299154 2.802656
81 83 97
2 3 376 83.70 -114.74 11 175 59.50 -11.50
-0.517198 0.299974 2.804102
55 59 71
2 3 378 102.42 -113.30 11 172 72.50 -10.50
-0.547079 0.323597 2.775832
125 127 113
2 3 391 -131.15 147.92 9 512 21.78 179.02
-0.559415 0.311198 2.749433
126 135 106
4 3 419 -179.53 85.71 10 342 20.10 130.30 13 499 -125.10 206.38 2 255 -172.62 196.30
-0.543512 0.319081 2.807451
134 143 125
2 3 553 -160.25 85.22 10 36 24.50 164.50
-0.516108 0.301054 2.803272
61 63 76
4 3 567 108.49 -101.40 11 704 81.40 -2.42 12 789 -60.30 30.07 2 328 115.96 11.40
-0.549129 0.316313 2.773114
110 118 76
2 9 38 1.50 144.50 10 56 39.50 137.50
-0.545442 0.315943 2.776426
140 148 123
3 9 337 14.10 137.50 10 360 52.50 130.30 2 244 -131.15 210.12
-0.554086 0.319174 2.770092
90 99 65
2 9 508 -12.78 164.62 10 514 24.66 157.42
-0.551587 0.313772 2.774028
130 140 103
3 9 523 -18.54 137.26 10 737 26.79 123.38 13 494 -126.54 213.58
-0.544225 0.317799 2.777924
124 134 96
3 9 655 22.64 144.46 10 728 62.04 142.04 12 541 -210.06 148.78
-0.546769 0.315328 2.777062
126 132 104
3 9 749 3.98 137.89 10 736 45.45 125.45 12 547 -223.02 140.14
-0.561450 0.288126 2.731264
127 135 114
2 9 983 -11.35 31.68 11 926 -104.51 20.93
-0.552663 0.314366 2.770569
145 152 137
2 10 731 24.72 129.60 11 520 -103.50 109.90
-0.549858 0.314232 2.767444
86 98 54
2 10 735 39.23 127.53 11 544 -90.54 105.58
-0.532009 0.295213 2.792012
76 86 50
3 10 878 71.66 -11.32 11 898 -62.71 -5.35 13 857 -65.69 69.30
-0.551189 0.322144 2.774619
148 147 127
5 1 1258 -182.64 -158.63 3 625 -161.84 142.75 9 911 -2.99 179.78 10 864 32.85 170.82 11 752 -95.55 144.11
-0.551576 0.321917 2.774021
147 147 123
2 1 1351 -182.14 -160.62 11 819 -95.55 142.46
-0.520153 0.354473 2.782509
75 70 77
2 5 268 133.50 61.50 8 760 136.98 -132.02
-0.517858 0.335710 2.787063
138 134 133
2 14 108 98.50 95.50 11 24 89.50 205.50
-0.432821 0.223926 2.641384
139 139 141
2 14 462 99.54 -113.30 12 583 -35.82 14.86
-0.512034 0.288503 2.766595
140 145 148
2 14 652 43.79 -106.38 13 900 56.73 67.51
-0.506285 0.291601 2.789626
133 131 139
2 14 662 98.54 -161.12 13 906 121.23 -0.57
-0.558948 0.331119 2.776332
61 66 69
2 16 1197 -83.11 -81.91 11 494 -119.34 186.22
-0.560054 0.337091 2.773263
55 66 74
2 16 1320 -83.11 -49.15 11 652 -113.87 206.67
-0.531699 0.311803 2.835800
137 136 142
2 0 431 75.30 -172.10 13 408 16.50 -126.50
-0.521126 0.302678 2.802682
129 136 146
3 3 251 86.10 -103.70 13 90 78.50 68.50 2 140 84.90 7.90
-0.519906 0.299092 2.801164
134 138 150
3 3 359 73.62 -104.66 12 118 -88.50 24.50 2 213 72.18 7.66
-0.519701 0.304108 2.805360
63 63 74
3 3 380 116.82 -113.30 13 351 102.90 60.70 2 223 115.38 -0.98
-0.552256 0.299123 2.798512
123 132 117
2 3 383 -230.22 -169.46 13 328 -144.30 72.70
-0.550615 0.322155 2.776037
136 138 122
2 3 537 -162.74 144.94 11 525 -94.86 144.46
-0.521369 0.297421 2.801158
103 107 118
3 3 612 59.72 -115.83 12 797 -97.62 17.62 2 406 59.72 -2.36
-0.519887 0.308767 2.797223
124 123 129
2 9 149 147.50 -14.50 10 172 187.50 -22.50
-0.512552 0.308905 2.800572
123 119 118
2 9 174 185.50 -48.50 10 181 224.50 -56.50
-0.517338 0.310655 2.796217
83 87 91
2 9 399 171.30 -6.50 10 409 210.90 -13.70
-0.507365 0.307749 2.804129
142 131 154
2 9 424 189.30 -77.30 10 437 228.90 -85.70
-0.519632 0.308945 2.797262
111 110 116
2 9 563 149.94 -13.94 10 568 190.26 -22.58
-0.549579 0.322287 2.773495
125 130 98
2 9 732 10.20 175.22 11 673 -84.49 142.73
-0.521052 0.309073 2.796194
79 78 83
2 9 790 140.84 -5.18 10 838 180.65 -11.82
-0.512956 0.309052 2.799724
98 98 76
2 9 951 185.13 -44.17 10 885 223.95 -50.14
-0.514309 0.308388 2.801547
137 138 143
2 9 952 176.17 -50.14 10 886 217.98 -62.08
-0.513139 0.309531 2.800153
95 94 74
2 9 996 185.73 -39.99 10 925 225.14 -50.74
-0.512501 0.307330 2.802920
135 132 133
2 9 1001 178.56 -68.65 10 887 217.98 -77.01
-0.546579 0.322565 2.777606
135 134 109
2 10 720 57.90 173.14 11 670 -77.58 147.92
-0.545160 0.320688 2.778614
143 150 118
2 10 810 63.70 159.87 11 821 -78.13 139.97
-0.517221 0.300271 2.804928
149 153 163
2 11 164 75.50 -7.50 12 135 -65.50 23.50
-0.513532 0.299786 2.789475
97 99 110
2 11 178 77.50 -2.50 13 339 96.90 70.30
-0.523080 0.306717 2.824993
158 151 157
2 11 330 90.90 175.90 13 140 136.50 -50.50
-0.532176 0.297991 2.793314
94 104 77
2 11 385 -57.90 12.70 13 516 -60.30 89.74
-0.516361 0.300861 2.803554
67 72 76
2 11 563 80.82 -0.98 12 575 -60.30 29.26
-0.512642 0.299906 2.788996
128 133 137
2 11 780 82.78 -3.11 13 794 101.03 70.29
-0.514907 0.299475 2.790086
131 135 140
2 11 847 71.17 -1.87 13 858 86.59 69.30
-0.513951 0.299840 2.790188
77 79 91
2 11 848 76.14 -1.87 13 859 95.55 69.30
-0.507592 0.298148 2.789134
72 75 63
2 11 852 106.00 -21.77 13 902 128.40 46.01
-0.501104 0.287554 2.780308
139 142 149
2 11 854 103.51 -66.56 13 811 125.91 0.62
-0.501334 0.287296 2.781399
139 139 143
2 11 857 103.51 -69.05 13 813 125.91 -4.36
-0.513811 0.299735 2.789426
112 115 123
2 11 902 74.65 -2.36 13 899 96.15 71.09
-0.509525 0.298319 2.788670
134 142 145
2 11 904 95.55 -17.29 13 901 117.65 53.17
-0.541617 0.296819 2.778019
100 111 68
2 14 160 -78.50 -72.50 13 319 -86.70 101.50
-0.545812 0.298817 2.783833
77 87 51
2 14 339 -98.70 -74.90 13 510 -110.70 96.94
-0.551293 0.322545 2.773052
130 141 100
2 0 821 -23.39 169.83 12 667 -229.64 172.11
-0.519986 0.297066 2.799311
78 82 95
2 3 109 57.50 -102.50 2 54 57.50 11.50
-0.520542 0.300116 2.801484
119 123 136
2 3 110 74.50 -103.50 2 58 73.50 8.50
-0.519872 0.296468 2.799835
83 87 100
2 3 112 58.50 -107.50 2 59 57.50 5.50
-0.519044 0.295696 2.800283
134 137 152
2 3 115 61.50 -111.50 2 60 61.50 0.50
-0.519168 0.295899 2.800956
101 104 112
2 3 119 64.50 -115.50 2 81 63.50 -2.50
-0.519288 0.297072 2.801622
85 89 97
2 3 120 70.50 -115.50 2 82 69.50 -2.50
-0.521845 0.305101 2.804774
112 114 127
2 3 131 108.50 -106.50 2 73 107.50 4.50
-0.520272 0.299855 2.802594
112 115 127
2 3 135 80.50 -112.50 2 75 78.50 0.50
-0.520354 0.301844 2.804017
72 75 88
2 3 137 95.50 -113.50 2 87 94.50 -2.50
-0.521615 0.305224 2.805668
53 53 65
2 3 139 116.50 -113.50 2 89 115.50 -2.50
-0.522025 0.306109 2.806075
98 98 110
2 3 140 122.50 -113.50 2 90 121.50 -2.50
-0.519757 0.298421 2.802365
94 97 105
2 3 142 76.50 -115.50 2 85 74.50 -3.50
-0.516300 0.299176 2.810576
127 133 139
2 3 149 138.50 -163.50 2 94 135.50 -52.50
-0.520286 0.297641 2.800005
124 127 142
2 3 252 60.90 -104.90 2 137 59.70 9.10
-0.519034 0.295539 2.800231
135 138 153
2 3 259 60.90 -112.10 2 145 60.90 0.70
-0.519811 0.298521 2.801857
132 137 146
2 3 260 74.10 -112.10 2 146 72.90 0.70
-0.519464 0.296439 2.800866
74 81 91
2 3 263 64.50 -113.30 2 148 63.30 -0.50
-0.520884 0.303211 2.804625
60 64 76
2 3 265 102.90 -113.30 2 150 101.70 -1.70
-0.521315 0.304356 2.805186
44 47 62
2 3 266 110.10 -113.30 2 151 108.90 -1.70
-0.519659 0.295207 2.800461
104 108 119
2 3 268 58.50 -115.70 2 152 56.10 -2.90
-0.519985 0.296551 2.799578
76 79 94
2 3 448 57.20 -106.10 2 212 56.34 7.66
-0.519494 0.298660 2.802627
129 131 143
2 3 462 79.67 -116.47 2 342 78.63 -3.11
-0.522046 0.305920 2.806020
68 74 85
2 3 465 121.14 -114.74 2 293 119.41 -2.42
-0.517471 0.300264 2.810520
119 126 132
2 3 469 140.15 -163.12 2 348 134.62 -52.88
-0.522106 0.304551 2.803642
107 109 122
2 3 526 97.29 -100.57 2 326 95.22 11.40
-0.522784 0.306335 2.804649
55 57 70
2 3 527 109.74 -100.57 2 327 107.66 11.40
-0.520405 0.301462 2.802830
136 138 150
2 3 530 86.93 -106.79 2 333 86.93 5.18
-0.522808 0.306587 2.806063
124 122 134
2 3 531 122.18 -113.01 2 340 118.03 -1.04
-0.522123 0.305740 2.805825
82 82 94
2 3 568 118.44 -113.84 2 380 115.96 -1.87
-0.522313 0.304513 2.803524
63 63 73
2 3 605 95.55 -100.90 2 402 92.57 12.57
-0.521959 0.305397 2.804501
80 82 95
2 3 608 107.50 -103.89 2 404 107.50 9.58
-0.521659 0.305548 2.805640
119 120 133
2 3 648 117.65 -111.65 2 427 117.65 -0.57
-0.544668 0.314566 2.775432
122 133 100
2 9 862 21.40 127.53 12 779 -209.60 135.82
-0.544267 0.331607 2.776495
121 109 101
2 10 319 84.90 216.70 12 517 -195.66 216.46
-0.541979 0.332724 2.776153
69 57 56
2 10 320 99.30 216.70 12 9 -184.50 219.50
-0.543476 0.299857 2.792067
131 136 136
2 10 389 27.30 23.50 12 90 -232.50 45.50
-0.547821 0.295945 2.792697
73 82 63
2 10 539 -2.70 10.54 12 693 -250.38 28.68
-0.518384 0.299956 2.801458
108 114 117
2 11 148 60.50 -1.50 2 210 86.58 11.98
-0.521081 0.284911 2.814631
106 110 109
2 11 221 -1.50 -194.50 13 220 8.50 -139.50
-0.522586 0.297785 2.826191
107 110 114
2 11 269 32.50 -196.50 13 226 45.50 -142.50
-0.517273 0.320721 2.801477
125 126 138
2 11 512 96.66 166.06 13 36 127.50 167.50
-0.550162 0.317696 2.774350
139 147 124
2 11 530 -96.30 124.30 12 339 -229.50 150.70
-0.548197 0.318030 2.773440
98 107 82
2 11 531 -86.22 124.30 12 539 -220.14 151.66
-0.522341 0.297466 2.825733
127 128 129
2 11 617 36.18 -192.50 13 584 49.14 -137.78
-0.552922 0.318154 2.773481
135 142 124
2 11 761 -105.92 125.45 12 772 -238.63 152.41
-0.551817 0.317599 2.773593
102 113 70
2 11 762 -101.77 123.38 12 854 -234.90 149.92
-0.551906 0.317846 2.776553
121 130 105
2 11 826 -107.99 127.53 12 852 -239.87 152.41
-0.568534 0.275160 2.738260
102 112 88
2 11 899 -125.41 -8.34 13 892 -140.34 67.51
-0.551691 0.314282 2.773708
122 131 106
2 11 917 -104.51 110.51 12 909 -235.89 134.99
-0.516051 0.300034 2.802067
63 67 71
2 12 133 -64.50 28.50 2 219 108.18 10.54
-0.532052 0.291815 2.826023
109 106 101
2 12 207 -190.50 -166.50 13 390 -61.50 -149.30
-0.539381 0.300545 2.794200
102 109 72
2 12 370 -211.50 46.30 13 641 -86.22 101.26
-0.526655 0.299261 2.829776
96 101 103
2 12 439 -128.70 -164.90 13 418 17.70 -148.10
-0.530442 0.294406 2.827020
115 111 110
2 12 442 -177.90 -166.10 13 559 -44.46 -147.86
-0.523892 0.305511 2.832885
104 108 109
2 12 451 -51.90 -156.50 13 696 109.04 -137.20
-0.516836 0.299008 2.802998
58 62 65
2 12 578 -68.94 20.62 2 339 101.44 -1.04
-0.529475 0.295638 2.827605
124 125 122
2 12 625 -168.30 -165.14 13 669 -30.92 -149.30
-0.521543 0.297954 2.801942
108 113 111
2 12 699 -96.59 18.32 2 377 58.72 -1.87
-0.526950 0.299285 2.829259
73 77 79
2 12 733 -132.88 -157.94 13 744 10.20 -137.90
-0.527959 0.297024 2.829277
98 94 91
2 12 756 -148.43 -175.22 13 776 -6.39 -156.56
-0.524335 0.303486 2.832446
137 140 141
2 12 759 -75.85 -168.31 13 781 82.78 -148.26
-0.520436 0.299199 2.801717
116 119 123
2 12 791 -89.33 25.92 2 372 71.17 5.60
-0.524145 0.304447 2.832432
115 120 115
2 12 836 -68.59 -156.56 13 752 91.07 -137.90
-0.523906 0.305087 2.833094
71 75 74
2 12 842 -52.01 -169.00 13 783 111.81 -150.34
-0.526764 0.299547 2.829470
79 82 86
2 12 897 -130.39 -158.63 13 887 14.93 -139.72
-0.546957 0.293175 2.792181
89 90 58
2 12 915 -241.86 12.57 13 898 -129.59 60.34
-0.529910 0.295091 2.827680
112 113 107
2 12 943 -173.19 -169.58 13 915 -36.43 -151.07
-0.526439 0.300254 2.829309
83 85 79
2 12 949 -125.41 -148.68 13 885 20.90 -127.78
-0.542023 0.302830 2.796043
110 119 87
2 13 42 -111.50 101.50 2 43 -159.50 61.50
-0.542202 0.303173 2.796207
122 130 105
2 13 316 -115.50 103.90 2 120 -162.30 63.10
-0.521338 0.302477 2.803358
135 137 149
2 13 528 77.94 63.82 2 278 84.85 2.76
